-9.123789019421080617e-04
-1.027251396759608750e-03
-1.086222826785143356e-03
-9.420815389193208395e-04
-1.163744036399411890e-03
-8.352133642449193970e-04
-1.334567542071517709e-03
-1.060452870002991229e-03
-1.084899584916569669e-03
-1.042177372695168381e-03
-9.932472473909443721e-04
-6.426442312545671944e-04
-8.483688475342248281e-04
-8.053049847660547931e-04
-9.568685669507432301e-04
-9.749529494903271410e-04
-8.306413471002118722e-04
-9.615142448975955939e-04
-9.119812770842742212e-04
-9.678520364803115585e-04
-1.650026752439802272e-03
-1.294787942756974418e-03
-8.707019859882881782e-04
-7.504423640166191841e-04
-4.077309342307617896e-04
-1.293775244004057240e-03
-9.829123675089040165e-04
-9.780963329842438242e-04
-5.480664819341147338e-04
-7.991052436854764610e-04
-1.144912038377317049e-03
-8.230498514264542563e-04
-1.048380982512257765e-03
-1.237454270606659938e-03
-8.421856433727649633e-04
-8.596033946755229655e-04
-7.619961168403651015e-04
-1.121148882946392629e-03
-1.326000346478647344e-03
-1.222156390653168735e-03
-6.816846253619805165e-04
-1.017759155474653792e-03
-1.142016848434677370e-03
-9.605444508143315277e-04
-1.305631969785903731e-03
-1.551948736505194765e-03
-1.096666166820966159e-03
-1.095053575243867643e-03
-6.748786512148922988e-04
-6.693573407315165508e-04
-9.358372730239139341e-04
-1.365477765352651838e-03
-1.067432562664010756e-03
-1.207090152909892937e-03
-1.516071964534014202e-03
-1.251032562129848324e-03
-1.524274589440665706e-03
-9.780154492369014154e-04
-9.703911877390912271e-04
-8.262882884704569409e-04
-1.010498686392501512e-03
-1.038203588294406591e-03
-1.177787980670057981e-03
-1.089096854072745370e-03
-1.048606210403129051e-03
-1.094212948302845543e-03
-1.025629602853114124e-03
-8.634060384592034260e-04
-1.461228711376104687e-03
-1.221964581029527088e-03
-9.907091064875366612e-04
-8.915399054008547701e-04
-8.938595905700125925e-04
-9.453464722983909467e-04
-1.235884578996812762e-03
-8.725691671117941431e-04
-8.727080298871866182e-04
-1.102217842318262836e-03
-1.145775766102621798e-03
-4.846201702593631454e-04
-7.565328805313026837e-04
-1.088992832823322239e-03
-9.459477285392334320e-04
-8.896074428269198225e-04
-9.952885544219447576e-04
-7.949879536200905915e-04
-1.070757812374258881e-03
-1.302728242234077590e-03
-1.099616162975196147e-03
-1.101532060396405444e-03
-1.193879517386225997e-03
-1.266258754650663931e-03
-1.400520780556795131e-03
-9.805578160949892860e-04
-7.779598980479798895e-04
-4.396443984635294727e-04
-6.639183965273967418e-04
-7.129780581343086359e-04
-1.133153514451138181e-03
-1.244079815194989568e-03
-1.222331144763327089e-03
-1.447598207871396772e-03
-1.680144611683398979e-03
-1.603460680132721538e-03
-1.093693501998388136e-03
-9.364654100756324541e-04
-9.358993086311527716e-04
-9.136461994359125005e-04
-8.641819539849598204e-04
-8.106282053966007472e-04
-8.739896425873664929e-04
-9.557492260614162093e-04
-1.273376168727809827e-03
-1.190247306931928838e-03
-1.161554700148993658e-03
-1.203841906103117433e-03
-9.263112765545725115e-04
-1.224064795028142246e-03
-9.520048939695193975e-04
-6.828584368578515971e-04
-8.070498314855412310e-04
-6.808978426122167318e-04
-1.200616336351950685e-03
-9.154450221747469302e-04
-9.633461296320063169e-04
-1.687872013469530162e-03
-1.333109828781959801e-03
-8.105292412880730091e-04
-1.144025724617647689e-03
-1.050403841297551689e-03
-1.311907785631056481e-03
-6.976347109086302855e-04
-7.403113937389032510e-04
-1.013448522754698379e-03
-6.001280431503496242e-04
-8.022758875983167573e-04
-8.890849072848139561e-04
-1.080343151782331163e-03
-1.024336221467932358e-03
-1.305027299938029978e-03
-1.560425769870463436e-03
-1.004765893177329969e-03
-1.129377142857038033e-03
-7.067331344008122816e-04
-8.525611304652543207e-04
-8.817616589005271331e-04
-9.039406588600203563e-04
-1.512448742691945057e-03
-5.563817719913022623e-04
-1.078836358847772795e-03
-1.328108293513151220e-03
-1.167293048038117341e-03
-1.232154974336152620e-03
-1.203967368192900012e-03
-1.129602622106560227e-03
-4.237314532014741777e-04
-8.951282491948016470e-04
-1.032265629803274729e-03
-9.484055383250874528e-04
-6.779262238601958162e-04
-1.017267165075644861e-03
-1.032003711964466202e-03
-1.303205744416798591e-03
-1.080415541459730936e-03
-1.409606271105886969e-03
-8.479187054471012562e-04
-1.312704504619021306e-03
-1.031910482813461986e-03
-8.302341758945043721e-04
-9.677756854359145528e-04
-8.231038069363230420e-04
-1.351757100105778356e-03
-9.285498837072582792e-04
-1.086618121094880133e-03
-9.963492018969202953e-04
-9.744921472225003380e-04
-1.031025752317659859e-03
-1.077243158800930386e-03
-1.043306699046191730e-03
-1.030661264511647168e-03
-7.791928466102850809e-04
-9.018728212701506959e-04
-1.274213261000790593e-03
-1.297443282368485702e-03
-1.077047722500067617e-03
-9.097646616001725138e-04
-1.339123949298938075e-03
-1.731947808184992194e-03
-1.692666346659186171e-03
-1.134572523086418505e-03
-9.188790576101590977e-04
-8.690943321163257032e-04
-9.001748723952449158e-04
-8.191775352382293148e-04
-1.072194164448092134e-03
-1.213568180266464671e-03
-7.092801128797017463e-04
-9.852525433350248045e-04
-1.314641695666445313e-03
-5.802316617522237192e-04
-1.153539099454771542e-03
-1.201108880220241090e-03
-1.051762396585832456e-03
-4.855003968380709593e-04
-8.321525604270218037e-04
-8.274414454959673135e-04
-1.030499282133431243e-03
-8.897118051819930809e-04
-9.067323816602486982e-04
-1.155392774963256639e-03
-1.134178367720763570e-03
-9.562865372682213252e-04
-1.041729167050372152e-03
-1.345528707294287073e-03
-1.019012953899947442e-03
-8.642051720775764147e-04
-8.444986259782756750e-04
-1.021289533183237673e-03
-1.044894036933318154e-03
-1.006699624122942135e-03
-9.848545626088111692e-04
-1.450529556655919807e-03
-1.298029877560084519e-03
-8.830186171642278800e-04
-1.291557069978112532e-03
-9.598270263566991692e-04
-1.127935774152479583e-03
-9.555962722415444833e-04
-9.396878300859274344e-04
-1.219797088547059554e-03
-1.094159778042614424e-03
-1.001278118840065370e-03
-6.717742451581525500e-04
-1.061264525142776400e-03
-1.039368837711254680e-03
-1.320845499962204194e-03
-1.015824148438332830e-03
-1.179574464149839297e-03
-5.129396288884097892e-04
-1.193457161930568762e-03
-9.207795973978494383e-04
-1.081372457482806561e-03
-1.139352229981015294e-03
-8.753056295314495892e-04
-8.188748578390143756e-04
-5.436546844651108604e-04
-1.504337287841633463e-03
-1.330880931726191856e-03
-1.427505241123436458e-03
-1.290836406858185013e-03
-1.178064523294121944e-03
-8.890974992153016267e-04
-8.262549796248730904e-04
-8.180515961667059318e-04
-9.242060946924467082e-04
-1.135119875898908063e-03
-1.201768831232566913e-03
-6.566872901947023436e-04
-1.396580572129698999e-03
-1.256022733261129634e-03
-9.307700609892204362e-04
-1.374185152563501969e-03
-1.115364033846712958e-03
-9.004013826252978744e-04
-1.008086276369405711e-03
-9.707378081723757549e-04
-1.099252681152953050e-03
-1.249820903643573391e-03
-6.037303377938070537e-04
-1.362800411876042552e-03
-9.378034532762067905e-04
-1.731590181584248154e-03
-1.407260748597528388e-03
-1.308756196415341785e-03
-6.725893708479362566e-04
-9.563206025366727692e-04
-8.689200172390268515e-04
-9.661012091070279428e-04
-1.486545782216101060e-03
-1.190628831213731741e-03
-1.092376852027587527e-03
-1.029607908471089246e-03
-1.057565023860699768e-03
-7.941071170344174814e-04
-1.598167037902455427e-03
-1.335281814634617153e-03
-1.172741621519165492e-03
-1.025569856379020695e-03
-8.604167588319614835e-04
-9.669211452963087650e-04
-6.832254857814920503e-04
-9.616226341241929099e-04
-1.114814502317180685e-03
-1.611255825500731379e-03
0.000000000000000000e+00
0.000000000000000000e+00
-1.005955066032882287e-03
-1.347377739103295139e-03
-1.239444415428167263e-03
-1.065516923368267340e-03
-9.262313994605565542e-04
-7.170000702074268671e-04
-1.275293691528589643e-03
-1.403316475318780151e-03
-1.248617436344438489e-03
-1.534027459171926917e-03
-1.395859943897795807e-03
-1.283474983899538608e-03
-1.537393852627733136e-03
-9.653380536319688130e-04
-9.601671509834652568e-04
-7.212868345775711332e-04
-6.639916190365955902e-04
-1.157615971337991670e-03
-1.194842059101099011e-03
-1.220799969644165150e-03
-8.387721873683267985e-04
-1.123559945794838167e-03
-1.298501315749779703e-03
-9.939791954140491780e-04
-1.179543600301671130e-03
-1.108167445627056703e-03
-7.806611791662502889e-04
-9.884157841904071384e-04
-8.929266636286170610e-04
-9.800437090716480719e-04
-1.190675039885776736e-03
-5.832682226277257839e-04
-8.163512107257577975e-04
-1.311281796561486555e-03
-8.401056722205490351e-04
-1.366450030266220909e-03
-1.153398329354419312e-03
-1.368916522601667206e-03
-9.167289462652271001e-04
-8.184925544504870242e-04
-9.429960452241309540e-04
-1.143952603584321792e-03
-8.196012167993581852e-04
-1.075397607069797064e-03
-1.458011424795770550e-03
-7.149171389635420888e-04
-1.277993341472284531e-03
-1.386366847787609199e-03
-1.366421284079158676e-03
-1.102694859363018880e-03
-1.067566010259411204e-03
-9.011017390049381537e-04
-8.420137132823195649e-04
-9.100354041517433323e-04
-1.168137460689779592e-03
-1.582826557047753262e-03
-1.573729243670420703e-03
-1.170135365772506349e-03
-9.851267538784195567e-04
-1.127745416709778755e-03
-1.458749679956526484e-03
-1.241918153503798056e-03
-8.047541829990714898e-04
-1.034660019352335453e-03
-7.995432894534350689e-04
-7.848826399264322495e-04
-1.001418149251314879e-03
-9.281853952935196963e-04
-1.091678679910705000e-03
-1.166024534500285492e-03
-1.306006487506944933e-03
-1.544608883687967902e-03
-1.007625134706720878e-03
-1.164500487984877286e-03
-1.086762219422739758e-03
-7.149568094112213057e-04
-6.259799521604836282e-04
-9.000938932230210772e-04
-8.666372813813766037e-04
-1.569243455501793949e-03
-1.443069633131972580e-03
-1.270915408102522761e-03
-8.207700796624309118e-04
-1.288643366893900801e-03
-1.608984239853799734e-03
-9.962949860698108728e-04
-8.390842774340949353e-04
-8.458596367137059769e-04
-8.183615117023013879e-04
-7.843388790008274042e-04
-1.129702588095791473e-03
-1.102501364313278418e-03
-1.376999038042586720e-03
-1.104648936889566320e-03
-6.583629038657458224e-04
-8.427699678279858796e-04
-9.555549604213416917e-04
-1.450720744296232247e-03
-1.064814225040683219e-03
-1.028181816637807264e-03
-9.656711764246620746e-04
-1.146059908306916279e-03
-1.115149962049185499e-03
-9.577031663257509850e-04
-7.144155839743563221e-04
-1.448655189782730628e-03
-8.959961018802522050e-04
-1.208040480782999635e-03
-1.430116431961648248e-03
-9.641025284721748681e-04
-1.113067697084793237e-03
-7.939140837535592658e-04
-9.702898442026627922e-04
-1.087545859688960736e-03
-8.836513340443242657e-04
-1.281337239938645789e-03
-1.167690434207214979e-03
-9.337348971336556416e-04
-1.445726542287232956e-03
-8.833418368395316422e-04
-9.874774465075963643e-04
-8.902870591277981666e-04
-1.008810130791157160e-03
-7.502499533885355777e-04
-5.485430571733419846e-04
-7.026540246013199351e-04
-1.259830452797205957e-03
-1.208878603718357243e-03
-1.375439535680401297e-03
-1.401427016739425829e-03
-1.255045471662682641e-03
-9.864201934704720700e-04
-1.305103347419984440e-03
-7.568081732808511295e-04
-1.081384175904617382e-03
-7.717956428885887517e-04
-5.770200528455478447e-04
-1.083867711518136804e-03
-9.652101092448732217e-04
-9.537472672794087983e-04
-7.927491291930714246e-04
-1.435655885995854681e-03
-9.054301909265079305e-04
-1.297296314228181102e-03
-9.696486360336459276e-04
-1.355203244247765162e-03
-1.033541318815095001e-03
-1.207056855609191324e-03
-8.387234990104641208e-04
-6.007286559178487070e-04
-1.000685351913579513e-03
-1.056838369455883903e-03
-1.222064502004625939e-03
-1.219318812898380171e-03
-1.298720876107258958e-03
-1.719978147843147058e-03
-7.028501921420221088e-04
-1.247485231738094209e-03
-9.430011106406018841e-04
-1.120633226056553253e-03
-8.223128769059724879e-04
-9.790396073309645068e-04
-1.001798494117423118e-03
-9.687625251280337956e-04
-1.297999275486237105e-03
-1.221443016381821471e-03
-1.435302729920537269e-03
-1.410992910005022961e-03
-1.061410566676921794e-03
-1.338941039602984046e-03
-1.050173482273490623e-03
-8.135416598830137735e-04
-6.857387236558060411e-04
-1.174230212346810123e-03
-1.119067808917561689e-03
-1.133374426765906828e-03
-3.236207211380146952e-04
-9.704319159076363072e-04
-1.492989194333708535e-03
-9.046229904202230483e-04
-1.244131050780275917e-03
-1.109041849961657977e-03
-1.018007847548992170e-03
-9.963033272535482942e-04
