-1.076794535917330320e-03
-8.894231030480046710e-04
-1.267233934429222572e-03
-9.132759761674209440e-04
-1.503195322017457976e-03
-8.298940904845199078e-04
-1.257922402244944461e-03
-1.318399489004953113e-03
-1.454167149538494134e-03
-1.717158568460564957e-03
-1.133982493571845680e-03
-3.614817869087294522e-04
-9.733099732950114278e-04
-1.237345626762367855e-03
-1.031868928131553622e-03
-1.001843826234624212e-03
-1.223489248345840767e-03
-1.352149068578989465e-03
-1.419494987551950032e-03
-1.023942910914600601e-03
-1.241766436355670831e-03
-9.335032092618975475e-04
-8.877410080096924611e-04
-1.122425304668657952e-03
-1.051692461912711110e-03
-1.054466409408791588e-03
-1.008103723914872268e-03
-1.101629318305570072e-03
-1.044018044261279393e-03
-1.426665224709345019e-03
-1.227454312234460511e-03
-1.151009856401829807e-03
-1.222501588354273040e-03
-1.176811514649514457e-03
-7.573550150022204152e-04
-9.111837428840155679e-04
-7.449980992445183903e-04
-7.688084427667255753e-04
-8.583378956861747837e-04
-1.175166560088358129e-03
-1.038403381285323652e-03
-1.195459637353166399e-03
-1.101631211368930222e-03
-1.279304971156005645e-03
-1.252372422132352805e-03
-1.224282525466348966e-03
-7.939887819172073346e-04
-9.961289877245813659e-04
-5.664348263608112591e-04
-8.030617876049069535e-04
-8.526504099196435208e-04
-8.640501209038041084e-04
-1.253165199476440452e-03
-1.411825970414031265e-03
-1.302301639381770034e-03
-1.427969677718092219e-03
-1.429797448600725806e-03
-6.768465997166846692e-04
-7.058005845850090065e-04
-5.599435752774893030e-04
-8.484010434268711865e-04
-8.693009300930716133e-04
-9.117558920485284565e-04
-8.887192217347938831e-04
-9.638453356189207420e-04
-1.547873373335966699e-03
-1.246251911727165205e-03
-9.668660325376373342e-04
-1.343466864530324691e-03
-1.214503687970916153e-03
-1.127121678398188345e-03
-5.999237518147991456e-04
-6.693607918541467352e-04
-1.230409922737956806e-03
-7.425134781258066171e-04
-3.563602089081765209e-04
-1.146334482892089101e-03
-7.972676945836415204e-04
-1.021633266639398801e-03
-1.258610312544339001e-03
-8.399093623877315964e-04
-7.219039537970187723e-04
-1.436256784643112757e-03
-1.105316936581881779e-03
-9.469176282678441357e-04
-7.504198596575986863e-04
-1.097300113473993494e-03
-9.838269829400339821e-04
-8.280855568895929223e-04
-1.456105097469750443e-03
-1.439585248971104537e-03
-8.733071001147107168e-04
-1.572405066131837229e-03
-1.392635784303177665e-03
-1.053283773911381288e-03
-6.439508554637197318e-04
-6.656164081899907650e-04
-1.000839118451047911e-03
-6.403545317006528953e-04
-1.520270307830894453e-03
-1.060979841242800335e-03
-1.136244673362934868e-03
-1.052773809480656670e-03
-8.928282359715353049e-04
-1.043599513754254072e-03
-1.069092221176820134e-03
-1.248957569516082706e-03
-1.176426201802381827e-03
-7.433105518260289465e-04
-1.127143310611323709e-03
-7.656219128716399000e-04
-1.115694866228285689e-03
-1.298454162206656628e-03
-5.923114875671566665e-04
-1.217794024159119491e-03
-1.165518309306777826e-03
-1.404008871423908502e-03
-1.435103014475627150e-03
-1.030103077449636643e-03
-7.329883625446074634e-04
-8.209063672776379262e-04
-8.595667586216237206e-04
-8.421897461275868217e-04
-1.471896984900869509e-03
-1.310436090104421646e-03
-1.350575815046175208e-03
-1.241649547436259786e-03
-1.315256653311382530e-03
-1.120455974245737488e-03
-6.640333323842063842e-04
-1.178037227350823765e-03
-9.280177647262677181e-04
-9.187274151336976419e-04
-9.937757290267564079e-04
-9.637947865644627818e-04
-9.090855787064227493e-04
-8.332944930711834322e-04
-1.111847203601606070e-03
-1.215821717816750660e-03
-1.846001519383847021e-03
-1.364904449417041893e-03
-1.157305524490700619e-03
-1.011124581505174272e-03
-9.708856946362643065e-04
-7.767627390964983733e-04
-8.121837837101285448e-04
-1.489796917466559368e-03
-1.509315554228171175e-03
-1.448659841303855935e-03
-1.127795149798065891e-03
-1.266791436037672299e-03
-1.088657788286772265e-03
-1.267397796066842839e-03
-1.132244499099079255e-03
-1.226474994067712227e-03
-1.294835776462084122e-03
-9.695870896439808765e-04
-1.014998520904324478e-03
-1.126556941707892133e-03
-1.209963186000076766e-03
-1.219658282863327796e-03
-1.553841373467345190e-03
-8.878212592385393903e-04
-1.071456586151576205e-03
-1.005150662636633292e-03
-9.788329334195679937e-04
-1.412417745647324063e-03
-9.571412891435595758e-04
-7.496252929895427493e-04
-1.224098765102164636e-03
-9.556648465306221340e-04
-6.387767453615736477e-04
-1.081265743070123318e-03
-5.366921963658625528e-04
-1.311767648020078277e-03
-9.632892422357436021e-04
-1.027076307367144788e-03
-8.322826457999301861e-04
-1.332659263582715910e-03
-7.291778334329568866e-04
-1.143760188908562146e-03
-8.676524876058134801e-04
-1.058281890487251971e-03
-9.180047431048488559e-04
-8.852222302582369185e-04
-8.084777024328300464e-04
-8.819056444095269270e-04
-8.213314756908869771e-04
-1.145355465276327043e-03
-6.795936891849382140e-04
-1.303243127947319125e-03
-8.352613592768389763e-04
-9.623889585237335861e-04
-9.088641943617875195e-04
-1.097977639663326845e-03
-7.686051170750006316e-04
-1.587765215437626602e-03
-1.234683016476502545e-03
-1.121419266031401570e-03
-9.849011194990812523e-04
-1.316953842872837328e-03
-1.187712256404623501e-03
-8.829918724530607136e-04
-7.011473097907370633e-04
-7.947906741510084262e-04
-9.149423579775475303e-04
-7.431327244846864079e-04
-1.189007420808493908e-03
-1.258202106607359374e-03
-1.506098965925573669e-03
-1.147748844764240632e-03
-7.511188133866831488e-04
-1.361874082862145644e-03
-9.367339240562772744e-04
-8.188820567536312517e-04
-8.657869849881556085e-04
-7.198882246021102559e-04
-1.087108308789329217e-03
-1.116849528559941745e-03
-1.173221503315387097e-03
-9.098000333133526157e-04
-1.498212614987581110e-03
-9.682674360088625639e-04
-1.296016717671191450e-03
-1.283043003361535863e-03
-1.171942727781667215e-03
-1.270422852145522332e-03
-7.363050556522830531e-04
-1.112742019477129009e-03
-8.444461715083811720e-04
-1.243769952449264244e-03
-7.897594854652574157e-04
-9.685007234001531077e-04
-8.683808104722514623e-04
-1.014498273441572949e-03
-1.126306387696294001e-03
-9.159274632463205090e-04
-1.090811463813062734e-03
-1.080393382489545050e-03
-6.440067549347963443e-04
-8.644125050585379100e-04
-1.201953767022804608e-03
-1.081522907348426120e-03
-1.248316773057220200e-03
-1.177329813905580915e-03
-8.471356077916570096e-04
-1.152359764940432546e-03
-1.308451867265285383e-03
-8.459338577668172035e-04
-1.097593080396537307e-03
-1.229958243152267164e-03
-3.608858261810272625e-04
-4.483886970183030237e-04
-1.100461467616517834e-03
-9.606173993771365948e-04
-1.615479039129853397e-03
-6.028736550660208221e-04
-4.596233218344201034e-04
-1.392395834895870368e-03
-5.757684773343457090e-04
-1.078693137758934611e-03
-1.287368548047939385e-03
-1.170566846228665104e-03
-7.346776138945761104e-04
-6.089123524527773317e-04
-7.802278106017752467e-04
-7.443311060336831216e-04
-1.129456013219684715e-03
-1.003287489227890680e-03
-1.137109582472189268e-03
-1.405573757508334076e-03
-8.813076666006173805e-04
-1.080951845522836992e-03
-1.080614841539039766e-03
-9.144622371410564667e-04
-9.524671155848473845e-04
-8.923430428159375132e-04
-1.246594406796350252e-03
-6.968279038490876034e-04
-1.079156577078921710e-03
-1.485235214354483279e-03
-1.157391245976394437e-03
-1.206750838950993235e-03
-1.080543758507545617e-03
-1.255409870645555950e-03
-9.515687112727846692e-04
-1.094318714124419044e-03
-7.608723449542478942e-04
-8.797077963675574820e-04
-8.465476188825775752e-04
-7.361403876963788350e-04
-1.144810200248829683e-03
-1.040519593584639940e-03
-1.309882504876007164e-03
-1.175677206074360673e-03
-1.715138735647637374e-03
-1.024373929104367307e-03
-9.341420646768606572e-04
-6.241576735166282867e-04
-7.553083919327691163e-04
-8.529047441748314898e-04
-1.010322418684473289e-03
-9.813855912862358855e-04
-1.152134977178402185e-03
-1.130316070759636781e-03
-1.148066364212135164e-03
-1.059479201457682890e-03
-1.183317001739383296e-03
-1.560726720826926053e-03
-1.188759232210607033e-03
-1.176577304057475643e-03
-7.624065282448119112e-04
-5.481992054585823042e-04
-1.438352510686470923e-03
-1.048600105211427904e-03
-1.174108063329156685e-03
-8.561020078044789296e-04
-1.064113641401612156e-03
-1.743612224031224414e-03
-8.424294520065994749e-04
-1.299271206524597834e-03
-1.320962402675685942e-03
-8.468963546717517971e-04
-7.408699175587733299e-04
-9.595931560231730183e-04
-1.078015852203997350e-03
-9.396727797376665898e-04
-1.109618685514605300e-03
-1.122739472614028627e-03
-1.332221332828452919e-03
-1.278104267270050885e-03
-1.022937134331986528e-03
-9.424990470097354767e-04
-1.035760564651530546e-03
-1.326255578916329947e-03
-4.774031175877051941e-04
-7.444315186558853178e-04
-9.353913241518820292e-04
-1.234161265757339641e-03
-1.165070100763214867e-03
-1.203810351226677552e-03
-1.434446248848514956e-03
-1.024708317894730330e-03
-9.520414195699930483e-04
-1.256723987255922801e-03
-1.565230142606868725e-03
-8.556629657049062134e-04
-9.159373300278032858e-04
-7.615315892255563376e-04
-8.729934629585449487e-04
-1.053718510213244195e-03
-1.138634197814069075e-03
-1.287279900727337665e-03
-8.556032307917602964e-04
-1.128287774009928152e-03
-1.420737742013057593e-03
-9.198429394570358528e-04
-1.116013932633202772e-03
-1.089281903717108412e-03
-8.843359565979784379e-04
-8.647585386737709299e-04
-9.951594637754017803e-04
-8.125321216309617373e-04
-9.401223219503818769e-04
-9.121004157200356512e-04
-1.285193869192567976e-03
-8.947152218279072000e-04
-1.382123861477881728e-03
-1.623466516261716161e-03
-1.100979237905647633e-03
-6.577699664528873337e-04
-5.465660388596618648e-04
-6.785777078726513154e-04
-9.704519616121686865e-04
-1.120215833185151657e-03
-5.784336998873790053e-04
-1.199961676667856553e-03
-1.215329442209260114e-03
-1.180429635488573640e-03
-7.236371010330871264e-04
-1.229797185998408870e-03
-1.160409713576894888e-03
-9.796446372328652171e-04
-6.627893543469195363e-04
-1.021501610565513909e-03
-7.550796079593210955e-04
-1.175880542704977119e-03
-1.206280544720574749e-03
-8.727548924546684340e-04
-1.011039408263182194e-03
-1.215087655822455915e-03
-1.127587126349764192e-03
-1.390769123731087475e-03
-9.595109821777885427e-04
-1.095015977841730078e-03
-9.630371451290530103e-04
-6.748597393898452326e-04
-7.981616890688177698e-04
-1.257289161633268378e-03
-1.585155666370426921e-03
-1.061005673313608275e-03
-1.634234624462187289e-03
-1.363207043615041877e-03
-8.962337364474548540e-04
-1.309036199507196104e-03
-1.214163326788037477e-03
-1.387408871458049083e-03
-7.179347631501287446e-04
-8.980677343628990558e-04
-8.243629623495438369e-04
-1.329262654335287451e-03
-1.018146291674766526e-03
-8.075069949200702020e-04
-6.681055421664496485e-04
-8.735781296515287338e-04
-9.382884689189681209e-04
-1.031081974082423327e-03
-1.127112318426786016e-03
-8.180122444728124510e-04
-9.165150091343078013e-04
-9.892237699888550232e-04
-1.101764430194750784e-03
-8.968109136863761793e-04
-1.214190266740288902e-03
-1.399747949474567993e-03
-1.373689794292638593e-03
-9.276211493734559882e-04
-1.213968677889879812e-03
-7.302991810548266306e-04
-1.261386901340452119e-03
-8.290527583466800925e-04
-6.672332944708825059e-04
-7.062855122619456083e-04
-1.026242942551960869e-03
-7.216545859303209309e-04
-1.104649928885514162e-03
-9.043233677561744255e-04
-1.125987545520215323e-03
-7.067319348159162382e-04
-2.097248440279527262e-04
-8.719083204339649670e-04
-9.089806772064107279e-04
-1.003277678554872999e-03
-8.667392271205261048e-04
-8.339987588648119926e-04
-1.050334486328342387e-03
-9.473149010239447897e-04
-1.338419351115216959e-03
-8.886930043068697179e-04
-1.492424214378634427e-03
-1.255058460635229481e-03
-1.358792865118583918e-03
-9.797471245410421890e-04
-1.191011231113960284e-03
-9.323172547707010618e-04
-7.062619832655058199e-04
-1.108202150015233931e-03
-1.332508369669610287e-03
-9.923796777547427839e-04
-1.557196847880134433e-03
-1.163373020487777371e-03
-1.202409805173696366e-03
-1.599276174070482807e-03
-1.159564544108050797e-03
-9.225027240412831580e-04
-1.103075338785110444e-03
-7.962832646878589306e-04
-9.043705944493348522e-04
-7.611657996190045357e-04
-9.221853799771658963e-04
-9.356544927921389742e-04
-8.525424167285932265e-04
-3.993932374983146373e-04
-1.612863601123414254e-03
-7.379017663397096890e-04
-1.021063953536859286e-03
-1.270890050204350873e-03
-1.127640728021068626e-03
-1.223708780584776721e-03
-5.118918223511889848e-04
