8.895619964599609375e+01
8.859997558593750000e+01
8.675268554687500000e+01
8.490160369873046875e+01
6.924385070800781250e+01
8.212538909912109375e+01
8.476580810546875000e+01
8.255604553222656250e+01
7.403940582275390625e+01
7.048781585693359375e+01
5.565365600585937500e+01
4.929603576660156250e+01
5.427365112304687500e+01
5.659832382202148438e+01
5.046589279174804688e+01
5.473983764648437500e+01
4.999156188964843750e+01
7.745766448974609375e+01
8.202062988281250000e+01
7.970957183837890625e+01
6.716418457031250000e+01
7.204405975341796875e+01
8.144450378417968750e+01
7.433144378662109375e+01
8.971143341064453125e+01
8.619116973876953125e+01
8.841187286376953125e+01
8.270139312744140625e+01
7.630676269531250000e+01
8.576054382324218750e+01
8.900883483886718750e+01
8.506198883056640625e+01
6.751238250732421875e+01
8.090386962890625000e+01
8.749246978759765625e+01
8.473690795898437500e+01
7.859660339355468750e+01
8.909199523925781250e+01
8.937258911132812500e+01
8.751807403564453125e+01
8.378511810302734375e+01
8.480715179443359375e+01
8.827882385253906250e+01
8.754788970947265625e+01
8.957910156250000000e+01
9.017536926269531250e+01
8.864880371093750000e+01
8.149171447753906250e+01
8.756921386718750000e+01
8.899952697753906250e+01
8.744882202148437500e+01
8.570536804199218750e+01
9.073906707763671875e+01
9.246311187744140625e+01
9.221549224853515625e+01
8.834934234619140625e+01
8.789391326904296875e+01
8.764863586425781250e+01
8.804463958740234375e+01
8.770258331298828125e+01
8.687569427490234375e+01
8.762455749511718750e+01
8.793314361572265625e+01
8.454728698730468750e+01
8.906365966796875000e+01
9.093515777587890625e+01
8.866043090820312500e+01
8.872431945800781250e+01
8.851316833496093750e+01
8.786107635498046875e+01
8.724121093750000000e+01
8.829644775390625000e+01
8.470256042480468750e+01
8.671987915039062500e+01
8.436707305908203125e+01
8.308110046386718750e+01
7.612607574462890625e+01
8.638562774658203125e+01
8.693092346191406250e+01
8.002746582031250000e+01
7.152939605712890625e+01
8.515568542480468750e+01
8.625043487548828125e+01
8.469740295410156250e+01
7.685630798339843750e+01
8.115949249267578125e+01
8.447386932373046875e+01
8.266493225097656250e+01
8.322428894042968750e+01
8.322569274902343750e+01
8.409533691406250000e+01
7.715275573730468750e+01
8.163822174072265625e+01
7.724156951904296875e+01
6.401386260986328125e+01
6.455017089843750000e+01
2.014257240295410156e+01
3.446027755737304688e+01
3.771621704101562500e+01
2.729909515380859375e+01
4.047584533691406250e+01
3.829771423339843750e+01
2.942159843444824219e+01
2.771451950073242188e+01
2.664899444580078125e+01
3.450013351440429688e+01
3.480178833007812500e+01
3.765946960449218750e+01
4.680798721313476562e+01
5.704978179931640625e+01
6.913770294189453125e+01
6.352277755737304688e+01
8.668779754638671875e+01
8.803619384765625000e+01
8.717848968505859375e+01
7.649423980712890625e+01
2.844621467590332031e+01
4.208428573608398438e+01
4.253385543823242188e+01
4.219251632690429688e+01
5.237105178833007812e+01
6.408557891845703125e+01
6.077568435668945312e+01
4.734213256835937500e+01
5.246923828125000000e+01
5.976464080810546875e+01
7.132884979248046875e+01
8.139013671875000000e+01
7.201743316650390625e+01
8.071758270263671875e+01
7.387541961669921875e+01
5.677867889404296875e+01
1.727392196655273438e+01
2.549283218383789062e+01
3.563773345947265625e+01
4.248893737792968750e+01
7.133579730987548828e+00
8.001562118530273438e+00
1.256201648712158203e+01
2.338984870910644531e+01
1.007835865020751953e+01
2.141669273376464844e+01
3.049152374267578125e+01
5.015416717529296875e+01
1.424162101745605469e+01
1.249355792999267578e+01
1.235142135620117188e+01
3.342113876342773438e+01
1.947346115112304688e+01
2.357727622985839844e+01
2.708699607849121094e+01
3.124933242797851562e+01
5.751965332031250000e+01
6.629454040527343750e+01
5.219624328613281250e+01
5.718011093139648438e+01
5.495333099365234375e+01
4.567355346679687500e+01
3.191691780090332031e+01
4.073249816894531250e+01
1.464789867401123047e+01
1.453760337829589844e+01
2.124470520019531250e+01
3.890604400634765625e+01
2.444420814514160156e+01
2.963380050659179688e+01
3.814918899536132812e+01
4.546357727050781250e+01
1.790141296386718750e+01
3.059598731994628906e+01
3.672478866577148438e+01
4.069700622558593750e+01
1.041865348815917969e+01
9.094688415527343750e+00
1.695681762695312500e+01
3.448835754394531250e+01
1.972361373901367188e+01
2.309041786193847656e+01
3.136987495422363281e+01
4.635074615478515625e+01
3.233204650878906250e+01
4.082630157470703125e+01
4.333705520629882812e+01
4.064563369750976562e+01
4.325759887695312500e+01
5.611559295654296875e+01
5.589867782592773438e+01
5.803077316284179688e+01
4.480261993408203125e+01
4.424336624145507812e+01
6.338191604614257812e+01
5.400461196899414062e+01
5.002189636230468750e+01
6.086589431762695312e+01
5.874801254272460938e+01
5.950126266479492188e+01
7.987609863281250000e+01
9.288652038574218750e+01
9.080290985107421875e+01
8.510549163818359375e+01
7.964274597167968750e+01
8.951110839843750000e+01
9.129893493652343750e+01
8.763291168212890625e+01
8.295022583007812500e+01
8.688208770751953125e+01
8.942691040039062500e+01
8.511245727539062500e+01
8.643618011474609375e+01
8.748056030273437500e+01
8.813706970214843750e+01
8.718834686279296875e+01
5.691950988769531250e+01
4.887802886962890625e+01
4.821389007568359375e+01
4.856602478027343750e+01
6.899338531494140625e+01
6.508524322509765625e+01
7.832037353515625000e+01
7.771805572509765625e+01
6.433564758300781250e+01
7.015653991699218750e+01
5.708683013916015625e+01
5.466214752197265625e+01
3.408118057250976562e+01
3.423166656494140625e+01
4.106620788574218750e+01
5.134148025512695312e+01
1.522269725799560547e+01
2.727062225341796875e+01
3.458069992065429688e+01
3.114653968811035156e+01
3.267267227172851562e+01
4.997365188598632812e+01
4.601747512817382812e+01
4.459210205078125000e+01
2.713610267639160156e+01
4.046879959106445312e+01
4.245027923583984375e+01
4.738269424438476562e+01
8.114022827148437500e+01
8.855443572998046875e+01
8.943833923339843750e+01
8.598568725585937500e+01
7.296258544921875000e+01
4.604432296752929688e+01
2.684314155578613281e+01
3.457208251953125000e+01
1.626684570312500000e+01
2.170940971374511719e+01
2.623093986511230469e+01
3.838187026977539062e+01
1.342453670501708984e+01
1.128018569946289062e+01
2.253172302246093750e+01
3.640014648437500000e+01
2.895429420471191406e+01
3.862052154541015625e+01
5.123946762084960938e+01
5.060349655151367188e+01
5.545642852783203125e+01
5.925519180297851562e+01
6.271056747436523438e+01
4.346878433227539062e+01
6.268061447143554688e+01
4.280371475219726562e+01
4.690912246704101562e+01
5.714354324340820312e+01
4.943419265747070312e+01
4.081221771240234375e+01
4.861729049682617188e+01
5.247265243530273438e+01
5.732516860961914062e+01
6.275798034667968750e+01
5.263437271118164062e+01
6.112341308593750000e+01
5.071435546875000000e+01
5.880449295043945312e+01
4.264637374877929688e+01
4.916134262084960938e+01
7.149313354492187500e+01
6.684711456298828125e+01
5.477916336059570312e+01
5.992689514160156250e+01
2.423651313781738281e+01
1.926373672485351562e+01
2.067990112304687500e+01
3.299459075927734375e+01
2.387980842590332031e+01
2.449222373962402344e+01
3.781121826171875000e+01
4.002050399780273438e+01
1.221233654022216797e+01
1.279543781280517578e+01
1.770870780944824219e+01
2.237370300292968750e+01
2.568480300903320312e+01
3.161366844177246094e+01
3.594398498535156250e+01
3.936663055419921875e+01
2.985650444030761719e+01
3.157229042053222656e+01
2.484863662719726562e+01
2.372146606445312500e+01
1.157023906707763672e+01
2.157846641540527344e+01
1.960314941406250000e+01
3.386265945434570312e+01
5.564347457885742188e+01
5.967090225219726562e+01
5.756138992309570312e+01
6.304748916625976562e+01
6.272468185424804688e+01
5.913147735595703125e+01
6.163472747802734375e+01
5.612466812133789062e+01
6.348424911499023438e+01
8.019488525390625000e+01
6.275514221191406250e+01
5.830082702636718750e+01
6.004480743408203125e+01
6.433792114257812500e+01
8.031334686279296875e+01
8.116400909423828125e+01
7.144851684570312500e+01
7.013639831542968750e+01
6.464435577392578125e+01
6.392459487915039062e+01
8.665183258056640625e+01
8.680644226074218750e+01
8.558087921142578125e+01
7.688215637207031250e+01
3.852588653564453125e+01
3.676759719848632812e+01
3.688573455810546875e+01
4.675802230834960938e+01
1.377156543731689453e+01
1.411649703979492188e+01
2.878047943115234375e+01
2.498652267456054688e+01
1.933757781982421875e+01
1.485770225524902344e+01
1.784319305419921875e+01
3.180298042297363281e+01
8.597448348999023438e+00
9.032766342163085938e+00
8.235173225402832031e+00
1.024981498718261719e+01
9.468216896057128906e+00
9.338598251342773438e+00
1.510437679290771484e+01
3.118395233154296875e+01
1.960109710693359375e+01
1.061534976959228516e+01
1.983967781066894531e+01
2.482348060607910156e+01
1.689182662963867188e+01
3.088266754150390625e+01
3.147971916198730469e+01
3.556363296508789062e+01
8.738639831542968750e+00
8.428261756896972656e+00
8.906448364257812500e+00
2.075069046020507812e+01
7.254221916198730469e+00
8.174177169799804688e+00
1.035771369934082031e+01
2.530169105529785156e+01
2.483131217956542969e+01
3.128552436828613281e+01
4.925220108032226562e+01
4.309422683715820312e+01
1.382745361328125000e+01
4.058678817749023438e+01
6.049148941040039062e+01
6.603234100341796875e+01
7.906273651123046875e+01
8.458489990234375000e+01
8.487329864501953125e+01
7.797142791748046875e+01
3.640141677856445312e+01
3.617140197753906250e+01
4.065524673461914062e+01
4.192238235473632812e+01
2.423850250244140625e+01
3.810688400268554688e+01
4.189976119995117188e+01
4.925015258789062500e+01
4.817483139038085938e+01
6.585103607177734375e+01
8.325310516357421875e+01
8.097863769531250000e+01
7.550040435791015625e+01
7.590489959716796875e+01
8.203854370117187500e+01
8.264739990234375000e+01
8.493481445312500000e+01
8.708642578125000000e+01
8.979936218261718750e+01
8.521480560302734375e+01
8.666313171386718750e+01
8.848211669921875000e+01
8.340396881103515625e+01
8.542033386230468750e+01
7.930639648437500000e+01
8.568852233886718750e+01
8.820468139648437500e+01
7.628973388671875000e+01
7.516543579101562500e+01
8.756069946289062500e+01
8.727191162109375000e+01
7.951946258544921875e+01
5.933143234252929688e+01
6.079698944091796875e+01
6.056042480468750000e+01
7.511739349365234375e+01
8.543423461914062500e+01
8.550828552246093750e+01
8.724390411376953125e+01
8.694535827636718750e+01
6.598088836669921875e+01
8.164054870605468750e+01
8.351902008056640625e+01
7.708955383300781250e+01
8.262837219238281250e+01
8.507717895507812500e+01
8.718027496337890625e+01
8.374149322509765625e+01
7.112516021728515625e+01
8.686876678466796875e+01
8.147818756103515625e+01
7.752115631103515625e+01
8.364241790771484375e+01
8.758872985839843750e+01
9.075622558593750000e+01
8.842996215820312500e+01
8.256718444824218750e+01
8.515911102294921875e+01
8.794170379638671875e+01
8.343778991699218750e+01
6.249987792968750000e+01
7.734645080566406250e+01
7.890363311767578125e+01
8.099210357666015625e+01
6.907354736328125000e+01
7.674681854248046875e+01
8.115631103515625000e+01
8.113212585449218750e+01
7.140446472167968750e+01
8.397470092773437500e+01
8.747396850585937500e+01
8.455419158935546875e+01
8.588455200195312500e+01
8.728971099853515625e+01
8.467823028564453125e+01
8.473509979248046875e+01
7.939459991455078125e+01
8.503200531005859375e+01
8.304046630859375000e+01
7.984857177734375000e+01
6.349376678466796875e+01
5.813137054443359375e+01
4.671447372436523438e+01
3.323042297363281250e+01
1.337715625762939453e+01
2.035174369812011719e+01
3.211888504028320312e+01
4.327954864501953125e+01
3.606077575683593750e+01
3.148744964599609375e+01
3.636186981201171875e+01
2.422096633911132812e+01
8.349989891052246094e+00
9.813692092895507812e+00
1.315873813629150391e+01
2.687051963806152344e+01
1.982304573059082031e+01
2.626699829101562500e+01
2.036062049865722656e+01
3.158732795715332031e+01
4.174351501464843750e+01
3.861797714233398438e+01
6.134561157226562500e+01
6.137482833862304688e+01
4.898205947875976562e+01
7.262290191650390625e+01
4.835664367675781250e+01
5.570579910278320312e+01
6.274137020111083984e+00
1.197503948211669922e+01
2.086376762390136719e+01
2.786512565612792969e+01
1.473515510559082031e+01
9.396935462951660156e+00
8.385535240173339844e+00
2.159497261047363281e+01
4.749556732177734375e+01
5.681767272949218750e+01
5.743414306640625000e+01
5.499462890625000000e+01
1.456872558593750000e+01
2.175799751281738281e+01
2.868040275573730469e+01
3.472509384155273438e+01
2.638031768798828125e+01
4.120639419555664062e+01
5.059517288208007812e+01
4.903007125854492188e+01
5.307268905639648438e+01
7.988719177246093750e+01
7.951741790771484375e+01
7.204626464843750000e+01
6.325542068481445312e+01
5.828783035278320312e+01
5.723794174194335938e+01
4.069355773925781250e+01
3.184138870239257812e+01
3.837232589721679688e+01
3.121222496032714844e+01
3.829165649414062500e+01
7.960814952850341797e+00
8.550064086914062500e+00
7.326579570770263672e+00
6.087822914123535156e+00
1.207533454895019531e+01
6.508121013641357422e+00
1.144734382629394531e+01
1.751865577697753906e+01
1.596954250335693359e+01
1.518081188201904297e+01
2.104512214660644531e+01
4.165187835693359375e+01
3.529376602172851562e+01
5.054525756835937500e+01
4.725286483764648438e+01
4.386089324951171875e+01
3.959965896606445312e+01
3.570255279541015625e+01
5.227211380004882812e+01
5.016705322265625000e+01
2.810539436340332031e+01
4.501324844360351562e+01
5.096438980102539062e+01
4.450268173217773438e+01
1.583951091766357422e+01
2.897956848144531250e+01
4.184914016723632812e+01
4.188576889038085938e+01
2.657844734191894531e+01
4.312010192871093750e+01
5.595339965820312500e+01
6.489083862304687500e+01
7.872153472900390625e+01
8.264878845214843750e+01
8.138314056396484375e+01
7.810945129394531250e+01
7.629818725585937500e+01
8.551530456542968750e+01
8.571826934814453125e+01
8.371200561523437500e+01
8.389711761474609375e+01
8.603044891357421875e+01
8.412875366210937500e+01
8.376246643066406250e+01
7.540335845947265625e+01
8.498591613769531250e+01
8.957508087158203125e+01
8.606927490234375000e+01
8.577960968017578125e+01
8.973107147216796875e+01
8.347212982177734375e+01
8.038826751708984375e+01
8.664311218261718750e+01
9.006462860107421875e+01
9.000021362304687500e+01
8.592415618896484375e+01
8.776945495605468750e+01
9.206861114501953125e+01
9.236102294921875000e+01
8.647187042236328125e+01
8.867666625976562500e+01
9.244190216064453125e+01
9.089660644531250000e+01
8.617018127441406250e+01
9.111139678955078125e+01
8.999348449707031250e+01
9.064090728759765625e+01
8.729019165039062500e+01
8.979559326171875000e+01
8.917124176025390625e+01
9.115629577636718750e+01
8.978434753417968750e+01
8.892492675781250000e+01
8.926454162597656250e+01
8.471229553222656250e+01
8.163799285888671875e+01
8.707222747802734375e+01
8.940628814697265625e+01
8.784423828125000000e+01
8.705536651611328125e+01
8.951414489746093750e+01
7.475614166259765625e+01
7.473420715332031250e+01
6.856143188476562500e+01
7.067028045654296875e+01
4.985813522338867188e+01
5.776695251464843750e+01
6.616581726074218750e+01
8.201490783691406250e+01
7.861119842529296875e+01
6.964955139160156250e+01
4.837927246093750000e+01
1.880731773376464844e+01
1.362681388854980469e+01
1.217563819885253906e+01
8.174957275390625000e+00
1.317203140258789062e+01
1.098490715026855469e+01
1.323143482208251953e+01
2.583152770996093750e+01
6.268500328063964844e+00
1.188408088684082031e+01
2.052187919616699219e+01
3.013783836364746094e+01
7.635412216186523438e+00
7.712568759918212891e+00
8.636392593383789062e+00
2.098333930969238281e+01
1.050914382934570312e+01
1.478067779541015625e+01
1.736623191833496094e+01
3.393458938598632812e+01
8.933457374572753906e+00
2.112564086914062500e+01
2.501483535766601562e+01
3.381566238403320312e+01
1.759075927734375000e+01
1.630396080017089844e+01
2.087923431396484375e+01
2.119084739685058594e+01
7.805315971374511719e+00
9.072784423828125000e+00
1.639158630371093750e+01
2.925817108154296875e+01
1.475214576721191406e+01
1.013414382934570312e+01
2.287087631225585938e+01
3.318076705932617188e+01
1.192590045928955078e+01
1.945549774169921875e+01
1.451119327545166016e+01
3.241826248168945312e+01
1.066733646392822266e+01
1.191768455505371094e+01
1.965032577514648438e+01
2.895506095886230469e+01
1.708679771423339844e+01
1.979147148132324219e+01
2.904941749572753906e+01
3.525369262695312500e+01
2.581548690795898438e+01
3.516127014160156250e+01
3.986621856689453125e+01
4.356954956054687500e+01
4.626541900634765625e+01
4.337745666503906250e+01
4.105875396728515625e+01
4.316461563110351562e+01
1.348325061798095703e+01
9.810043334960937500e+00
7.036765575408935547e+00
7.502213478088378906e+00
7.391870021820068359e+00
1.276643085479736328e+01
2.040973663330078125e+01
2.726759529113769531e+01
1.256283092498779297e+01
1.741751670837402344e+01
3.565240478515625000e+01
3.437857055664062500e+01
4.007022094726562500e+01
4.786620712280273438e+01
6.868267059326171875e+01
6.758469390869140625e+01
7.366306304931640625e+01
8.907112884521484375e+01
8.638517761230468750e+01
8.526783752441406250e+01
9.145771026611328125e+01
8.777028656005859375e+01
8.847904205322265625e+01
8.116114044189453125e+01
8.531618499755859375e+01
8.797738647460937500e+01
8.929558563232421875e+01
8.820527648925781250e+01
8.805243682861328125e+01
8.800717163085937500e+01
9.125666046142578125e+01
8.853957366943359375e+01
8.970695495605468750e+01
9.209300994873046875e+01
9.268428039550781250e+01
8.569402313232421875e+01
7.315218353271484375e+01
8.101239776611328125e+01
7.140101623535156250e+01
7.248613739013671875e+01
8.006726074218750000e+01
8.265983581542968750e+01
8.324031829833984375e+01
8.320729827880859375e+01
6.601780700683593750e+01
6.007703018188476562e+01
5.295331954956054688e+01
6.182597732543945312e+01
7.472456359863281250e+01
7.664131927490234375e+01
8.619876861572265625e+01
8.281459045410156250e+01
