-1.800956792195638343e+02
-1.801174957275391080e+02
-1.801457939147949503e+02
-1.801777539571126567e+02
-1.801776840209961392e+02
-1.802084503173828409e+02
-1.802131680806477902e+02
-1.801799769083658873e+02
-1.802589385986327954e+02
-1.803623026529947992e+02
-1.803514712015787893e+02
-1.803258880615234432e+02
-1.803312199910481866e+02
-1.803411392211914119e+02
-1.803625086466471430e+02
-1.803824274698893362e+02
-1.804320955912272098e+02
-1.804141141255696539e+02
-1.804420285542805971e+02
-1.805340077718098826e+02
-1.806416119893392249e+02
-1.806468968709310161e+02
-1.806884900410970261e+02
-1.807386029561360772e+02
-1.807314987182617188e+02
-1.807290150960286326e+02
-1.807302650451659929e+02
-1.807157986958821425e+02
-1.807258361816406307e+02
-1.807222101847330862e+02
-1.807429061889648665e+02
-1.808157803853353016e+02
-1.808519414265951184e+02
-1.809427093505859716e+02
-1.809731325785319029e+02
-1.809974253336588674e+02
-1.810229385375976676e+02
-1.810290753682454294e+02
-1.810338801066080805e+02
-1.810013084411621378e+02
-1.809978230794270928e+02
-1.810456504821777628e+02
-1.810457705179850620e+02
-1.810209060668945540e+02
-1.810013997395833769e+02
-1.810052363077799669e+02
-1.810445218404134664e+02
-1.810161567687988793e+02
-1.809753112792969318e+02
-1.809547281901042197e+02
-1.809860740661621605e+02
-1.809870056152344091e+02
-1.809806070963541913e+02
-1.810257886250813897e+02
-1.810281956990559991e+02
-1.810080535888671989e+02
-1.809664505004882926e+02
-1.809566396077474053e+02
-1.810050285339355582e+02
-1.809916338602701842e+02
-1.810031125386555857e+02
-1.810215189615885549e+02
-1.810158269246419422e+02
-1.810368464152018362e+02
-1.810618438720703409e+02
-1.810738380432129304e+02
-1.811209383646647382e+02
-1.811511126200358035e+02
-1.811300323486328523e+02
-1.810702000935872604e+02
-1.810928967793782647e+02
-1.811452952067057538e+02
-1.811601478576660327e+02
-1.811647198994954522e+02
-1.811346288045247377e+02
-1.811414647420247377e+02
-1.811515851338704408e+02
-1.811910507202148040e+02
-1.812366083780924271e+02
-1.812641624450683651e+02
-1.812162465413411212e+02
-1.811834744771321368e+02
-1.811780583699543854e+02
-1.811267921447753793e+02
-1.811221221923827898e+02
-1.811151018778482751e+02
-1.811163167317708087e+02
-1.811187479654948049e+02
-1.811093421936035384e+02
-1.811470458984375398e+02
-1.811324228922526061e+02
-1.811164372762044366e+02
-1.810951555887858149e+02
-1.810763053894042969e+02
-1.810846600850423158e+02
-1.810371803283691463e+02
-1.810405825297037836e+02
-1.810429791768391681e+02
-1.810284408569335994e+02
-1.810997380574544309e+02
-1.810984224955240904e+02
-1.810697634379068575e+02
-1.810675776163736828e+02
-1.810780934651692746e+02
-1.811194643656412779e+02
-1.811106198628743584e+02
-1.811021596272786951e+02
-1.811152974446615076e+02
-1.811406013488769986e+02
-1.811673655192057879e+02
-1.811585863749186842e+02
-1.811767161051432709e+02
-1.811866050720215071e+02
-1.811377471923828750e+02
-1.811656298319499285e+02
-1.812306037902832543e+02
-1.812529604593913177e+02
-1.812612798055013457e+02
-1.812457412719726619e+02
-1.812633672078450786e+02
-1.812934209187825729e+02
-1.812738355000813897e+02
-1.812822514851888229e+02
-1.812747973124186558e+02
-1.813020222981770928e+02
-1.813415679931640909e+02
-1.813191467285156193e+02
-1.813343976338704806e+02
-1.813766232808431198e+02
-1.814179341634115019e+02
-1.814807769775390796e+02
-1.815469378153483433e+02
-1.815724189758301179e+02
-1.815944478352865019e+02
-1.816628794352213845e+02
-1.817072662353515682e+02
-1.817135551452636832e+02
-1.817101910909017022e+02
-1.817224243164062614e+02
-1.817006902058919025e+02
-1.817136690775553518e+02
-1.817250885009765966e+02
-1.816924176534017192e+02
-1.817859268188476562e+02
-1.818427828470865961e+02
-1.818555877685546704e+02
-1.818924240112304744e+02
-1.819090538024902344e+02
-1.819061747233072879e+02
-1.819486656188965128e+02
-1.819760434468587391e+02
-1.819655713399251624e+02
-1.819841105143229356e+02
-1.819711199442545535e+02
-1.820123914082845147e+02
-1.820679306030273494e+02
-1.821017623901367415e+02
-1.821361968994140739e+02
-1.821971460978190294e+02
-1.821998184204101960e+02
-1.822398579915364678e+02
-1.822953043619791913e+02
-1.823327443440755360e+02
-1.823358095804850336e+02
-1.823294517517090014e+02
-1.823744138081868584e+02
-1.823490671793620095e+02
-1.823579551696777514e+02
-1.823580914815267136e+02
-1.823332176208496378e+02
-1.823345443725586108e+02
-1.823381696065267192e+02
-1.823165074666341354e+02
-1.823400164286295819e+02
-1.823702194213867358e+02
-1.823305720011393305e+02
-1.822941492716471430e+02
-1.823051564534505360e+02
-1.822884485880533703e+02
-1.822733192443847656e+02
-1.822618825276692576e+02
-1.822662078857421761e+02
-1.823004058837890398e+02
-1.823090309143066179e+02
-1.823190106709797931e+02
-1.822930407206217183e+02
-1.823364888509114223e+02
-1.823736292521158475e+02
-1.823980303446451785e+02
-1.824051729838053291e+02
-1.824178270975748717e+02
-1.823918159484863395e+02
-1.824083969116211108e+02
-1.823906677246093864e+02
-1.823993451436360829e+02
-1.823818448384602959e+02
-1.823592544555664290e+02
-1.823898045857747547e+02
-1.823651021321614962e+02
-1.823986279805501454e+02
-1.824194974263509437e+02
-1.824683891296386946e+02
-1.825444933573405137e+02
-1.825024429321289290e+02
-1.825189580281575843e+02
-1.825439781188965185e+02
-1.825699818929036553e+02
-1.826276438395182709e+02
-1.826920453389485886e+02
-1.827011080423991132e+02
-1.827432398478189839e+02
-1.828176750183105241e+02
-1.829161776224772211e+02
-1.830205263773599995e+02
-1.830563133239745923e+02
-1.831176002502441236e+02
-1.831732205708821084e+02
-1.832510940551757130e+02
-1.833419212341307798e+02
-1.833963386535643849e+02
-1.834418474833170194e+02
-1.835038475036620582e+02
-1.835446383158365506e+02
-1.836854634602864280e+02
-1.837542065938313556e+02
-1.838480916341145530e+02
-1.839598556518554346e+02
-1.840687767028808537e+02
-1.841392784118652060e+02
-1.842029627482096146e+02
-1.842706952412923158e+02
-1.843624656677245923e+02
-1.844214004516601335e+02
-1.844521367390950388e+02
-1.844502449035644531e+02
-1.844931055704752509e+02
-1.845889183044433253e+02
-1.846375178019205521e+02
-1.847141629536946539e+02
-1.848438000996907533e+02
-1.849164194742838561e+02
-1.849854609171549384e+02
-1.850356040954589503e+02
-1.851098691304524664e+02
-1.851584243774414062e+02
-1.852527646382649777e+02
-1.853343650817871264e+02
-1.853771509806315123e+02
-1.854169410705566463e+02
-1.854820439656575672e+02
-1.855165359497070483e+02
-1.855607556660970090e+02
-1.856398562113444086e+02
-1.857153951009115076e+02
-1.857754524230957429e+02
-1.858802762349446880e+02
-1.859876078287760777e+02
-1.860412707010905535e+02
-1.860729682922363963e+02
-1.860960863749186842e+02
-1.861432647705078693e+02
-1.862104804992676179e+02
-1.862259056091308764e+02
-1.863094894409179858e+02
-1.863576222737630417e+02
-1.863933603922526174e+02
-1.864065760294596714e+02
-1.864204287211100564e+02
-1.864383641560872888e+02
-1.864645136515299839e+02
-1.865014663696289290e+02
-1.864806991577148949e+02
-1.864479843139648949e+02
-1.864227241516113622e+02
-1.864090197245280365e+02
-1.863764038085938068e+02
-1.863472195943197107e+02
-1.863096605936686387e+02
-1.862291742960612169e+02
-1.862066487630208371e+02
-1.861458017985025890e+02
-1.861091756184895587e+02
-1.861161115010579579e+02
-1.860325932820638002e+02
-1.859668507893880189e+02
-1.858788925170898381e+02
-1.858279126485188897e+02
-1.857366539001464787e+02
-1.857137201944986771e+02
-1.856788630167643248e+02
-1.856242151896159100e+02
-1.855480875651041686e+02
-1.855130208333333428e+02
-1.855303833007812671e+02
-1.855196558634440578e+02
-1.855080256144206032e+02
-1.854457476298014456e+02
-1.854083765665690464e+02
-1.853281659444173783e+02
-1.852115122477214015e+02
-1.851638631184896155e+02
-1.850959760030110886e+02
-1.850031506856282704e+02
-1.849509780883789176e+02
-1.849199335734049612e+02
-1.848741961161295535e+02
-1.847517519632975223e+02
-1.846929911295572992e+02
-1.846272783915201785e+02
-1.845919962565104129e+02
-1.845686030069986714e+02
-1.845378041585286439e+02
-1.844705457051595090e+02
-1.844077679951985260e+02
-1.843520871480305630e+02
-1.842764294942219863e+02
-1.841604207356770360e+02
-1.841254997253417400e+02
-1.841219250996907135e+02
-1.840767125447590900e+02
-1.840397931416829351e+02
-1.839590176900227334e+02
-1.839129173278808196e+02
-1.838329935709635095e+02
-1.837753532409667514e+02
-1.837416140238443347e+02
-1.836947283426920308e+02
-1.836023760477701501e+02
-1.835587000528971373e+02
-1.834836148579915118e+02
-1.834096227010090843e+02
-1.833755043029784702e+02
-1.833564183553059195e+02
-1.833175315856933310e+02
-1.832806337992350052e+02
-1.832388025919596259e+02
-1.832069966634114451e+02
-1.831508277893066463e+02
-1.831269406636556027e+02
-1.830794370015462391e+02
-1.830994522094726449e+02
-1.830787778218587221e+02
-1.830430086771647495e+02
-1.830308542887370038e+02
-1.830440561930338674e+02
-1.830472002665202069e+02
-1.830198524475098054e+02
-1.830439361572265682e+02
-1.830276763916015739e+02
-1.830427416483561274e+02
-1.830645584106445654e+02
-1.830465627034505474e+02
-1.830415102640787950e+02
-1.830332702636718807e+02
-1.830343994140625057e+02
-1.830350107828776061e+02
-1.830902236938476335e+02
-1.830687998453775833e+02
-1.831487614949544138e+02
-1.831905097961425497e+02
-1.832314816792805630e+02
-1.832769866943359034e+02
-1.833019955952962050e+02
-1.833312044779459313e+02
-1.833357050577799043e+02
-1.833213312784830578e+02
-1.833241984049478788e+02
-1.833390907287597429e+02
-1.833416519165038778e+02
-1.833451683044433480e+02
-1.833535507202148267e+02
-1.833499102274576558e+02
-1.833694887797037723e+02
-1.833983980814615506e+02
-1.834229400634764886e+02
-1.834547810872395246e+02
-1.835281359354654853e+02
-1.835062975565592751e+02
-1.835031461079915402e+02
-1.835446032206217239e+02
-1.835624725341796761e+02
-1.836123847961425781e+02
-1.836467402140299328e+02
-1.836695742289224995e+02
-1.836495079040527116e+02
-1.836489827473958485e+02
-1.836189704895019190e+02
-1.836736529032389171e+02
-1.836281084696451558e+02
-1.836585787455240677e+02
-1.836694272359211766e+02
-1.836769119262694971e+02
-1.836691930135091013e+02
-1.836240966796874829e+02
-1.835992444356282647e+02
-1.836340220133463674e+02
-1.836371027628580919e+02
-1.836752611796061387e+02
-1.836823921203613565e+02
-1.837084955851237282e+02
-1.837161717732747661e+02
-1.837363807678223111e+02
-1.836996729532878021e+02
-1.836963147481282874e+02
-1.836909294128418253e+02
-1.836881568908691804e+02
-1.837142364501953296e+02
-1.837139551798502737e+02
-1.837227399190267079e+02
-1.837354769388834654e+02
-1.837344276428222258e+02
-1.837674026489257528e+02
-1.837842147827148267e+02
-1.837784004211425781e+02
-1.837612497965494640e+02
-1.837796361287434763e+02
-1.837380973815917855e+02
-1.837623870849609489e+02
-1.837405446370442519e+02
-1.837260640462239678e+02
-1.837029541015625114e+02
-1.836662127176920478e+02
-1.836790667215982751e+02
-1.836763913472493357e+02
-1.836652208964029853e+02
-1.836721799214680857e+02
-1.837279431660969919e+02
-1.837252820332844863e+02
-1.837096870422363111e+02
-1.837191530863443631e+02
-1.837122907002766681e+02
-1.836972470601399152e+02
-1.836834284464517850e+02
-1.836608622233072765e+02
-1.836283396402994583e+02
-1.835754386901855071e+02
-1.835673355102538835e+02
-1.835627881368000942e+02
-1.835873990376790061e+02
-1.835639734903971032e+02
-1.835375411987304517e+02
-1.835052775065103674e+02
-1.834332583109537609e+02
-1.834021662394205521e+02
-1.834725735982258641e+02
-1.835135490417480071e+02
-1.835676989237467183e+02
-1.835887247721354072e+02
-1.836395383199055971e+02
-1.836629857381184934e+02
-1.836671040852864394e+02
-1.836803171793620209e+02
-1.836847986857096657e+02
-1.837192619323730867e+02
-1.837222541809082372e+02
-1.837155975341797216e+02
-1.837373283386230582e+02
-1.837549631754557424e+02
-1.837834091186523438e+02
-1.837652926127115904e+02
-1.837717475891113565e+02
-1.837820864359538291e+02
-1.838391825358073106e+02
-1.838910570780436444e+02
-1.839196685791015682e+02
-1.839500025431315180e+02
-1.839840848286946482e+02
-1.839674985249837107e+02
-1.840115745544433707e+02
-1.840163887023925895e+02
-1.840191930135090956e+02
-1.840545483907063442e+02
-1.840786102294921420e+02
-1.841060073852538608e+02
-1.841414812723795080e+02
-1.841517857869465615e+02
-1.841568377176919853e+02
-1.841824104309081633e+02
-1.841984369913736543e+02
-1.842776730855305516e+02
-1.842816434224445743e+02
-1.843417378743488939e+02
-1.843686579386392737e+02
-1.843730252583821141e+02
-1.844056849161783589e+02
-1.844245953877766624e+02
-1.843759684244791686e+02
-1.843711174011230867e+02
-1.844167528788248944e+02
-1.844223607381184991e+02
-1.843998471577962448e+02
-1.844458602905273494e+02
-1.844665471394856979e+02
-1.844949928283691634e+02
-1.845211947123210052e+02
-1.844822448730469375e+02
-1.844647387186686842e+02
-1.845004013061523835e+02
-1.844705759684244981e+02
-1.845273587544759266e+02
-1.845398249308268248e+02
-1.845522455851237282e+02
-1.845789334615071766e+02
-1.846151781717936444e+02
-1.845873097737630530e+02
-1.845746528625488452e+02
-1.845804725646972599e+02
-1.845570419311523267e+02
-1.845840746561685819e+02
-1.845644635518391965e+02
-1.846060813903808651e+02
-1.846493848164876113e+02
-1.847096455891927178e+02
-1.847331494649251624e+02
-1.847628184000651288e+02
-1.847906300862630076e+02
-1.848089042663573878e+02
-1.848327547709147041e+02
-1.848489705403645473e+02
-1.848883839925130417e+02
-1.849154045104980923e+02
-1.849498041788737055e+02
-1.849635704040527457e+02
-1.849487983703613452e+02
-1.850062014261881700e+02
-1.850192174275716184e+02
-1.850256418863932311e+02
-1.850750129699707145e+02
-1.850762041727701899e+02
-1.851145601908366132e+02
-1.851641667683919650e+02
-1.851839530944824332e+02
-1.852151601155599110e+02
-1.851981005350748717e+02
-1.851855367024739394e+02
-1.851844731648762945e+02
-1.852655853271484432e+02
-1.853037506103515568e+02
-1.853041791280110999e+02
-1.852541168212891023e+02
-1.852629997253418139e+02
-1.852685625712076956e+02
-1.852955556233723939e+02
-1.853195208231608149e+02
-1.853316642761230639e+02
-1.853752492268880587e+02
-1.854765912373860601e+02
-1.855281860351562386e+02
-1.855339642842610317e+02
-1.855714889526366846e+02
-1.856493647257486543e+02
-1.856307314554849768e+02
-1.856537849426269133e+02
-1.856880518595377225e+02
-1.857146970113118130e+02
-1.858163324991861600e+02
-1.858477483113606752e+02
-1.858424392700194971e+02
-1.858806513468424271e+02
-1.858843081156412609e+02
-1.859434237162272154e+02
-1.859790908813476733e+02
-1.860366310119628963e+02
-1.861178497314453182e+02
-1.861320180257161496e+02
-1.861322987874349337e+02
-1.861618400573730696e+02
-1.862065714518229242e+02
-1.862286893208821539e+02
-1.862609357198079465e+02
-1.862702316284179744e+02
-1.862726188659668196e+02
-1.862566215515136889e+02
-1.862748067220052519e+02
-1.863538261413574446e+02
-1.863995498657226904e+02
-1.864266367594401288e+02
-1.864448089599609659e+02
-1.864847821553548783e+02
-1.865256172180176009e+02
-1.865104062398274891e+02
-1.865070849100748944e+02
-1.865311383565267249e+02
-1.865037506103516023e+02
-1.864507486979167368e+02
-1.864591351826986454e+02
-1.865112843831381042e+02
-1.865313179016114020e+02
-1.865545555114746605e+02
-1.865672831217448220e+02
-1.865790395100912065e+02
-1.866187171936035440e+02
-1.866350479125976562e+02
-1.866691538492838447e+02
-1.867121411641438726e+02
-1.867243588765462050e+02
-1.867055056254068575e+02
-1.866506512959797703e+02
-1.866620625813801553e+02
-1.866829320271809536e+02
-1.867066164652505904e+02
-1.866789375305175440e+02
-1.866817845662434365e+02
-1.866550074259439782e+02
-1.866462153116861771e+02
-1.866270456949869470e+02
-1.866375951131184365e+02
-1.866464363098144190e+02
-1.866507039388020814e+02
-1.866424354553222713e+02
-1.866345766703287836e+02
-1.866597112019856866e+02
-1.866896863301595033e+02
-1.867048782348632585e+02
-1.867009096781412723e+02
-1.867041170756022268e+02
-1.867432975769042685e+02
-1.868314239501953011e+02
-1.868943219502766908e+02
-1.869081896464029739e+02
-1.869180671691894133e+02
-1.869440902709960710e+02
-1.869889330546060648e+02
-1.870092130025227561e+02
-1.870774607340494811e+02
-1.871363258361816406e+02
-1.871421452840169479e+02
-1.871623547871907647e+02
-1.872016855875651231e+02
-1.872540504455566577e+02
-1.872863522847493414e+02
-1.873551409403483206e+02
-1.874251930236816577e+02
-1.874578608194987339e+02
-1.874265907287598054e+02
-1.874131233215332486e+02
-1.874415710449219148e+02
-1.874703432718913234e+02
-1.874960405985514456e+02
-1.875306602478027571e+02
-1.875958801269531477e+02
-1.875938227335612396e+02
-1.875986404418945597e+02
-1.876889600118001624e+02
-1.877458557128906591e+02
-1.877775281270345147e+02
-1.877768402099609659e+02
-1.878177597045898892e+02
-1.878325248718261946e+02
-1.878132570902507155e+02
-1.877885289510091695e+02
-1.877674636840820597e+02
-1.877436551411946652e+02
-1.877397928873698163e+02
-1.877565704345703352e+02
-1.877921244303385606e+02
-1.878070620218912836e+02
-1.878410703023274948e+02
-1.878569020589192462e+02
-1.878611719767252453e+02
-1.878760971069335710e+02
-1.879175824483235431e+02
-1.878864893595377339e+02
-1.879195472717285043e+02
-1.879133542378743300e+02
-1.878889025370279455e+02
-1.878687952677408646e+02
-1.878753278096516510e+02
-1.879122456868489337e+02
-1.878878733317056913e+02
-1.878599067687987940e+02
-1.878889717102050554e+02
-1.878700256347655966e+02
-1.878315963745116903e+02
-1.878486025492349825e+02
-1.878426783243814953e+02
-1.878058919270833371e+02
-1.877465403238932140e+02
-1.877125391642252623e+02
-1.877590499877929631e+02
-1.877509371439615506e+02
-1.877556411743163665e+02
-1.877211339314778513e+02
-1.876400525410969919e+02
-1.875754419962565009e+02
-1.875512268066405852e+02
-1.875523292541503508e+02
-1.875500246683756416e+02
-1.874777717590331463e+02
-1.874239753723144304e+02
-1.873967915852864223e+02
-1.873627695719401061e+02
-1.873423800150553689e+02
-1.873700136820475279e+02
-1.874193478902181198e+02
-1.874174949645996264e+02
-1.874415003458659044e+02
-1.874081657409668367e+02
-1.873793479919433764e+02
-1.873950973510742131e+02
-1.873896438598632983e+02
-1.874347928365071709e+02
-1.874222193400065350e+02
-1.874336921691894418e+02
-1.874281773885091127e+02
-1.873685839335123546e+02
-1.873546419779459598e+02
-1.873490453084310161e+02
-1.873364435831705634e+02
-1.873447146097819314e+02
-1.873541694641113509e+02
-1.873438814798990961e+02
-1.873345924377441634e+02
-1.873434160868326899e+02
-1.873045557657877680e+02
-1.872934364318847713e+02
-1.872699671427409100e+02
-1.872632723490397382e+02
-1.872859990437825957e+02
-1.872649703979492415e+02
-1.872069798787435104e+02
-1.871451148986816690e+02
-1.871536755879720317e+02
-1.871065340677897382e+02
-1.870856119791666572e+02
-1.871212870279948106e+02
-1.870741322835286553e+02
-1.870339047749837107e+02
-1.869935806274413892e+02
-1.869897951761881245e+02
-1.869785306294758414e+02
-1.869306073506672590e+02
-1.868931081136067007e+02
-1.868617284138996695e+02
-1.868360092163085255e+02
-1.868289901733397755e+02
-1.868847236633299929e+02
-1.869006380716958802e+02
-1.868749443054198593e+02
-1.867971789042154001e+02
-1.867272280375161984e+02
-1.866802215576171022e+02
-1.866478584289550327e+02
-1.866780349731444915e+02
-1.866671038309732467e+02
-1.866328407287597031e+02
-1.866296964009602277e+02
-1.865743891398111316e+02
-1.865731002807616505e+02
-1.865839035034179005e+02
-1.865353907267251827e+02
-1.864536582946776662e+02
-1.863870956420897755e+02
-1.863516688028970805e+02
-1.862899815877277945e+02
-1.862688430786132017e+02
-1.861939463297525492e+02
-1.861934631347655795e+02
-1.861784380594888546e+02
-1.861214810689289720e+02
-1.861170875549316008e+02
-1.860257474263508470e+02
-1.859662958780924100e+02
-1.858820348103841127e+02
-1.858327199300130133e+02
-1.858437652587890341e+02
-1.857678601582844919e+02
-1.856870160420735658e+02
-1.856304621378580748e+02
-1.856104914347330919e+02
-1.855720695495605810e+02
-1.855262115478516023e+02
-1.854982457478841695e+02
-1.854865267435710336e+02
-1.855283162434896553e+02
-1.855339734395345772e+02
-1.855333358764648892e+02
-1.855293370564778854e+02
-1.854671259562175010e+02
-1.854262270609537779e+02
-1.854356478373209711e+02
-1.854665061950683764e+02
-1.854224586486816406e+02
-1.854226234436034986e+02
-1.854308331807454238e+02
-1.854081937154134039e+02
-1.853856201171875000e+02
-1.853324963887532419e+02
-1.853446215311685705e+02
-1.853311185201009152e+02
-1.853325548807779910e+02
-1.853337643941243584e+02
-1.853402440388997547e+02
-1.853762357076009266e+02
-1.853848172505696539e+02
-1.854024159749348826e+02
-1.853905634562174782e+02
-1.853478764851888059e+02
-1.853392377217610942e+02
-1.853560211181640796e+02
-1.854064280192057481e+02
-1.854329015096028854e+02
-1.854332249959309991e+02
-1.854250653584798272e+02
-1.854865570068359375e+02
-1.855464642842610772e+02
-1.855686002095540630e+02
-1.855932390848795990e+02
-1.856437955220540630e+02
-1.856616666158040516e+02
-1.857197456359863281e+02
-1.857268623352050838e+02
-1.856964975992838447e+02
-1.856759033203124716e+02
-1.856876342773437329e+02
-1.857168014526367017e+02
-1.857033721923828011e+02
-1.856935846964518078e+02
-1.856962852478027344e+02
-1.856751068115234204e+02
-1.856411862691243186e+02
-1.856881879170735488e+02
-1.856967328389485772e+02
-1.857593223571777230e+02
-1.858255508422851676e+02
-1.858578842163086051e+02
-1.858929374694824901e+02
-1.859159932454427917e+02
-1.859538096110026686e+02
-1.859646497090657533e+02
-1.860033958435058423e+02
-1.860432612101236884e+02
-1.860677566528320312e+02
-1.860724309285481866e+02
-1.860750083923339844e+02
-1.860019337972005360e+02
-1.859937733968098996e+02
-1.860093696594238111e+02
-1.860147773742675668e+02
-1.860858929951985488e+02
-1.861105463663736828e+02
-1.861383280436197936e+02
-1.861711687723795592e+02
-1.862061167399088788e+02
-1.862439992268880644e+02
-1.862618802388509494e+02
-1.863223536173502737e+02
-1.863856994628906421e+02
-1.864097539265950445e+02
-1.864425938924153456e+02
-1.864461578369140682e+02
-1.864787607828776004e+02
-1.865110687255859148e+02
-1.865148689270019133e+02
-1.865258366902669138e+02
-1.865046132405598485e+02
-1.865086596171060478e+02
-1.865495552062987485e+02
-1.865812594095864938e+02
-1.865576711018879621e+02
-1.865228940327961880e+02
-1.865080378214518078e+02
-1.865520703633625885e+02
-1.865371182759602391e+02
-1.864990603129068631e+02
-1.864825953165689612e+02
-1.864471125284830180e+02
-1.864496126810709313e+02
-1.864373555501302064e+02
-1.864613581339518475e+02
-1.864459439595540573e+02
-1.865540092468261832e+02
-1.866364446004232036e+02
-1.866581848144531364e+02
-1.866813695271810047e+02
-1.866734135945638116e+02
-1.867113606770833201e+02
-1.866937652587890568e+02
-1.867013524373372206e+02
-1.867603808085123944e+02
-1.867887430826823163e+02
-1.868146733601888059e+02
-1.869115043640136662e+02
-1.868718752543131245e+02
-1.867713483174641453e+02
-1.867781972249348428e+02
-1.868273531595865791e+02
-1.868540644327799498e+02
-1.868799669901530081e+02
-1.868861434936523551e+02
-1.869059165954589901e+02
-1.869360702514648551e+02
-1.869344268798828068e+02
-1.869254465738931970e+02
-1.869218383789062159e+02
-1.870193572998046534e+02
-1.870710606892903058e+02
-1.871007962544758527e+02
-1.871485763549804346e+02
-1.871537404378254905e+02
-1.871786491394042571e+02
-1.872000968933105014e+02
-1.872513409932453783e+02
-1.872821113586425383e+02
-1.872397430419921420e+02
-1.872535530090331690e+02
-1.872621726989746094e+02
-1.872525726318359318e+02
-1.872617863972982093e+02
-1.872627985636393646e+02
-1.872665715535481752e+02
-1.872355036417642964e+02
-1.872264803568521927e+02
-1.872225824991861600e+02
-1.871758916219075388e+02
-1.871420728047688726e+02
-1.870991554260253622e+02
-1.870553787231445142e+02
-1.870480346679686932e+02
-1.870645795186360090e+02
-1.870633422851561818e+02
-1.870693840026854673e+02
-1.870784833272297760e+02
-1.871059407552082803e+02
-1.870735677083332860e+02
-1.870250968933105185e+02
-1.870263580322265398e+02
-1.869968755086262888e+02
-1.869773701985677121e+02
-1.868940531412760322e+02
-1.868625417073567689e+02
-1.867599583943685104e+02
-1.867309247334798670e+02
-1.867233675638834995e+02
-1.866829808553059991e+02
-1.866612586975097656e+02
-1.866355005900065578e+02
-1.866483072916666970e+02
-1.866366142272949276e+02
-1.865891227722167969e+02
-1.865674512227376454e+02
-1.864821004231771155e+02
-1.864625943501790744e+02
-1.864673095703125227e+02
-1.864940912882487112e+02
-1.864699117024739792e+02
-1.864344904581705862e+02
-1.864064623514811387e+02
-1.863616912841796989e+02
-1.863385828653971430e+02
-1.862720314025879134e+02
-1.862345347086588561e+02
-1.862448521931966354e+02
-1.862564465840657704e+02
-1.862437019348144815e+02
-1.861975486755371492e+02
-1.861278617858886832e+02
-1.860763977050781079e+02
-1.860416872660318859e+02
-1.859972447713215900e+02
-1.859445887247721316e+02
-1.858658841451008925e+02
-1.858554822285969976e+02
-1.858203816731770814e+02
-1.858463200887044309e+02
-1.858468772888183480e+02
-1.858360588073730355e+02
-1.859044420878092296e+02
-1.858831207275390796e+02
-1.858742253621419422e+02
-1.859064282735189124e+02
-1.858960393269857150e+02
-1.858776298522949446e+02
-1.858724866231282817e+02
-1.859001508076985942e+02
-1.859201014200846487e+02
-1.859679583231607864e+02
-1.860272623697916856e+02
-1.860207590738932311e+02
-1.860798678080241189e+02
-1.861183886210123717e+02
-1.861252693176269588e+02
-1.861462577819824276e+02
-1.861833223978678404e+02
-1.862113660176594863e+02
-1.862664004007975223e+02
-1.862839914957682197e+02
-1.863318532307942519e+02
-1.863429957071940350e+02
-1.863992368062337164e+02
-1.864795402526855526e+02
-1.865167213439941065e+02
-1.865312578837076671e+02
-1.865282457987466955e+02
-1.865335301717121865e+02
-1.865162691752115620e+02
-1.865046643575032022e+02
-1.864934972127278456e+02
-1.864737864176432254e+02
-1.864761332194010492e+02
-1.864792910257975223e+02
-1.865261037190755360e+02
-1.865450449625651004e+02
-1.865588668823242244e+02
-1.865629890441894645e+02
-1.865747805277506473e+02
-1.865673439025879077e+02
-1.865794962565104242e+02
-1.865970479329427008e+02
-1.865963923136393419e+02
-1.866215660095214730e+02
-1.866142102559407192e+02
-1.866064781188964616e+02
-1.865687202453613054e+02
-1.865619196573893248e+02
-1.865356246948242358e+02
-1.865411966959635777e+02
-1.865946891784668367e+02
-1.866293375651041515e+02
-1.866794967651367188e+02
-1.867096941630045421e+02
-1.867399480183918854e+02
-1.867331425984700104e+02
-1.867526031494140284e+02
-1.867780138651529569e+02
-1.868071627298990620e+02
-1.868699282328287552e+02
-1.868035018920898267e+02
-1.867861760457356581e+02
-1.868059827168782476e+02
-1.868285537719726790e+02
-1.868803019205729754e+02
-1.869163469950358660e+02
-1.869633918762207827e+02
-1.870015749613444882e+02
-1.870557739257813239e+02
-1.870884320576986113e+02
-1.870678822835287178e+02
-1.871184913635254645e+02
-1.871126726786296217e+02
-1.871383867899577353e+02
-1.871480272928874058e+02
-1.871478518168131586e+02
-1.871064605712890909e+02
-1.871241376241048329e+02
-1.871205055236816293e+02
-1.871436342875162779e+02
-1.871412979125976506e+02
-1.871905324300130360e+02
-1.871906285603841411e+02
-1.871573104858398438e+02
-1.871975690205891567e+02
-1.871858060201008698e+02
-1.871769337972004905e+02
-1.871906850179036326e+02
-1.872049499511718693e+02
-1.872252741495768191e+02
-1.872336756388346544e+02
-1.872344464619954465e+02
-1.872415758768717353e+02
-1.872740577697753963e+02
-1.872995043436686444e+02
-1.872752733866373944e+02
-1.872844505310058878e+02
-1.873167035420736113e+02
-1.872887318929036553e+02
-1.872760353088378906e+02
-1.872389689127604129e+02
-1.871995839436848712e+02
-1.872108978271483863e+02
-1.871963806152343182e+02
-1.872056691487629791e+02
-1.872095670064289834e+02
-1.872485954284667571e+02
-1.872682050069172703e+02
-1.873103294372558025e+02
-1.873097920735676780e+02
-1.872797551472981468e+02
-1.872664553324381131e+02
-1.872438807169596373e+02
-1.872433675130208144e+02
-1.872838218688964389e+02
-1.872431312561035099e+02
-1.871982467651367301e+02
-1.872214134216308707e+02
-1.871612452189127680e+02
-1.870841046651204351e+02
-1.871148757934570597e+02
-1.871721282958984318e+02
-1.871303047180175838e+02
-1.870560999552408532e+02
-1.870200490315754962e+02
-1.869706349690755189e+02
-1.869157140096028513e+02
-1.868732149759928234e+02
-1.868587567647298044e+02
-1.868311058044432968e+02
-1.867780237833658532e+02
-1.866415105183918968e+02
-1.865482121785481411e+02
-1.864743291219075445e+02
-1.864334243774414119e+02
-1.863480761210123831e+02
-1.863123090108236113e+02
-1.862829294840495038e+02
-1.862268765767415459e+02
-1.862008595784505474e+02
-1.861783063252767363e+02
-1.860898226420084995e+02
-1.860625597635905137e+02
-1.860294235229492585e+02
-1.859877006530761889e+02
-1.859693003336588788e+02
-1.859600985209147268e+02
-1.859848716735839957e+02
-1.859913380940755303e+02
-1.859977790832519418e+02
-1.860084190368652060e+02
-1.860521194458007699e+02
-1.860593032836913778e+02
-1.860318458557128736e+02
-1.860198384602864223e+02
-1.860260019938150435e+02
-1.860105837504068802e+02
-1.859971453348795478e+02
-1.860052960713704522e+02
-1.860200838724772154e+02
-1.860569000244140625e+02
-1.861306894938151117e+02
-1.861606414794921989e+02
-1.862031923929850450e+02
-1.861687728881836108e+02
-1.861776672363281193e+02
-1.861537544250488168e+02
-1.861702677408854072e+02
-1.861730509440103845e+02
-1.862091387430826330e+02
-1.862713961283365052e+02
-1.862907981872558025e+02
-1.863083206176756903e+02
-1.863318105061848087e+02
-1.863436815897622978e+02
-1.864317583719888773e+02
-1.865205423990884697e+02
-1.864971361796060307e+02
-1.865680335998534645e+02
-1.865952054341634039e+02
-1.866367019653320369e+02
-1.866229494730631586e+02
-1.866981063842773665e+02
-1.868225453694661553e+02
-1.868933430989583542e+02
-1.869171488444010834e+02
-1.869672243754069427e+02
-1.870273226420084711e+02
-1.870420239766438897e+02
-1.870797131856282931e+02
-1.871679534912109375e+02
-1.873099805196126226e+02
-1.873497802734374886e+02
-1.873656936645508040e+02
-1.874132181803385038e+02
-1.874584925333658418e+02
-1.874986938476562273e+02
-1.875068539937336993e+02
-1.875646380106608149e+02
-1.875783910115559934e+02
-1.876052098592122661e+02
-1.876463185628255417e+02
-1.876749076843261719e+02
-1.877168403625488509e+02
-1.877003684997558537e+02
-1.877448364257812443e+02
-1.877663785298665289e+02
-1.877602806091308594e+02
-1.877695922851562500e+02
-1.878076482137044252e+02
-1.878438008626301894e+02
-1.878473439534504905e+02
-1.878872960408528456e+02
-1.879366602579752623e+02
-1.879575248718261662e+02
-1.879973559061686217e+02
-1.880772420247395758e+02
-1.881274645487467296e+02
-1.882138170878092467e+02
-1.883199729919433594e+02
-1.883971107482909986e+02
-1.884351493835449105e+02
-1.884976669311523381e+02
-1.885443272908528343e+02
-1.886306129455566349e+02
-1.886788370768229299e+02
-1.887721382141113509e+02
-1.888198122660319314e+02
-1.888999207814534600e+02
-1.889683891296386662e+02
-1.890141619364420649e+02
-1.891196301778157931e+02
-1.892080403645833826e+02
-1.893193155924479640e+02
-1.893924680074056539e+02
-1.894418838500977245e+02
-1.894790351867676463e+02
-1.895427253723144929e+02
-1.895824953715006984e+02
-1.896242024739584053e+02
-1.896126831054688182e+02
-1.896913096110026800e+02
-1.897437288920085052e+02
-1.897249318440755417e+02
-1.897631566365560047e+02
-1.898320597330729242e+02
-1.898609952290852902e+02
-1.898609163920084484e+02
-1.898826716105143362e+02
-1.899109189351399891e+02
-1.899472592671712050e+02
-1.899692446390787381e+02
-1.899997950236002282e+02
-1.900726725260416572e+02
-1.901217806498209200e+02
-1.901860814412434593e+02
-1.902307006835937102e+02
-1.902715815226236487e+02
-1.902865135192870696e+02
-1.903111930847167628e+02
-1.903609369913736771e+02
-1.903872151692708314e+02
-1.904418696085612055e+02
-1.904798093159993471e+02
-1.905243479410807197e+02
-1.905027015686034986e+02
-1.905433535257974995e+02
-1.905659545898437273e+02
-1.906193639119466070e+02
-1.906168558756510549e+02
-1.906115109761556141e+02
-1.906214708964029967e+02
-1.906088335673014456e+02
-1.906165766398111714e+02
-1.906494346618652003e+02
-1.905860020955403229e+02
-1.905276555379231525e+02
-1.905483868916829238e+02
-1.905339942932128849e+02
-1.904654271443685047e+02
-1.903915367126465128e+02
-1.903339843750000284e+02
-1.902744069417317689e+02
-1.902587712605794366e+02
-1.902788294474284214e+02
-1.902474026997884380e+02
-1.901966913859049839e+02
-1.900986157735189295e+02
-1.900233394622803189e+02
-1.899382654825846828e+02
-1.898817517598470488e+02
-1.897712661743164233e+02
-1.897222516377767079e+02
-1.896281926472981922e+02
-1.895839764912923613e+02
-1.895144376118978187e+02
-1.894589447021484716e+02
-1.894124186197916799e+02
-1.893260948181152230e+02
-1.892897323608398494e+02
-1.892555903116862055e+02
-1.891303733825683651e+02
-1.890226186116536553e+02
-1.889455401102701728e+02
-1.888942637125651061e+02
-1.888507817586263116e+02
-1.887980504353840843e+02
-1.887678270975748376e+02
-1.887538558959960540e+02
-1.886659075419107694e+02
-1.885814214070638002e+02
-1.885240549723307311e+02
-1.885539222717284815e+02
-1.885833445231119470e+02
-1.885818000793456690e+02
-1.885204531351724881e+02
-1.884851193745930971e+02
-1.885098136901855526e+02
-1.885026629130045421e+02
-1.885221964518229356e+02
-1.885424934387207259e+02
-1.885399052937825672e+02
-1.884916191101074503e+02
-1.884533149719238168e+02
-1.884023961385091184e+02
-1.884234143575032476e+02
-1.883892646789551009e+02
-1.884040720621744924e+02
-1.883786087036133097e+02
-1.883770884195963617e+02
-1.883569412231445312e+02
-1.883094937642415232e+02
-1.882689086914062386e+02
-1.882319547017415289e+02
-1.881879287719726790e+02
-1.881930824279785384e+02
-1.881598739624023438e+02
-1.880991465250650947e+02
-1.880710324605305743e+02
-1.880558748881021813e+02
-1.880909716288248319e+02
-1.881099711100260379e+02
-1.880879778544108376e+02
-1.880499755859375171e+02
-1.879426625569661553e+02
-1.879066546122233206e+02
-1.878933639526367188e+02
-1.878527697245280024e+02
-1.878488909403483262e+02
-1.878742368062337391e+02
-1.877843439737955862e+02
-1.877758303324381473e+02
-1.877913541158040402e+02
-1.877759702046712391e+02
-1.876983769734700616e+02
-1.876660344441731922e+02
-1.876448687235514683e+02
-1.875932291666666742e+02
-1.875983632405599337e+02
-1.876213549296061558e+02
-1.876684921264648835e+02
-1.877312199910482207e+02
-1.877568333943685275e+02
-1.877458325703939295e+02
-1.877341776529948447e+02
-1.876985326131185161e+02
-1.876773251851399777e+02
-1.876771891276041799e+02
-1.876866811116536269e+02
-1.876802846272786667e+02
-1.877362848917643703e+02
-1.877468002319336335e+02
-1.877464258829752737e+02
-1.876665484110514228e+02
-1.876455378214518248e+02
-1.876562761942545592e+02
-1.876514722188313442e+02
-1.876191411336263002e+02
-1.875950134277343864e+02
-1.875045918782552121e+02
-1.874685246785481638e+02
-1.875010696411133040e+02
-1.875326225280761605e+02
-1.875243868509928120e+02
-1.875744066874186160e+02
-1.876151873270670762e+02
-1.876268740336100223e+02
-1.876569628397623717e+02
-1.876362322489420364e+02
-1.876715581258137888e+02
-1.877274335225422703e+02
-1.877692120869954238e+02
-1.877918098449706577e+02
-1.877993466695149323e+02
-1.878244135538736828e+02
-1.878075454711913892e+02
-1.878229588826497150e+02
-1.878330513000487656e+02
-1.878895294189452727e+02
-1.879404904683430289e+02
-1.879340738932291117e+02
-1.879108024597167628e+02
-1.879186159769693347e+02
-1.879397672017414891e+02
-1.879925348917642793e+02
-1.880798052469888546e+02
-1.880960044860838991e+02
-1.881708719889322197e+02
-1.881727915445962935e+02
-1.881748598734537552e+02
-1.882629501342773324e+02
-1.883097585042317519e+02
-1.882716567993164176e+02
-1.882979840596516965e+02
-1.883372703552246037e+02
-1.883449302673340071e+02
-1.883322222391764456e+02
-1.883392944335937784e+02
-1.883601064046224565e+02
-1.883399579366048613e+02
-1.883519210815429972e+02
-1.883133580525716297e+02
-1.883092997233072765e+02
-1.883636840820312557e+02
-1.883791880289713561e+02
-1.883738794962565066e+02
-1.884196576436360715e+02
-1.884493492126464673e+02
-1.884405240376790118e+02
-1.884800882975260379e+02
-1.884460311889648381e+02
-1.884790969848632756e+02
-1.884006759643554290e+02
-1.883687533060709427e+02
-1.883094230651855128e+02
-1.883010350545247320e+02
-1.883076253255207746e+02
-1.882789326985676723e+02
-1.882891044616698935e+02
-1.883542195638020758e+02
-1.883136815388997434e+02
-1.882863278706868471e+02
-1.882692502339680800e+02
-1.882803588867187443e+02
-1.882424878438313840e+02
-1.882117914835612282e+02
-1.882034230550130474e+02
-1.881232531229655081e+02
-1.881243481953939067e+02
-1.881203742980957259e+02
-1.880625757853190407e+02
-1.880192197163900119e+02
-1.880081418355306369e+02
-1.879954661051432652e+02
-1.879785814921061444e+02
-1.880140365600585994e+02
-1.880310775756835824e+02
-1.880248051961262945e+02
-1.879670249938964730e+02
-1.878941912333170308e+02
-1.878739669799804233e+02
-1.878494168599446539e+02
-1.878660649617512775e+02
-1.878367909749348712e+02
-1.878464037577310819e+02
-1.877566309611002282e+02
-1.877171338399251113e+02
-1.877188446044921761e+02
-1.877429656982421591e+02
-1.877470230102538551e+02
-1.877371134440103901e+02
-1.876934544881184763e+02
-1.877062693277994470e+02
-1.877042193094889058e+02
-1.877094095865885208e+02
-1.876870374043782590e+02
-1.876897855122884096e+02
-1.876878568013509039e+02
-1.876904808044433537e+02
-1.877392616271972940e+02
-1.877220133463541742e+02
-1.876912127176921103e+02
-1.877255134582519815e+02
-1.877433827718099053e+02
-1.877209597269694257e+02
-1.877485112508138059e+02
-1.877224105834960994e+02
-1.877004203796387003e+02
-1.876901621500651345e+02
-1.876342142740885777e+02
-1.876533856709798442e+02
-1.875456591288248660e+02
-1.875734494527181084e+02
-1.876584732055664233e+02
-1.877017695109049384e+02
-1.877287475585937671e+02
-1.877459396362304744e+02
-1.877777687072753849e+02
-1.877864089965820256e+02
-1.877683560689290516e+02
-1.877841089884439896e+02
-1.877970901489257471e+02
-1.877867851257323935e+02
-1.878293368021647041e+02
-1.878746986389159588e+02
-1.878588312784830237e+02
-1.878173866271972656e+02
-1.878347195943196368e+02
-1.878253944396972770e+02
-1.877495435078938897e+02
-1.877060818990071880e+02
-1.877021438598632983e+02
-1.876266433715820483e+02
-1.876005126953125171e+02
-1.875707509358723826e+02
-1.875222287495930971e+02
-1.874849235534667855e+02
-1.874315068562825672e+02
-1.873535021464030024e+02
-1.873520924886067576e+02
-1.873364252726236714e+02
-1.873446131388346316e+02
-1.873115839640299498e+02
-1.872900266011555743e+02
-1.872370239257812159e+02
-1.872446400960286326e+02
-1.872155960083007926e+02
-1.871617973327636548e+02
-1.870751243591308253e+02
-1.870311637878417912e+02
-1.869989242553710938e+02
-1.869382250467936046e+02
-1.869070861816406364e+02
-1.868702542622883982e+02
-1.868347206115722372e+02
-1.868414695739745923e+02
-1.867926277160644304e+02
-1.867788660685221203e+02
-1.866880572001139171e+02
-1.866059122721354129e+02
-1.865442685445149777e+02
-1.865780296325683594e+02
-1.865347747802734375e+02
-1.864724311828612997e+02
-1.864766680399576728e+02
-1.864838869730631643e+02
-1.864897410074869981e+02
-1.864461039225260492e+02
-1.864381327311198220e+02
-1.864322621663411610e+02
-1.863693845113118641e+02
-1.864402898152669366e+02
-1.864528628031412723e+02
-1.864139755249022983e+02
-1.863783424377440952e+02
-1.863300175984700218e+02
-1.862926803588866846e+02
-1.862713223775227789e+02
-1.862787470499674214e+02
-1.862713132222493471e+02
-1.862458981831868527e+02
-1.862218360900879190e+02
-1.861903470357259494e+02
-1.861269902547200843e+02
-1.860927757263183935e+02
-1.861119687398275175e+02
-1.861571698506673727e+02
-1.861478108723958655e+02
-1.861398473103841695e+02
-1.861881210327148608e+02
-1.862487169901530422e+02
-1.862756581624349224e+02
-1.863476051330566747e+02
-1.863787320454915744e+02
-1.863981567382812727e+02
-1.864142171223958826e+02
-1.863857798258464129e+02
-1.864581682840983774e+02
-1.864629267374675123e+02
-1.864413780212402969e+02
-1.864506841023763855e+02
-1.864325480143229754e+02
-1.864420758565267420e+02
-1.864233637491862510e+02
-1.864186831156413007e+02
-1.864100603739420876e+02
-1.864335291544597055e+02
-1.864127586364746776e+02
-1.864867429097494096e+02
-1.864690055847168537e+02
-1.864454996744792368e+02
-1.864646624247234001e+02
-1.864112645467123173e+02
-1.863828628540039745e+02
-1.864093935648600961e+02
-1.863998639424642647e+02
-1.864387629191080862e+02
-1.864365964253743471e+02
-1.863926971435546989e+02
-1.863443578084309991e+02
-1.863265884399414176e+02
-1.863236333211262661e+02
-1.862640251159667741e+02
-1.862258923848469578e+02
-1.861775642395018906e+02
-1.861226598103840502e+02
-1.861118237813313101e+02
-1.860977569580077500e+02
-1.860819117228189725e+02
-1.860613703409830464e+02
-1.860840972900390113e+02
-1.860485135396321255e+02
-1.859994700113931856e+02
-1.859250979105631245e+02
-1.859454778035481581e+02
-1.859657704671224110e+02
-1.859587425231933651e+02
-1.859503901163736828e+02
-1.859414789835611828e+02
-1.859300862630208258e+02
-1.858867012023925724e+02
-1.858385965983072765e+02
-1.858739117940266965e+02
-1.858544433593750114e+02
-1.858994519551594919e+02
-1.858740081787109375e+02
-1.858628359476725507e+02
-1.858584086100260606e+02
-1.858450935363769645e+02
-1.857881604512532761e+02
-1.857288029988606866e+02
-1.857059679667155194e+02
-1.856898709615071823e+02
-1.856652384440104129e+02
-1.856729464213053404e+02
-1.856697705586751113e+02
-1.856939114888509152e+02
-1.857065803527831633e+02
-1.857335993448892850e+02
-1.857655848185221146e+02
-1.857490445454915289e+02
-1.857565244038899550e+02
-1.857260238647460824e+02
-1.857374150594075388e+02
-1.857589009602864394e+02
-1.857517206827799328e+02
-1.857591308593749773e+02
-1.857774243672688783e+02
-1.857354509989420706e+02
-1.857964073181152287e+02
-1.858243408203125000e+02
-1.858516092936197879e+02
-1.858799947102864678e+02
-1.858664456685384039e+02
-1.858446250915527003e+02
-1.858183718363443688e+02
-1.857887809753417514e+02
-1.857864110310871979e+02
-1.858306068420409929e+02
-1.858522313435872206e+02
-1.858755643208821198e+02
-1.858461278279622206e+02
-1.858729751586913892e+02
-1.859084098815917798e+02
-1.858742490132649721e+02
-1.858435536702474167e+02
-1.858001589457194314e+02
-1.857750356038411894e+02
-1.857188606262207600e+02
-1.857482175191244096e+02
-1.856724189758301407e+02
-1.855991210937500568e+02
-1.855951433817546103e+02
-1.855673507690430029e+02
-1.855152765909831203e+02
-1.854972737630208997e+02
-1.854650802612305256e+02
-1.854725064595540687e+02
-1.854026110331217581e+02
-1.853542533874511946e+02
-1.853747472127278684e+02
-1.853887133280436217e+02
-1.853259226481119697e+02
-1.853135948181152060e+02
-1.852684438069661326e+02
-1.852103207906087050e+02
-1.851376726786295137e+02
-1.850806905110676723e+02
-1.850668594360351165e+02
-1.850961814880370753e+02
-1.850728286743163835e+02
-1.850452837626139058e+02
-1.850159144083658589e+02
-1.849977050781249659e+02
-1.849662094116210938e+02
-1.849356048583984489e+02
-1.848646499633788949e+02
-1.847631619771321709e+02
-1.847702087402344091e+02
-1.847433242797851847e+02
-1.847071764628092865e+02
-1.846821194966634607e+02
-1.846927068074544707e+02
-1.846800486246745265e+02
-1.846716715494792140e+02
-1.847049634297689238e+02
-1.846769869486491018e+02
-1.846720560709635777e+02
-1.846213572184245209e+02
-1.845683807373046932e+02
-1.845328905741373831e+02
-1.845139050801595033e+02
-1.844926935831705919e+02
-1.845133201599120980e+02
-1.845206654866536553e+02
-1.845493329366047988e+02
-1.845334035237629848e+02
-1.845193951924641453e+02
-1.845593279520670364e+02
-1.845862912495930459e+02
-1.845940775553385151e+02
-1.845918899536132756e+02
-1.845831301371256359e+02
-1.845394119262695369e+02
-1.845539581298828011e+02
-1.845903836568196539e+02
-1.846218902587890511e+02
-1.846573997497558537e+02
-1.846722821553548215e+02
-1.846472557067871207e+02
-1.847166473388671761e+02
-1.848180130004882926e+02
-1.848055391947428063e+02
-1.849086212158203182e+02
-1.849024820963541345e+02
-1.848826835632324048e+02
-1.848783721923828125e+02
-1.847967618306477959e+02
-1.848207527160644474e+02
-1.848515998840331918e+02
-1.848789372762044252e+02
-1.848680974324544479e+02
-1.848817288716634266e+02
-1.849163831075032647e+02
-1.849163795471191349e+02
-1.849105013529459427e+02
-1.849526644388834598e+02
-1.849859779357909702e+02
-1.849894004821777003e+02
-1.849663716634114223e+02
-1.850163770039875999e+02
-1.850558995564778115e+02
-1.850832420349120753e+02
-1.851134707132974881e+02
-1.851095286051431685e+02
-1.851347122192382244e+02
-1.852527982076008470e+02
-1.853360443115233807e+02
-1.853377276102701501e+02
-1.853722640991210540e+02
-1.854206008911131960e+02
-1.854895250956217012e+02
-1.855221804300943518e+02
-1.855866907755533362e+02
-1.856133257548013660e+02
-1.856325561523437102e+02
-1.856702557881672817e+02
-1.857345314025878622e+02
-1.857598637898762775e+02
-1.857887430826822879e+02
-1.857937708536784100e+02
-1.858116271972656648e+02
-1.858551358540853187e+02
-1.858671661376953637e+02
-1.858606066385905251e+02
-1.858671577453613679e+02
-1.859112195332845658e+02
-1.859984380086263513e+02
-1.859878267923991473e+02
-1.860180394490560616e+02
-1.860664415995280478e+02
-1.860881657918294536e+02
-1.861131497701009607e+02
-1.861069961547852074e+02
-1.860994822184245265e+02
-1.861005968729655251e+02
-1.860963523864746207e+02
-1.861281789143880303e+02
-1.861739293416341354e+02
-1.861831601460774834e+02
-1.861926564534505246e+02
-1.861988380432129020e+02
-1.862273218790689953e+02
-1.861692169189453239e+02
-1.862188288370768134e+02
-1.862502471923828011e+02
-1.862881589253743471e+02
-1.863820948282877623e+02
-1.863902849833170592e+02
-1.864110048929850336e+02
-1.863968048095703125e+02
-1.864432690938313897e+02
-1.864946383158366245e+02
-1.864717554728190123e+02
-1.864710584004720317e+02
-1.865117869059244526e+02
-1.866066596984863111e+02
-1.866627070109049669e+02
-1.866973798116048329e+02
-1.867451876322428177e+02
-1.867960571289062557e+02
-1.868203526814778286e+02
-1.868295715332030795e+02
-1.868009295145670308e+02
-1.868138758341470975e+02
-1.868465176900227505e+02
-1.868481941223144247e+02
-1.868879542032877339e+02
-1.869611518859863111e+02
-1.869867889404296761e+02
-1.870281382242838220e+02
-1.870919687906901174e+02
-1.871318466186523608e+02
-1.871737515767415516e+02
-1.872334289550781534e+02
-1.872895195007324105e+02
-1.873379737854004077e+02
-1.873781778971354015e+02
-1.874951169331868641e+02
-1.875815556844075616e+02
-1.876652135213216184e+02
-1.877748893737793026e+02
-1.878632840474446652e+02
-1.879810236612955805e+02
-1.880654144287109659e+02
-1.881400375366211506e+02
-1.882177035013835109e+02
-1.882543128967285497e+02
-1.883500249226888172e+02
-1.883586400349935275e+02
-1.883424563090006814e+02
-1.884409515380859546e+02
-1.885568789164225336e+02
-1.886694221496582031e+02
-1.887924924214680971e+02
-1.888979451497395416e+02
-1.889937001546223314e+02
-1.890705993652343295e+02
-1.891096583048501998e+02
-1.892179621378580237e+02
-1.892858706156412438e+02
-1.892808410644531136e+02
-1.893252360026041003e+02
-1.894232810974120582e+02
-1.894790504455566236e+02
-1.895199440002441236e+02
-1.895573687235514058e+02
-1.895785769144693802e+02
-1.896369837443033930e+02
-1.896771217346191065e+02
-1.897599248250325559e+02
-1.898141845703125341e+02
-1.898690137227376624e+02
-1.899392725626627794e+02
-1.900004173278808821e+02
-1.900018010457356752e+02
-1.899312627156575388e+02
-1.899143943786621094e+02
-1.899327440897623376e+02
-1.899285296122232864e+02
-1.898975390116373489e+02
-1.898922884623209200e+02
-1.899458747863768906e+02
-1.899792572021483750e+02
-1.900252382914224540e+02
-1.900488728841145303e+02
-1.901277882893879791e+02
-1.901238614400227789e+02
-1.901187858581542400e+02
-1.900567220052083144e+02
-1.900634089152018191e+02
-1.899863019307454408e+02
-1.899725646972656250e+02
-1.899160542805989849e+02
-1.898407541910807481e+02
-1.898083831787109546e+02
-1.897598574320475393e+02
-1.897730234781901117e+02
-1.897007532755533816e+02
-1.896538223266601619e+02
-1.896207600911458258e+02
-1.895505358378092353e+02
-1.894303850809733092e+02
-1.893218414306640511e+02
-1.892425656636555686e+02
-1.891597450256347486e+02
-1.891064857482909929e+02
-1.890514872233073049e+02
-1.890083737691243471e+02
-1.890093442281087448e+02
-1.890152221679687727e+02
-1.889720308939615734e+02
-1.888773180643717637e+02
-1.888272064208984204e+02
-1.887492624918619697e+02
-1.886885157267252566e+02
-1.886482907613118414e+02
-1.885923405965169195e+02
-1.885437085469563954e+02
-1.885071238199870152e+02
-1.884654441833496321e+02
-1.884818443298340185e+02
-1.884377031962077353e+02
-1.884163770039876624e+02
-1.884052744547526288e+02
-1.883981740315755360e+02
-1.884176785786946766e+02
-1.883826616923014683e+02
-1.883953033447266421e+02
-1.884140909830729811e+02
-1.884172838846842808e+02
-1.883811045328776288e+02
-1.883391265869140909e+02
-1.883523796081543367e+02
-1.883135236104329522e+02
-1.884249959309896099e+02
-1.884992495218913007e+02
-1.885557375590006757e+02
-1.885918523152669195e+02
-1.886468734741210653e+02
-1.887334307352701330e+02
-1.887995254516601165e+02
-1.887911432902017737e+02
-1.888652600606282306e+02
-1.889127092997232751e+02
-1.889712000528971032e+02
-1.889144884745279853e+02
-1.889025652567545137e+02
-1.889245196024576501e+02
-1.890400034586588447e+02
-1.890886161804199048e+02
-1.891519686381022041e+02
-1.892181762695312273e+02
-1.893092763264973826e+02
-1.893935005187988168e+02
-1.893937899271647041e+02
-1.895010581970214787e+02
-1.894859598795572992e+02
-1.895819051106770985e+02
-1.896092976888021155e+02
-1.896440559387207543e+02
-1.897017524719238395e+02
-1.898077306111653968e+02
-1.898968917846679858e+02
-1.899732442220052349e+02
-1.900888628641764342e+02
-1.901711512247721316e+02
-1.902460749308268078e+02
-1.902842287699381245e+02
-1.903258127848307026e+02
-1.903888615926106525e+02
-1.904236239115396643e+02
-1.904907046000161870e+02
-1.905790598551431287e+02
-1.906790710449217841e+02
-1.907354604085285530e+02
-1.907912750244139488e+02
-1.908354504903156510e+02
-1.909012374877928835e+02
-1.909362116495767623e+02
-1.909977719624836823e+02
-1.910497436523436932e+02
-1.911301221211750487e+02
-1.911621241251626770e+02
-1.912124176025390057e+02
-1.912776850382486771e+02
-1.913196879069009810e+02
-1.913969919840494356e+02
-1.914155352274576387e+02
-1.913910036722818688e+02
-1.913721293131509924e+02
-1.914084721883137661e+02
-1.914533973693847315e+02
-1.914242347717285213e+02
-1.914489217122396099e+02
-1.914068771362304915e+02
-1.913805358886718864e+02
-1.913620600382486998e+02
-1.913268880208333655e+02
-1.912744280497233262e+02
-1.912147804260253849e+02
-1.911246426900227675e+02
-1.911190823872884152e+02
-1.910488573710123603e+02
-1.909716562906901061e+02
-1.909248858133951785e+02
-1.908864491780598769e+02
-1.909137364705403002e+02
-1.908657145182291401e+02
-1.908501225789387661e+02
-1.908076614379882301e+02
-1.907540715535481297e+02
-1.907012964884439725e+02
-1.906607116699218523e+02
-1.906157185872395416e+02
-1.906229410807291060e+02
-1.905724131266275378e+02
-1.905456275939940838e+02
-1.904635459899901946e+02
-1.904256729125976051e+02
-1.904370145161946084e+02
-1.904056154886880847e+02
-1.904016647338866619e+02
-1.903506034851073707e+02
-1.903122479756672760e+02
-1.902662483215331690e+02
-1.901965474446614053e+02
-1.901405337015787325e+02
-1.901036231994628452e+02
-1.900705838521321311e+02
-1.899512751261393078e+02
-1.899178563435872320e+02
-1.898826243082682197e+02
-1.898520612080891965e+02
-1.898292180379231695e+02
-1.898088808695475223e+02
-1.897576599121093750e+02
-1.897501332600911610e+02
-1.897242223103841354e+02
-1.896785151163737169e+02
-1.896212888081869039e+02
-1.895530415852864508e+02
-1.895183377583821596e+02
-1.895067347208658930e+02
-1.894601427714029853e+02
-1.894077089945475052e+02
-1.893715721130371321e+02
-1.893504051208496435e+02
-1.893260409037272041e+02
-1.892844764709472543e+02
-1.892734436035156307e+02
-1.892401260375976619e+02
-1.891996083577474224e+02
-1.892230351765950900e+02
-1.891770950317383040e+02
-1.891085660298665516e+02
-1.891192220052083997e+02
-1.891256947835287008e+02
-1.891858800252279025e+02
-1.892091392517090185e+02
-1.892314135233561672e+02
-1.892807512919108319e+02
-1.893137888590494811e+02
-1.893171989440918139e+02
-1.893427342732747434e+02
-1.893077283223470033e+02
-1.893191589355468807e+02
-1.893198102315267022e+02
-1.893176905314127509e+02
-1.893015861511230469e+02
-1.892765368143717239e+02
-1.893023900349934934e+02
-1.892771563212076558e+02
-1.892819819132486714e+02
-1.893004206339518305e+02
-1.892824541727702012e+02
-1.892514434814453637e+02
-1.892466209411621492e+02
-1.893073837280273608e+02
-1.893730473836263286e+02
-1.893628023783365961e+02
-1.893117304484049725e+02
-1.892937217712402571e+02
-1.893040046691894531e+02
-1.893077161153157704e+02
-1.893103767395019759e+02
-1.892766949971516794e+02
-1.892911570231119356e+02
-1.893155214945474825e+02
-1.892833844502766567e+02
-1.893147951761881131e+02
-1.893162455240884867e+02
-1.893569941202799214e+02
-1.893607327779133982e+02
-1.893308593749999886e+02
-1.893074806213378736e+02
-1.892759819030761435e+02
-1.892272224426269531e+02
-1.892167752583821709e+02
-1.891992879231770814e+02
-1.892124994913737055e+02
-1.891948328653971316e+02
-1.891818000793457202e+02
-1.891413721720377623e+02
-1.891216318766276174e+02
-1.890722038269042855e+02
-1.890328013102213163e+02
-1.890201128641764114e+02
-1.890118253072102732e+02
-1.890647534688313556e+02
-1.890504938761393134e+02
-1.890544530232747320e+02
-1.890549491882324276e+02
-1.890732528686523324e+02
-1.891042332967122093e+02
-1.891343940734863054e+02
-1.891028793334960767e+02
-1.890359916687011719e+02
-1.889494682312011946e+02
-1.889108975728353244e+02
-1.888780438741048044e+02
-1.888392272949218977e+02
-1.888000061035156421e+02
-1.887722529093424839e+02
-1.887609161376953182e+02
-1.887552131652832372e+02
-1.886979703267415402e+02
-1.886522196451822992e+02
-1.885971282958984432e+02
-1.885497062683105582e+02
-1.885024106343587391e+02
-1.884520774841308537e+02
-1.884088684082031193e+02
-1.883220461527506302e+02
-1.882535357157389342e+02
-1.882407765706380474e+02
-1.882045478820801065e+02
-1.881300600687662836e+02
-1.880876406351725336e+02
-1.879717781066894418e+02
-1.879030156453450786e+02
-1.879180470784505133e+02
-1.878723864237467467e+02
-1.878538256327311160e+02
-1.878222221374511776e+02
-1.877821708679199162e+02
-1.878138389587402060e+02
-1.877675036112467239e+02
-1.877365473429361487e+02
-1.876799072265624773e+02
-1.876629285176594806e+02
-1.876233718872070142e+02
-1.875413195292154569e+02
-1.874876536051431799e+02
-1.874733294169107580e+02
-1.874527384440104072e+02
-1.874438784281412609e+02
-1.874340825398763002e+02
-1.874281537373860544e+02
-1.874004964192708371e+02
-1.873817337036132926e+02
-1.874426269531250000e+02
-1.874144335428873944e+02
-1.874231430053711165e+02
-1.873990595499674328e+02
-1.874086456298828125e+02
-1.874164960225423044e+02
-1.874096318562825445e+02
-1.874290781656901004e+02
-1.874120826721191406e+02
-1.874220219930012945e+02
-1.874220542907714560e+02
-1.874203142801920592e+02
-1.874145479838053348e+02
-1.874600115458170535e+02
-1.874902997334798442e+02
-1.874992271423340355e+02
-1.875265065511067917e+02
-1.875483167012532988e+02
-1.875634760538737282e+02
-1.875683072408040744e+02
-1.875996200561523892e+02
-1.875895662943522382e+02
-1.875946792602539404e+02
-1.875639396667480980e+02
-1.875968175252279195e+02
-1.876669125874837221e+02
-1.876948010762532704e+02
-1.877435956319172874e+02
-1.877485254923502112e+02
-1.877998517354329238e+02
-1.878079040527343579e+02
-1.878491808573404853e+02
-1.878648638407389058e+02
-1.878877827962239166e+02
-1.878796951293944915e+02
-1.879077929178873205e+02
-1.879703038533528172e+02
-1.879540972391763773e+02
-1.880163324991861487e+02
-1.880150683085123262e+02
-1.879951545715331633e+02
-1.880093676249185819e+02
-1.879666226704914891e+02
-1.879719607035318631e+02
-1.879617869059244413e+02
-1.879829561869302950e+02
-1.880115834554036098e+02
-1.880672348022460767e+02
-1.881499610900878849e+02
-1.881759567260742188e+02
-1.882082855224609261e+02
-1.882540667215982921e+02
-1.883220573425293196e+02
-1.883647229512532419e+02
-1.884031499226887831e+02
-1.884527615865071368e+02
-1.885210904439290118e+02
-1.885574994405110658e+02
-1.886156364440917912e+02
-1.886862986246744640e+02
-1.886447306315104129e+02
-1.887142178853353016e+02
-1.887316345214843807e+02
-1.887612195332845317e+02
-1.887946314493815407e+02
-1.888413452148437841e+02
-1.889039710998535497e+02
-1.889058954874674612e+02
-1.889173006693522154e+02
-1.889767077128092296e+02
-1.890249771118163835e+02
-1.890508496602376454e+02
-1.890427988688150833e+02
-1.890212949117024834e+02
-1.890321535746256529e+02
-1.890582145690917741e+02
-1.890911966959635322e+02
-1.891668599446614678e+02
-1.892076299031575388e+02
-1.892185114542643305e+02
-1.892356188456217296e+02
-1.892755213419596316e+02
-1.893554196675618471e+02
-1.894305005391438499e+02
-1.894456812540690294e+02
-1.894652142842610658e+02
-1.894848747253418253e+02
-1.895111966451009096e+02
-1.895657056172688897e+02
-1.895692443847656250e+02
-1.895799980163574219e+02
-1.895848683675130246e+02
-1.896233454386393475e+02
-1.896972872416178575e+02
-1.897241872151692803e+02
-1.897451789855957145e+02
-1.897485094706217410e+02
-1.898068745930989394e+02
-1.897661610921223883e+02
-1.897774149576822822e+02
-1.898216346740722429e+02
-1.898122347513834427e+02
-1.898510396321614735e+02
-1.898262715657552349e+02
-1.898317904154459654e+02
-1.897973681131998944e+02
-1.897997660319010436e+02
-1.897732978820801009e+02
-1.897639767964681141e+02
-1.897930531819661439e+02
-1.898083485921224280e+02
-1.898579551696777514e+02
-1.898730028788248774e+02
-1.898327753702799612e+02
-1.898307617187499829e+02
-1.898471318562825161e+02
-1.898286389668782306e+02
-1.898296623229979900e+02
-1.898545224507649323e+02
-1.898312932332356695e+02
-1.898823804219563556e+02
-1.898996398925781079e+02
-1.899588015238444143e+02
-1.900309209187825559e+02
-1.900624209086100507e+02
-1.900567573547363054e+02
-1.900605415344238054e+02
-1.900593276977539290e+02
-1.900726631164550895e+02
-1.900067626953125171e+02
-1.899806856791178689e+02
-1.899774915059407476e+02
-1.900038828531901061e+02
-1.899594993591308594e+02
-1.899196833292643589e+02
-1.899564071655273665e+02
-1.899576454162597656e+02
-1.899378819783529195e+02
-1.899750829060872661e+02
-1.900143819173177064e+02
-1.900235733032226619e+02
-1.900538965861002794e+02
-1.900425163269042912e+02
-1.900433830261230241e+02
-1.900200803120930857e+02
-1.900065600077311103e+02
-1.900165982564290061e+02
-1.899683387756347202e+02
-1.899454732259114280e+02
-1.899474553426106525e+02
-1.899624305725097599e+02
-1.899544924418131302e+02
-1.899683245340982864e+02
-1.899157338460286439e+02
-1.899187853495280081e+02
-1.899231107076009550e+02
-1.899427302042643646e+02
-1.899022677103678802e+02
-1.899678052266438897e+02
-1.900355018615722713e+02
-1.900421396891275947e+02
-1.900571001688639114e+02
-1.900711120605468807e+02
-1.900689590454101676e+02
-1.900758364359537893e+02
-1.900715985616048158e+02
-1.900699701944986657e+02
-1.900484456380208087e+02
-1.900147560119628736e+02
-1.900059163411458201e+02
-1.900234024047851449e+02
-1.900095970153808480e+02
-1.899935689290364564e+02
-1.900148531595866075e+02
-1.900131762186686046e+02
-1.900022608439127509e+02
-1.899923253377278343e+02
-1.899867774963378793e+02
-1.899922889709472429e+02
-1.899970965067545308e+02
-1.900153719584147041e+02
-1.899658615112304858e+02
-1.899044743855794195e+02
-1.898560078938801894e+02
-1.898729578653970975e+02
-1.899043118794758982e+02
-1.898624160766601392e+02
-1.898575691223144588e+02
-1.898542727152506302e+02
-1.898909161885579522e+02
-1.899123087565104413e+02
-1.899238558451334598e+02
-1.899392018636067689e+02
-1.900309407552083201e+02
-1.900943621317545649e+02
-1.900773625691731752e+02
-1.900834429423014456e+02
-1.900644182840983092e+02
-1.900238616943359204e+02
-1.899819463094075331e+02
-1.899949879964192689e+02
-1.899984786987304801e+02
-1.900218574523925668e+02
-1.899703028361002737e+02
-1.899955818176269133e+02
-1.900173446655273324e+02
-1.900315203348795592e+02
-1.900779205322265568e+02
-1.900932248433431369e+02
-1.901360369364420819e+02
-1.901729390462240019e+02
-1.902164184570312955e+02
-1.902575233459473054e+02
-1.903352579752604186e+02
-1.903905268351237225e+02
-1.903996671040852959e+02
-1.904284268697103357e+02
-1.905081774393717922e+02
-1.905284800211589129e+02
-1.905150733947754418e+02
-1.905075482686360999e+02
-1.905380284627278797e+02
-1.905693140665690066e+02
-1.906474243164062727e+02
-1.906871007283528741e+02
-1.907484067281087334e+02
-1.907909339904785497e+02
-1.908419555664063125e+02
-1.909394109090169707e+02
-1.910397796630859943e+02
-1.910763427734375171e+02
-1.910980130513509607e+02
-1.911275138854980753e+02
-1.912041145324707543e+02
-1.912755760192871719e+02
-1.913310704549154195e+02
-1.914129923502604527e+02
-1.914894200642904138e+02
-1.915388402303060218e+02
-1.915871287027995038e+02
-1.915965484619140682e+02
-1.916837226867675668e+02
-1.917854365030924555e+02
-1.918588363647460824e+02
-1.918799479166666799e+02
-1.919053787231445369e+02
-1.919887863159179631e+02
-1.920612037658691236e+02
-1.921365633646646813e+02
-1.921880615234374545e+02
-1.922332405090331804e+02
-1.923144925435383925e+02
-1.923385904947916174e+02
-1.923541493733723939e+02
-1.923568461100260265e+02
-1.924087117513020644e+02
-1.925253191630045251e+02
-1.926358482360839446e+02
-1.927069040934244413e+02
-1.927841036478678518e+02
-1.928291496276855526e+02
-1.928796340942382983e+02
-1.928958498636881700e+02
-1.929890093485514626e+02
-1.930873397827148494e+02
-1.931235730489094919e+02
-1.931754730224609204e+02
-1.932161308288574162e+02
-1.932498479207356752e+02
-1.932995719909667969e+02
-1.933724917093912836e+02
-1.934238377888997320e+02
-1.934494321187337107e+02
-1.934508061726888002e+02
-1.934808403015136946e+02
-1.935171798706054744e+02
-1.935399820963541515e+02
-1.935772878011067917e+02
-1.935932996114095488e+02
-1.936542722066243698e+02
-1.937410896301269645e+02
-1.937508397420247661e+02
-1.938095367431640739e+02
-1.938387240091959711e+02
-1.938584391276041572e+02
-1.938762578328450275e+02
-1.938872156778971316e+02
-1.939148951212565066e+02
-1.938935707092285270e+02
-1.938686820983886889e+02
-1.938989944458008097e+02
-1.939227798461914176e+02
-1.939333786010742529e+02
-1.939242960611979356e+02
-1.939290509541829692e+02
-1.939066515604655478e+02
-1.938606506347656762e+02
-1.938429832458496662e+02
-1.938364860534668423e+02
-1.938498939514160497e+02
-1.938666297912597827e+02
-1.938424886067708712e+02
-1.938304367065429972e+02
-1.937997713724772382e+02
-1.937773358662923329e+02
-1.937804463704427178e+02
-1.937554659525553404e+02
-1.937529632568359261e+02
-1.937108617146809877e+02
-1.936818875630696652e+02
-1.936760223388671989e+02
-1.936110885620117301e+02
-1.936215855916341297e+02
-1.935656374613444086e+02
-1.935519564310709768e+02
-1.935060707092285384e+02
-1.934089978535970147e+02
-1.933116981506347827e+02
-1.932551401774088617e+02
-1.932422594706217751e+02
-1.932088193257649777e+02
-1.931533426920573220e+02
-1.931388730367025062e+02
-1.930807701110840071e+02
-1.930587397257486941e+02
-1.930237866719564011e+02
-1.929886978149414460e+02
-1.929626749674479811e+02
-1.929524447123210109e+02
-1.928600967407226960e+02
-1.927766955057780649e+02
-1.927328056335449844e+02
-1.926775482177735057e+02
-1.926520894368490247e+02
-1.925881235758464243e+02
-1.925569842020670990e+02
-1.925023867289225734e+02
-1.923857045491536724e+02
-1.923094662984212277e+02
-1.922177853902180971e+02
-1.921066304524739792e+02
-1.920939188639322595e+02
-1.920040463765461993e+02
-1.919646143595377339e+02
-1.919263852437337050e+02
-1.918624087015787438e+02
-1.918288736979166345e+02
-1.917437548319498717e+02
-1.917205324808756188e+02
-1.916497886657714673e+02
-1.915626853942871151e+02
-1.914775428771972656e+02
-1.913755002339681255e+02
-1.913427912394206203e+02
-1.912830240885417084e+02
-1.912600596110026459e+02
-1.912534306844075900e+02
-1.911978401184082372e+02
-1.911189692179362112e+02
-1.910221433003743527e+02
-1.909669034322103016e+02
-1.909064811706543026e+02
-1.908510475158691406e+02
-1.907592206319172874e+02
-1.907016125996907192e+02
-1.906322067260742017e+02
-1.905604743957519247e+02
-1.904777809143065781e+02
-1.904344250996907135e+02
-1.904075149536132585e+02
-1.903410062154134152e+02
-1.903301500956217467e+02
-1.902396380106607978e+02
-1.902342526753743073e+02
-1.902093447367350052e+02
-1.902004745483398267e+02
-1.901897743225097202e+02
-1.901964851379394474e+02
-1.901604382832844919e+02
-1.901485150655110772e+02
-1.901328249613443973e+02
-1.901740608215332031e+02
-1.901682726542154853e+02
-1.902230209350585710e+02
-1.901687886555989451e+02
-1.902367500305175554e+02
-1.902478477478027230e+02
-1.902618761698404626e+02
-1.902824002583821255e+02
-1.903385182698567348e+02
-1.903678281148274607e+02
-1.903933321634928291e+02
-1.904007606506347940e+02
-1.904031188964843864e+02
-1.903988176981608262e+02
-1.904012023925780852e+02
-1.904247184753417628e+02
-1.904846705118814896e+02
-1.905747360229491960e+02
-1.906503056844075275e+02
-1.907512557983398267e+02
-1.908411318461099881e+02
-1.909262624104817405e+02
-1.909849342346190895e+02
-1.910341972351073707e+02
-1.911142616271972088e+02
-1.911795166015624545e+02
-1.912989105224608863e+02
-1.913587448120116790e+02
-1.914396293640136264e+02
-1.915337763468423873e+02
-1.916405520121255961e+02
-1.917379417419433310e+02
-1.917964330037434308e+02
-1.918759160359699933e+02
-1.919663950602212878e+02
-1.920447786966959427e+02
-1.921148300170898153e+02
-1.921977912902831918e+02
-1.923087855021158532e+02
-1.923446551005045251e+02
-1.924263598124185819e+02
-1.925710372924804403e+02
-1.927213394165038949e+02
-1.928366994222005246e+02
-1.929110366821289517e+02
-1.929986562093099280e+02
-1.931129030863444314e+02
-1.932268580118815180e+02
-1.932917653401692917e+02
-1.933547248840332031e+02
-1.934008010864257869e+02
-1.934617774963379020e+02
-1.935675196329752623e+02
-1.936313252766927349e+02
-1.936991630554199446e+02
-1.937430025736490506e+02
-1.937769462585449105e+02
-1.938458836873372206e+02
-1.938703776041666629e+02
-1.939109049479166629e+02
-1.938762804667154853e+02
-1.939282658894856866e+02
-1.939343261718750000e+02
-1.939619227091471316e+02
-1.939300170898437727e+02
-1.939179288228352789e+02
-1.939864115397135151e+02
-1.940105349222818916e+02
-1.940232554117838504e+02
-1.940345761617024607e+02
-1.940531946818034044e+02
-1.941101890563965071e+02
-1.941558492024739735e+02
-1.942110768636067633e+02
-1.942886370340983149e+02
-1.943531209309895758e+02
-1.943656112670898324e+02
-1.943735028584798101e+02
-1.943995465596516965e+02
-1.944088968912760436e+02
-1.943845738728840900e+02
-1.943699658711751113e+02
-1.943545443216959256e+02
-1.943499239603678177e+02
-1.943549613952636435e+02
-1.943328145345051894e+02
-1.942763730367024380e+02
-1.942190533955891851e+02
-1.941186561584472656e+02
-1.940319908142089673e+02
-1.939710566202799100e+02
-1.939813824971516851e+02
-1.939380429585774834e+02
-1.938812037150065066e+02
-1.938123209635416799e+02
-1.937459551493327012e+02
-1.937168795267740791e+02
-1.936544364929198991e+02
-1.936018254597981638e+02
-1.935797932942708428e+02
-1.935256530761718636e+02
-1.934173006693522154e+02
-1.933265416463216297e+02
-1.932730748494466013e+02
-1.932237047831217183e+02
-1.931636377970377509e+02
-1.930520314534505246e+02
-1.929817741394043082e+02
-1.929329271952311728e+02
-1.928167266845703693e+02
-1.927453437805176293e+02
-1.926989702860514910e+02
-1.925590126037598111e+02
-1.924815775553386175e+02
-1.923800603230794763e+02
-1.922654352823893760e+02
-1.921604441324870436e+02
-1.920697141011556539e+02
-1.919748364766439295e+02
-1.918723719278971771e+02
-1.917568443298340242e+02
-1.916042017618815692e+02
-1.915034174601237567e+02
-1.914148195902506870e+02
-1.913297884623209768e+02
-1.912774937947591241e+02
-1.911560658772786496e+02
-1.910477099100748717e+02
-1.909201502482096657e+02
-1.908432680765788234e+02
-1.907034111022949503e+02
-1.905958880106608149e+02
-1.904799809773763002e+02
-1.903675132751464787e+02
-1.902493492126465071e+02
-1.901407653808593636e+02
-1.900884012858072936e+02
-1.900180287679036724e+02
-1.899354319254557595e+02
-1.898243705749512173e+02
-1.897372950236002680e+02
-1.896520174662272211e+02
-1.895753702799479186e+02
-1.895100992838541742e+02
-1.894308049519856922e+02
-1.893643366495768419e+02
-1.893052256266276459e+02
-1.892897613525391023e+02
-1.893113917032877680e+02
-1.893011400858561046e+02
-1.892408617655435989e+02
-1.891656051635742131e+02
-1.891106969197591070e+02
-1.890385363260904796e+02
-1.889742581685383982e+02
-1.889140032450358149e+02
-1.888487953186034929e+02
-1.888086644490559820e+02
-1.887126207987467126e+02
-1.886244809468587107e+02
-1.885536966959635663e+02
-1.884629770914713731e+02
-1.884248112996419593e+02
-1.883461748758952012e+02
-1.882346425374348939e+02
-1.881950996398925895e+02
-1.881475039164225507e+02
-1.880826220194499001e+02
-1.880048678080241302e+02
-1.879898498535156364e+02
-1.879353169759114621e+02
-1.878777674357096714e+02
-1.878302108764648324e+02
-1.877962824503580350e+02
-1.877761456807454294e+02
-1.877714744567870753e+02
-1.878028612772623376e+02
-1.878312454223632528e+02
-1.878513455708821596e+02
-1.878621317545572822e+02
-1.879168647766113054e+02
-1.879754249572753793e+02
-1.880253631591796761e+02
-1.880373713175455634e+02
-1.880378883361816520e+02
-1.880408317565918139e+02
-1.880043805440267306e+02
-1.880174568176269645e+02
-1.880777361551920706e+02
-1.880710474650065294e+02
-1.881258188883463447e+02
-1.881494656880696255e+02
-1.881537244160969919e+02
-1.881455042521158418e+02
-1.881452700297037381e+02
-1.881227055867512945e+02
-1.881166132609049271e+02
-1.881234423319498887e+02
-1.880937695821126283e+02
-1.880566403706868357e+02
-1.880402193705240848e+02
-1.880393203735351904e+02
-1.880545239766439067e+02
-1.880351275126139683e+02
-1.879707000732422273e+02
-1.879550750732422273e+02
-1.879367296854655365e+02
-1.879269724527995038e+02
-1.879323598225911667e+02
-1.878830083211263116e+02
-1.878759330749511491e+02
-1.878514015197753793e+02
-1.878296229044596259e+02
-1.878471242268880133e+02
-1.878367129007975223e+02
-1.878530802408854186e+02
-1.878707682291666856e+02
-1.878743118286132869e+02
-1.878937057495117529e+02
-1.879650896708170649e+02
-1.880380170186360544e+02
-1.880699099222819086e+02
-1.880746017456054915e+02
-1.881435605367024664e+02
-1.882477620442708428e+02
-1.882661254882812329e+02
-1.883130915323893078e+02
-1.882993059794107751e+02
-1.883579269409179062e+02
-1.883993525187173930e+02
-1.884869178771972145e+02
-1.885243080139159702e+02
-1.886007184346516397e+02
-1.886552235921223541e+02
-1.886706893920898267e+02
-1.886670745849609148e+02
-1.886457550048827443e+02
-1.886299619038899209e+02
-1.886411015828449820e+02
-1.886357660929361373e+02
-1.886216036478677722e+02
-1.886000473022460255e+02
-1.885608172098795023e+02
-1.885188288370767964e+02
-1.885620618184407249e+02
-1.885057945251464560e+02
-1.885115069071451330e+02
-1.884761698404947765e+02
-1.884625747680663892e+02
-1.885034876505533816e+02
-1.885075289408365791e+02
-1.884896565755208258e+02
-1.884773226420084598e+02
-1.884804367065429744e+02
-1.884801979064941406e+02
-1.884902384440104015e+02
-1.884464787801106809e+02
-1.884138720194498546e+02
-1.884449989318847258e+02
-1.885102704366047703e+02
-1.885128545125324706e+02
-1.885177246093749091e+02
-1.884846460978189384e+02
-1.884900388081867675e+02
-1.885525525410969294e+02
-1.885904101053872921e+02
-1.886090408325194403e+02
-1.886224337259927779e+02
-1.886402269999185819e+02
-1.886521751403808196e+02
-1.886787874857584484e+02
-1.886865269978841013e+02
-1.886881627400715900e+02
-1.886909820556640511e+02
-1.886851867675781307e+02
-1.886737129211425383e+02
-1.886730717976887775e+02
-1.886705907185872206e+02
-1.886864585876464560e+02
-1.886872764587402003e+02
-1.886957992553710710e+02
-1.887261286417642907e+02
-1.887841046651203953e+02
-1.887561032613117789e+02
-1.887136088053384810e+02
-1.886811436971028115e+02
-1.886744659423827670e+02
-1.887161768595377112e+02
-1.887374712626138944e+02
-1.887355359395344578e+02
-1.887157338460285985e+02
-1.887342442830403400e+02
-1.886762329101562443e+02
-1.886138870239257699e+02
-1.886058415730794025e+02
-1.886370335896809820e+02
-1.886665995279947765e+02
-1.886878117879232093e+02
-1.886602533976237055e+02
-1.886744588216145928e+02
-1.886928576151530024e+02
-1.887145965576171989e+02
-1.887218315124512173e+02
-1.887344230651855810e+02
-1.887055842081706203e+02
-1.887499000549316861e+02
-1.888028615315755587e+02
-1.888313835144043367e+02
-1.888174850463867358e+02
-1.887731602986653741e+02
-1.887659835815429972e+02
-1.887955500284830919e+02
-1.888068252563476790e+02
-1.888458821614583485e+02
-1.888437530517578011e+02
-1.888379959106445085e+02
-1.888625111897786439e+02
-1.889073778788248603e+02
-1.888881815592447708e+02
-1.888555638631184479e+02
-1.888809984842935989e+02
-1.889075564066568802e+02
-1.889369494120279853e+02
-1.889701805114746094e+02
-1.889836301167806027e+02
-1.889366729736328523e+02
-1.889490358988444143e+02
-1.889566019694010777e+02
-1.889682701110840242e+02
-1.890169207255046047e+02
-1.890123318990072221e+02
-1.890351366678874285e+02
-1.890477864583333769e+02
-1.890618181864421103e+02
-1.891375269571940407e+02
-1.891645304361979356e+02
-1.891583112080892022e+02
-1.892010940551757869e+02
-1.891995503743489735e+02
-1.892190188090006586e+02
-1.891966417948405024e+02
-1.892246635437011832e+02
-1.891906394958496378e+02
-1.891762746175130303e+02
-1.891918881734212334e+02
-1.891797635396321482e+02
-1.891869822184244754e+02
-1.891954925537109489e+02
-1.891845235188802405e+02
-1.892127296447754077e+02
-1.892158111572266250e+02
-1.892057792663574673e+02
-1.892906768798828239e+02
-1.893600179036458542e+02
-1.894043596903483149e+02
-1.894092086791992244e+02
-1.894046470642090014e+02
-1.893878588358561501e+02
-1.894089355468750284e+02
-1.894487060546874773e+02
-1.894666984558105298e+02
-1.894903605143229015e+02
-1.895338462829589616e+02
-1.895899559020996037e+02
-1.896657953898111657e+02
-1.896758633931477505e+02
-1.896780387878417855e+02
-1.896990099589029626e+02
-1.897907330830891510e+02
-1.898470581054687045e+02
-1.898714604695637718e+02
-1.898637568155924384e+02
-1.899032000223795364e+02
-1.899080785115559706e+02
-1.899593500773111714e+02
-1.900442461649576273e+02
-1.900756846110025720e+02
-1.901119964599608920e+02
-1.901432813008626113e+02
-1.902523371378580634e+02
-1.903160265604655024e+02
-1.903466974894205919e+02
-1.903916684468587448e+02
-1.904324879964192974e+02
-1.904900217692057822e+02
-1.905672566731770985e+02
-1.905974024454752964e+02
-1.906244608561198390e+02
-1.906676266988118869e+02
-1.907155853271484887e+02
-1.908262288411458769e+02
-1.909281728108724110e+02
-1.910630022684733262e+02
-1.911419438680013059e+02
-1.912077921549479527e+02
-1.912893124898274664e+02
-1.913633148193359261e+02
-1.914071426391601562e+02
-1.915175905863444257e+02
-1.915863555908203466e+02
-1.916413330078125057e+02
-1.917042966206868186e+02
-1.917473241170247036e+02
-1.918247355143228958e+02
-1.919283284505207803e+02
-1.920510907491047874e+02
-1.921090380350748319e+02
-1.921737620035806913e+02
-1.922271825154622036e+02
-1.922963811238606411e+02
-1.922938761393228617e+02
-1.923901746114094919e+02
-1.924094940185546818e+02
-1.924491292317708258e+02
-1.924971191406249886e+02
-1.926045855204264399e+02
-1.926916506449381359e+02
-1.927804484049479470e+02
-1.928658401489257983e+02
-1.929272328694661667e+02
-1.929787953694661553e+02
-1.930151685078939181e+02
-1.930802439371745152e+02
-1.931051091512044309e+02
-1.931278745015462448e+02
-1.932181900024414176e+02
-1.932998199462890909e+02
-1.933662104288736998e+02
-1.933961858113607093e+02
-1.934552881876627737e+02
-1.935199066162109318e+02
-1.935735626220703409e+02
-1.936463760375976619e+02
-1.937381899515787609e+02
-1.937917729695637945e+02
-1.938335955301920706e+02
-1.939525983174642079e+02
-1.939413230895996207e+02
-1.939673914591471373e+02
-1.939712692260742131e+02
-1.939773882548014114e+02
-1.939645151774088561e+02
-1.939679835001627453e+02
-1.940023778279622206e+02
-1.939938896179199332e+02
-1.940441617329915118e+02
-1.940986663818359261e+02
-1.941528345743815009e+02
-1.941094576517740791e+02
-1.941122037251790289e+02
-1.940727778116861941e+02
-1.940545277913411439e+02
-1.939609105428060047e+02
-1.939593409220377680e+02
-1.939389541625976676e+02
-1.938797520955403400e+02
-1.938857040405273438e+02
-1.939015963236490734e+02
-1.939080411275227789e+02
-1.939178502400716297e+02
-1.939355684916178575e+02
-1.939386973063151345e+02
-1.939690874735514399e+02
-1.939729909261067746e+02
-1.939324684143066406e+02
-1.939506629943847429e+02
-1.939786415100097656e+02
-1.939878194173177235e+02
-1.940068623860676951e+02
-1.940284833272297931e+02
-1.940942214965820085e+02
-1.940969678243000942e+02
-1.941659528096516567e+02
-1.941952036539712765e+02
-1.942423405965168683e+02
-1.942435539245605298e+02
-1.942235916137694858e+02
-1.942068934122720805e+02
-1.941821945190429233e+02
-1.941848002115885095e+02
-1.942000378926594806e+02
-1.942321833292643021e+02
-1.942241190592447708e+02
-1.942477572123209200e+02
-1.941949699401855014e+02
-1.941564066569010265e+02
-1.941549563090005961e+02
-1.941526456197101993e+02
-1.941109380086262206e+02
-1.940718465169270246e+02
-1.940264086405435933e+02
-1.940191869099934365e+02
-1.939749951680500430e+02
-1.939146675109862770e+02
-1.939092257181802665e+02
-1.938702222188312874e+02
-1.937591776529947367e+02
-1.937451367696125715e+02
-1.937722941080728560e+02
-1.937605173746744072e+02
-1.937638201395670308e+02
-1.938010238647460710e+02
-1.938251134236653570e+02
-1.937977322896321368e+02
-1.938123265584309536e+02
-1.937792973836262718e+02
-1.937790351867675724e+02
-1.937410967508951956e+02
-1.937862467447916401e+02
-1.937918223063150833e+02
-1.938076418558756586e+02
-1.937984252929687443e+02
-1.938359189351399436e+02
-1.938009752909341898e+02
-1.937749481201171307e+02
-1.938086105346679346e+02
-1.937915707906087164e+02
-1.937714513142903741e+02
-1.936905120849609432e+02
-1.936143610636393078e+02
-1.935785733540853073e+02
-1.934682960510253906e+02
-1.934302528381347770e+02
-1.933715578715006984e+02
-1.933448130289713731e+02
-1.932926470438639512e+02
-1.932672042846680256e+02
-1.932343320210775346e+02
-1.932083557128906648e+02
-1.931293599446615019e+02
-1.930826039632161724e+02
-1.929962196350097940e+02
-1.929073262532552349e+02
-1.929073750813801951e+02
-1.928109654744466184e+02
-1.927443204243978130e+02
-1.927504297892253078e+02
-1.927429349263509550e+02
-1.927371528625488679e+02
-1.927005757649739905e+02
-1.926783546447753963e+02
-1.925950144449869867e+02
-1.925431620279948106e+02
-1.925176976521810275e+02
-1.925794934590657874e+02
-1.925943743387858262e+02
-1.925364631652832372e+02
-1.924890637715657817e+02
-1.925208081563313840e+02
-1.925398943583170706e+02
-1.925883143107096487e+02
-1.926028984069824332e+02
-1.926249959309895701e+02
-1.926553179423014512e+02
-1.926493878682454408e+02
-1.926667734781900947e+02
-1.926967313130696766e+02
-1.927677866617838731e+02
-1.927456990559896042e+02
-1.927476015726725223e+02
-1.927443003336588561e+02
-1.927451683044433821e+02
-1.927385017395019702e+02
-1.927695833841959825e+02
-1.927794835408528513e+02
-1.927847791035970033e+02
-1.927764826456705691e+02
-1.927779953002929574e+02
-1.927599769592284815e+02
-1.927385579427083258e+02
-1.926966456095377680e+02
-1.927067593892415118e+02
-1.927351003011067405e+02
-1.927723246256510379e+02
-1.927776377360025890e+02
-1.927953379313150890e+02
-1.927985410054525062e+02
-1.928014862060547046e+02
-1.928553601582845261e+02
-1.928921750386556084e+02
-1.929054234822591241e+02
-1.929528889973958599e+02
-1.929478988647461222e+02
-1.929551846822103016e+02
-1.929790712992350450e+02
-1.929748568216959939e+02
-1.929867991129557652e+02
-1.929841631571452183e+02
-1.929581171671549669e+02
-1.929563769022624058e+02
-1.929894589742025062e+02
-1.929753331502278968e+02
-1.929602714538574446e+02
-1.929047548929850109e+02
-1.928956769307454238e+02
-1.929081222534179858e+02
-1.928823450724284214e+02
-1.928873802185058537e+02
-1.928842926025390057e+02
-1.929061498006184650e+02
-1.928891815185546648e+02
-1.929426747639973883e+02
-1.929620994567870866e+02
-1.929564389546711993e+02
-1.929147221883137888e+02
-1.928889981587727789e+02
-1.929327840169270871e+02
-1.929659194946289062e+02
-1.929144470214843921e+02
-1.928996833801269588e+02
-1.928508397420247604e+02
-1.928155626932780251e+02
-1.928074055989583826e+02
-1.927895800272624172e+02
-1.927661191304525232e+02
-1.927300793965657988e+02
-1.927216817220052292e+02
-1.926562515258789290e+02
-1.926876169840494697e+02
-1.926779858907063385e+02
-1.926485972086588276e+02
-1.926204800923665061e+02
-1.925947964986165459e+02
-1.925236340840657476e+02
-1.924734873453775776e+02
-1.924450363159179460e+02
-1.924086853027343409e+02
-1.923776898701985374e+02
-1.924049957275390454e+02
-1.924113794962564725e+02
-1.924293655395507585e+02
-1.923731951395670308e+02
-1.923033866882323935e+02
-1.922551411946614337e+02
-1.921954353332519077e+02
-1.921401095072427836e+02
-1.921302157084146529e+02
-1.921288500467935592e+02
-1.920911809285481127e+02
-1.920244400024413665e+02
-1.919979448954263717e+02
-1.919565063476561591e+02
-1.919150520324706406e+02
-1.919009524027505904e+02
-1.918423388163248262e+02
-1.917997723897297817e+02
-1.917387191772460824e+02
-1.916772059122720862e+02
-1.916165145874022926e+02
-1.915719726562499545e+02
-1.914395891825357694e+02
-1.914394175211588163e+02
-1.914125732421874773e+02
-1.913921223958333258e+02
-1.913618492126464901e+02
-1.913151657104492358e+02
-1.912461624145507812e+02
-1.911731157938639569e+02
-1.911086179097493414e+02
-1.910218655904134266e+02
-1.909723841349284044e+02
-1.909113657633463959e+02
-1.908366729736328296e+02
-1.907579203287760379e+02
-1.906415168762206918e+02
-1.905339355468750000e+02
-1.904653808593749886e+02
-1.904303713480631473e+02
-1.904265754699706861e+02
-1.903647898356119299e+02
-1.903444394429524493e+02
-1.903265683492024323e+02
-1.902550565083820970e+02
-1.902180722554524266e+02
-1.901442652384439782e+02
-1.900846641540526889e+02
-1.900574849446614394e+02
-1.900231849670410043e+02
-1.898969668070475052e+02
-1.898142857869466411e+02
-1.897721191406249943e+02
-1.897397649129231922e+02
-1.897125460306803291e+02
-1.897028284708658816e+02
-1.896819613138834484e+02
-1.895948303222656079e+02
-1.895780314127603958e+02
-1.895872316996256473e+02
-1.895505589803059650e+02
-1.895275100708007585e+02
-1.894672556559244470e+02
-1.894355974833170251e+02
-1.894025899251301723e+02
-1.893904360453287552e+02
-1.894054008483886946e+02
-1.893675638834635322e+02
-1.893288469950358035e+02
-1.892728286743164006e+02
-1.892457041422526061e+02
-1.892765843709310047e+02
-1.892678497314453239e+02
-1.892654520670573106e+02
-1.892927202860514058e+02
-1.892921663920084541e+02
-1.892977193196614678e+02
-1.893070882161458144e+02
-1.892863891601562329e+02
-1.893004503885904910e+02
-1.892762257893880076e+02
-1.892884167989095090e+02
-1.893604036966959825e+02
-1.893806818644205805e+02
-1.894172279357910043e+02
-1.893946093241373489e+02
-1.894350524902343693e+02
-1.894532666524251283e+02
-1.895221575419107864e+02
-1.895733194986978845e+02
-1.896162249247232694e+02
-1.896230161031086823e+02
-1.896850062052408532e+02
-1.896870643615722258e+02
-1.897150533040364166e+02
-1.897993578592935933e+02
-1.898754549662271813e+02
-1.899475624084472543e+02
-1.899531956990559820e+02
-1.899356966654459598e+02
-1.899038101196289006e+02
-1.899435760498047046e+02
-1.899325383504231866e+02
-1.899512802124023381e+02
-1.899670982360839844e+02
-1.899669077555338674e+02
-1.900508921305338674e+02
-1.900886711120605810e+02
-1.900801795959473282e+02
-1.901098925272624172e+02
-1.901870117187500284e+02
-1.902382164001465128e+02
-1.902483757019043367e+02
-1.902696128845215071e+02
-1.902728851318359773e+02
-1.903137842814127794e+02
-1.903210136413574673e+02
-1.903912335713704920e+02
-1.903751431783040573e+02
-1.903958585103353016e+02
-1.903895225524902344e+02
-1.903553415934244697e+02
-1.903392494201660270e+02
-1.903682184855143191e+02
-1.903900248209635606e+02
-1.904309710184733149e+02
-1.904252685546875341e+02
-1.904838661193847997e+02
-1.905133641560872775e+02
-1.905433634440103958e+02
-1.905397738138834711e+02
-1.905575403849284157e+02
-1.906135271708170649e+02
-1.906503682454427064e+02
-1.906247728983561274e+02
-1.906182136535644531e+02
-1.906212598164876226e+02
-1.906146944681803177e+02
-1.906411074320475336e+02
-1.906803283691406250e+02
-1.907417249043782590e+02
-1.907687288920084825e+02
-1.907950978597005189e+02
-1.907756818135579238e+02
-1.908117319742838447e+02
-1.908948659261068030e+02
-1.909523300170898494e+02
-1.909930605570475279e+02
-1.910136535644531364e+02
-1.910056732177734489e+02
-1.910176991780598996e+02
-1.910703180948893589e+02
-1.910657798767090014e+02
-1.910974408467610886e+02
-1.911189847310384096e+02
-1.911540606180826956e+02
-1.911477536519368812e+02
-1.911218070983887003e+02
-1.910777753194173272e+02
-1.910992800394693916e+02
-1.911453229268391851e+02
-1.911611419677734318e+02
-1.912119158426920364e+02
-1.912242604573567348e+02
-1.912880991617838333e+02
-1.913468823750813783e+02
-1.913559466044108035e+02
-1.914002896626790289e+02
-1.914526697794596544e+02
-1.914419789632161439e+02
-1.914347323099772211e+02
-1.914506337483723826e+02
-1.914706230163573935e+02
-1.914876742045084654e+02
-1.915514813741048386e+02
-1.915700894673665289e+02
-1.915912353515624886e+02
-1.916024070739745753e+02
-1.916566594441731297e+02
-1.916804387410481354e+02
-1.916947087605793740e+02
-1.917542554219563442e+02
-1.918457148234049043e+02
-1.918456479390462164e+02
-1.918926506042480469e+02
-1.919325180053710653e+02
-1.920099884033202784e+02
-1.920418642679850052e+02
-1.920890144348144304e+02
-1.920895472208659100e+02
-1.921496960957845204e+02
-1.922084264119466468e+02
-1.921814389546712221e+02
-1.921905710856119640e+02
-1.922540952046712448e+02
-1.923139556884765398e+02
-1.923665774027506643e+02
-1.924301401774088731e+02
-1.924882354736328409e+02
-1.925204338073730526e+02
-1.926228551228841184e+02
-1.927064198811848712e+02
-1.927371330261230469e+02
-1.928515373229980412e+02
-1.928861089070638002e+02
-1.929640192667642964e+02
-1.930165173848469919e+02
-1.930883097330729186e+02
-1.931782778422037836e+02
-1.932537343343099110e+02
-1.933301282246908102e+02
-1.934068758646647268e+02
-1.934859662373860942e+02
-1.935757100423177519e+02
-1.936698468526204806e+02
-1.937322003682454579e+02
-1.938841011047363736e+02
-1.940210627237956089e+02
-1.941949455261230639e+02
-1.943269269307454579e+02
-1.944357437133789119e+02
-1.945471750895182197e+02
-1.946451805114745923e+02
-1.947352737426757585e+02
-1.948124356587727561e+02
-1.948974522908528400e+02
-1.949937390645344806e+02
-1.950883069356282249e+02
-1.951676780700683196e+02
-1.952801376342773096e+02
-1.954304730733235544e+02
-1.954929669698079522e+02
-1.955986572265625227e+02
-1.957100166320800838e+02
-1.957743125915527571e+02
-1.958368253072103187e+02
-1.959346384684245379e+02
-1.960347427368164404e+02
-1.961090225219726904e+02
-1.962154815673828523e+02
-1.963616228739421103e+02
-1.964169344584147439e+02
-1.964661638895670990e+02
-1.966074620564779138e+02
-1.966926803588867472e+02
-1.967752235412598338e+02
-1.968687810262044877e+02
-1.969082066853841582e+02
-1.969710138956705805e+02
-1.970852121988932311e+02
-1.971815656026204522e+02
-1.972304565429687671e+02
-1.973409797668456918e+02
-1.974445994059244640e+02
-1.975357416788736771e+02
-1.976672681172688613e+02
-1.977703277587890511e+02
-1.978668050130208087e+02
-1.979779017130533703e+02
-1.980784907023111714e+02
-1.980977058410644247e+02
-1.981779886881510322e+02
-1.982947771708170421e+02
-1.982923416137695085e+02
-1.983251772562662438e+02
-1.983640958150227789e+02
-1.983826082865397211e+02
-1.984158803304036383e+02
-1.984179669698079351e+02
-1.984644691467285327e+02
-1.984908625284830634e+02
-1.985184071858724053e+02
-1.985433143615722713e+02
-1.985548238118489905e+02
-1.985522572835286894e+02
-1.985259671529134380e+02
-1.984704297383626397e+02
-1.984684005737304631e+02
-1.984827227274577126e+02
-1.985157699584960938e+02
-1.985176114400227902e+02
-1.985116134643554631e+02
-1.985064259847005417e+02
-1.985271957397461051e+02
-1.985540634155273381e+02
-1.985278511047363281e+02
-1.984954841613769361e+02
-1.984806228637695256e+02
-1.984513315836588561e+02
-1.984481903076171818e+02
-1.984335795084635379e+02
-1.984767522176106525e+02
-1.984667302449543911e+02
-1.984503372192382926e+02
-1.984752255757649380e+02
-1.985176213582356297e+02
-1.985384142557779796e+02
-1.985681114196777060e+02
-1.985562960306803006e+02
-1.985481295267740904e+02
-1.984886604309081974e+02
-1.985383089701334711e+02
-1.986081359863281079e+02
-1.986439470926920876e+02
-1.986905843098958542e+02
-1.987147420247395928e+02
-1.987019327799479527e+02
-1.987614748636881927e+02
-1.987785662333170649e+02
-1.987901557922363338e+02
-1.987637891133626340e+02
-1.987306658426920478e+02
-1.986551999409993527e+02
-1.986404009501139285e+02
-1.986712598164876056e+02
-1.986597946166991733e+02
-1.986547668457030795e+02
-1.986390040079752453e+02
-1.986166661580403456e+02
-1.985798108418782419e+02
-1.986086519877115961e+02
-1.985928113301594919e+02
-1.985653142293294309e+02
-1.986049919128417969e+02
-1.986529505411783703e+02
-1.986452214558919138e+02
-1.986417444864908646e+02
-1.986545504252115677e+02
-1.986497233072916515e+02
-1.986380889892577954e+02
-1.986269131978352789e+02
-1.985809031168620038e+02
-1.985767153422038120e+02
-1.985598576863607150e+02
-1.985841224670410554e+02
-1.985876393636067689e+02
-1.986344322204589901e+02
-1.986732073465983319e+02
-1.986447151184082145e+02
-1.986081975301106866e+02
-1.985936264038085994e+02
-1.985472058614095090e+02
-1.984982126871744867e+02
-1.984680308024088333e+02
-1.984207789103189725e+02
-1.984138147989908418e+02
-1.984193298339843068e+02
-1.984091453552245525e+02
-1.984291974385578499e+02
-1.984216041564940838e+02
-1.984108027140298702e+02
-1.983781511942545137e+02
-1.983700091044107410e+02
-1.983189181009927893e+02
-1.982858159383137888e+02
-1.981765594482421875e+02
-1.981300570170084541e+02
-1.980676340738932026e+02
-1.980290191650390454e+02
-1.980072273254394304e+02
-1.979898925781249943e+02
-1.978969479878743130e+02
-1.978286557515461652e+02
-1.977446436564127339e+02
-1.976594924926757528e+02
-1.975444763183593579e+02
-1.974878540039062500e+02
-1.974203432718912836e+02
-1.973446306864420876e+02
-1.972891680399577012e+02
-1.972516957600911667e+02
-1.972332244873046818e+02
-1.972554066975911269e+02
-1.972073735555013059e+02
-1.971636853535970317e+02
-1.971311999003092410e+02
-1.971138031005859261e+02
-1.971185765584309877e+02
-1.971113375345865961e+02
-1.971229113260905024e+02
-1.970550938924153286e+02
-1.970181233723957916e+02
-1.969734298706054574e+02
-1.969161839803059593e+02
-1.968281326293945312e+02
-1.968122283935547046e+02
-1.968594090779622547e+02
-1.968634274800618300e+02
-1.968414143880208371e+02
-1.968380930582682424e+02
-1.968575454711914290e+02
-1.968845486958821596e+02
-1.968776636759440066e+02
-1.969083880106607864e+02
-1.968649693806965786e+02
-1.968342905680338220e+02
-1.967894976298013887e+02
-1.967364448547362770e+02
-1.967285438537597315e+02
-1.966818377176920194e+02
-1.966480957031249659e+02
-1.966714286804198650e+02
-1.966677869160969294e+02
-1.966415542602538267e+02
-1.966405685424804233e+02
-1.966131924947102334e+02
-1.965628356933593182e+02
-1.965241012573241619e+02
-1.964681747436522983e+02
-1.964225588480630904e+02
-1.963951436360676439e+02
-1.963407725016275549e+02
-1.963084358215331520e+02
-1.962771507263183537e+02
-1.962237414042154739e+02
-1.962450803120931084e+02
-1.961819597880045762e+02
-1.961668441772461335e+02
-1.961560646057129134e+02
-1.961310663859049725e+02
-1.960761550903320654e+02
-1.960719861348470374e+02
-1.960288688659668423e+02
-1.959245239257812727e+02
-1.958676091512044479e+02
-1.958225491841634209e+02
-1.957391014099120810e+02
-1.956505655924479186e+02
-1.956356908162434820e+02
-1.955754880269368243e+02
-1.955424893697102959e+02
-1.954695493062337164e+02
-1.954147130330403570e+02
-1.954000528971354242e+02
-1.953260869344075275e+02
-1.952398188273111828e+02
-1.951376714070638059e+02
-1.950460220336914290e+02
-1.949413866678873717e+02
-1.948120290120442633e+02
-1.947700091044108035e+02
-1.946731498718261832e+02
-1.946596079508463220e+02
-1.946451403299967353e+02
-1.946309715270996321e+02
-1.945311073303222713e+02
-1.943928939819335824e+02
-1.942271334330240791e+02
-1.941768170674641851e+02
-1.941138384501139171e+02
-1.940066599527994811e+02
-1.938964108784993243e+02
-1.938340372721354186e+02
-1.937468943277994811e+02
-1.937223050435383982e+02
-1.936971405029296704e+02
-1.936152745564778286e+02
-1.935730260213216241e+02
-1.934919970194498831e+02
-1.934248837788899777e+02
-1.933606608072916799e+02
-1.933183977762858206e+02
-1.932597854614257926e+02
-1.932113456726074503e+02
-1.931522549947103187e+02
-1.930963033040364962e+02
-1.930986979166667084e+02
-1.930438591003418480e+02
-1.929915504455566690e+02
-1.929591796875000398e+02
-1.928683489481608149e+02
-1.928623797098795478e+02
-1.928275624593098598e+02
-1.928307991027831747e+02
-1.928008801778157135e+02
-1.927860331217447651e+02
-1.927978930155435933e+02
-1.927877718607584256e+02
-1.927372296651203953e+02
-1.926422065734862770e+02
-1.926224184672037438e+02
-1.926068995157877453e+02
-1.926100301106770871e+02
-1.926348230997721203e+02
-1.926054809570312898e+02
-1.925824676513672387e+02
-1.925979100545247604e+02
-1.926071886698405251e+02
-1.925877159118652457e+02
-1.925915580749512230e+02
-1.925334902445475507e+02
-1.925139546712239849e+02
-1.924662465413411780e+02
-1.923772926330566690e+02
-1.923704460144043651e+02
-1.923811060587565862e+02
-1.923709810892741530e+02
-1.923391728719076070e+02
-1.923653925577800123e+02
-1.924090423583984943e+02
-1.923801165262858603e+02
-1.923828862508138116e+02
-1.923194989522298215e+02
-1.922794499715169536e+02
-1.922784571329752907e+02
-1.922591982523600507e+02
-1.922680381774902685e+02
-1.923210548400878963e+02
-1.922901812235514285e+02
-1.922131594340006302e+02
-1.922131594340006586e+02
-1.922422429402669195e+02
-1.921981559753417912e+02
-1.921743011474609659e+02
-1.921535738627115961e+02
-1.921908228556315237e+02
-1.922177035013834541e+02
-1.921782358805338333e+02
-1.921654581705728901e+02
-1.921481709798177064e+02
-1.921691520690917798e+02
-1.921118171691894361e+02
-1.921190513610839616e+02
-1.921183321634928234e+02
-1.920868334452310933e+02
-1.921179280598958030e+02
-1.920991780598958201e+02
-1.921079266866047988e+02
-1.920992815653482921e+02
-1.921118321736653627e+02
-1.921710019429524436e+02
-1.921880643208821482e+02
-1.921549451192219919e+02
-1.921263231913248433e+02
