-5.212791489148865332e-04
-1.060193178748089753e-03
-1.274798863551501304e-03
-1.402023662241606459e-03
-1.127003444064427059e-03
-9.725140461198573429e-04
-1.481586798304911990e-03
-1.307592754781427462e-03
-1.621770268241923057e-03
-7.674626181576887788e-04
-6.929081844260329311e-04
-6.237043165049532042e-04
-5.595139530451735763e-04
-1.601313572959759323e-03
-9.573469121887893257e-04
-1.074225100894138146e-03
-1.636004549198956208e-03
-8.681369882831379810e-04
-9.640221830639961794e-04
-1.639421671285236880e-03
-1.157556443710450666e-03
-1.056453136995978313e-03
-1.152186857051895955e-03
-8.129724497102454100e-04
-9.581880373135011472e-04
-1.001575744880437054e-03
-9.647356441844232369e-04
-1.200384003253872301e-03
-1.590083662126266740e-03
-9.701430972709361228e-04
-9.733698553223369071e-04
-1.150626723891197281e-03
-1.469605205262875837e-03
-5.998797805046415972e-04
-1.014250671273109758e-03
-1.043018525764450796e-03
-5.979284111732777835e-04
-1.291624378114254431e-03
-1.139324181827576585e-03
-8.175428300779513484e-04
-8.001830791831019080e-04
-1.365874110949068286e-03
-1.456646308936860494e-03
-7.920492950263504283e-04
-1.576437220614366596e-03
-1.519682100978593606e-03
-9.133019929682949798e-04
-1.005291624660866389e-03
-9.287954806207098435e-04
-1.155861080962435755e-03
-1.275048522985594481e-03
-9.585258489052461217e-04
-1.173900432006246821e-03
-1.126767774654630462e-03
-1.184333727697730286e-03
-8.985422815891660510e-04
-1.026906549550924688e-03
-1.287558056235988584e-03
-1.249420753091231087e-03
-9.745173368654282868e-04
-5.921556206691918484e-04
-1.014174391477615147e-03
-1.386642340761368121e-03
-8.961923875194726481e-04
-7.105348825988230983e-04
-1.729918249258801744e-03
-1.646853646137556859e-03
-1.120061299339043239e-03
-1.719046525524487974e-03
-1.011282692022836237e-03
-1.179161462463766902e-03
-7.502728410011564805e-04
-7.173988522495406382e-04
-7.643948390075387374e-04
-1.281375788513405790e-03
-1.531084319220143855e-03
-8.839108246592927969e-04
-1.403917795041003487e-03
-9.394082954934349257e-04
-9.831337719986936712e-04
-1.054616438223346256e-03
-1.123591001514195192e-03
-1.025884680784690684e-03
-8.084431905037813134e-04
-9.657613404523951017e-04
-8.287013408196346057e-04
-6.352699332562744983e-04
-1.006184016491283410e-03
-1.454869932620651406e-03
-1.152040315584120043e-03
-1.116833267406205270e-03
-1.503168098978485820e-03
-1.181458584505614513e-03
-1.359364590700674631e-03
-7.884720939792442228e-04
-6.495340253621600772e-04
-9.419746634284552290e-04
-9.338767285134372265e-04
-9.448828827238976366e-04
-1.313142072250661398e-03
-3.302093208860227050e-04
-9.050125622539925653e-04
-9.143893454605312105e-04
-1.254851764966648155e-03
-1.341686181037074575e-03
-1.204905770200848016e-03
-1.166167374368514776e-03
-7.561480527840293156e-04
-1.004749221080988679e-03
-1.022008298659508180e-03
-9.498780697415332153e-04
-7.807954643357991210e-04
-8.422031516058484536e-04
-1.278461211678404673e-03
-8.962452578402254569e-04
-1.562697662694236770e-03
-1.275287353330411102e-03
-1.390140327854988379e-03
-1.529241034528493973e-03
-9.240564869574428245e-04
-6.847955415635334714e-04
-1.081212882729414753e-03
-1.040535017728454539e-03
-1.126460658934568286e-03
-1.646382129862276585e-03
-1.229905663828945043e-03
-1.188000787921576111e-03
-1.240256600909730739e-03
-1.616155726504527957e-03
-1.172083127639980812e-03
-9.606357885204540575e-04
-1.093077352266628218e-03
-8.155205634225419368e-04
-7.861868292436714756e-04
-1.075690261834742712e-03
-1.041540629270099440e-03
-1.577793652768110910e-03
-1.071062527991966783e-03
-1.605612804367898211e-03
-1.550275416495193632e-03
-1.169498000188932355e-03
-9.161270217094042182e-04
-1.013092258125746197e-03
-9.425252852809336886e-04
-8.175290356308574213e-04
-8.515242479056178964e-04
-9.311027414095399395e-04
-1.168033050062620027e-03
-1.250019521454356908e-03
-1.273678965102125697e-03
-1.283306789225328003e-03
-8.742304352180252846e-04
-1.400326479461118726e-03
-1.205504335351166145e-03
-9.842066173028603607e-04
-4.846978718625628564e-04
-8.576834865929838228e-04
-1.342830759581808845e-03
-8.567077885347549162e-04
-1.230796450480569444e-03
-9.961697746820716206e-04
-7.568923705152424053e-04
-9.631603963608079046e-04
-8.969860853741139272e-04
-1.054619547366534606e-03
-9.303008360124372361e-04
-1.119543029946437661e-03
-8.824653188821338350e-04
-7.182969199975108941e-04
-8.027269295340370070e-04
-8.934144555353652154e-04
-1.019122225297749984e-03
-6.963389616940203301e-04
-6.838898956721417306e-04
-1.005128646464275655e-03
-1.125024900208604567e-03
-1.589033757527540808e-03
-1.065890133684896596e-03
-8.858854019383812254e-04
-8.924312793648774304e-04
-5.503091071060645968e-04
-1.241902903258324063e-03
-5.772115938669842346e-04
-1.171239007767281527e-03
-1.050457624324436416e-03
-1.459536716299033752e-03
-8.287670448027382357e-04
-1.226914634374792886e-03
-1.203464732115418212e-03
-1.267351543062753081e-03
-1.400084076280251871e-03
-9.599905451521323959e-04
-6.420721346418548905e-04
-8.543565960092758043e-04
-1.120558380340120090e-03
-7.192555516910482298e-04
-1.059304562828996795e-03
-1.079201615690305715e-03
-9.995292755566470306e-04
-1.344587445445146650e-03
-1.174794507597138856e-03
-9.161685869271649378e-04
-6.977134636537171784e-04
-8.384076046705266462e-04
-8.182855793694657903e-04
-1.134279883186495048e-03
-1.128184810597973467e-03
-1.181697605098649788e-03
-9.294136805144138360e-04
-9.686390182009300010e-04
-1.427993052409815868e-03
-1.081659944350527253e-03
-8.597329433824169856e-04
-1.155437511768732037e-03
-1.021709110281876932e-03
-7.627236694050068848e-04
-7.610871285312091400e-04
-1.031483676001328838e-03
-9.735499772117328513e-04
-1.055722913791648076e-03
-1.148761516088074716e-03
-8.915480651860966830e-04
-1.071902659414724441e-03
-1.006224973871855779e-03
-9.803863204620492326e-04
-1.400010802000475289e-03
-8.253492133478844590e-04
-7.132115814223868519e-04
-7.260480481384346159e-04
-8.733953284197279454e-04
-1.162854153311411367e-03
-1.405662930256594426e-03
-9.587244896978780505e-04
-1.010077130819179124e-03
-1.112111308772980537e-03
-6.907019081949994019e-04
-1.102350152214429200e-03
-4.099320558847269181e-04
-1.173624887958969005e-03
-1.049599603447882827e-03
-8.355096335993726338e-04
-1.062862325092772068e-03
-9.364780047964508082e-04
-1.146381105636339439e-03
-1.086252244284051762e-03
-8.150763958620069931e-04
-9.936844503612568547e-04
-7.654223213671630015e-04
-1.036272970465627755e-03
-1.382564101570564214e-03
-1.346697012508867855e-03
-9.290273234971536736e-04
-9.433967728691739245e-04
-8.140009996682791987e-04
-1.411287682654426912e-03
-1.179335982545965701e-03
-8.921837552549136824e-04
-1.527616538672722400e-03
-1.048594823416341103e-03
-1.238594403582443269e-03
-8.336416705490592950e-04
-9.182706008153137351e-04
-1.330598098445030016e-03
-8.214812700002004650e-04
-6.841514530408918321e-04
-9.687110815695096399e-04
-1.074818917380610667e-03
-7.478861495269350113e-04
-7.188284717741991571e-04
-7.827387639263395577e-04
-1.158166628912250589e-03
-1.277117181361087529e-03
-1.340531606368900461e-03
-1.496831208836946550e-03
-1.059089888690303892e-03
-7.436606613455409853e-04
-5.621308652379220948e-04
-7.796026099661528984e-04
-1.433457984660957332e-03
-9.287296467472967677e-04
-1.060112883413709146e-03
-1.158092386612698775e-03
-9.224255318212619880e-04
-1.016650137455068614e-03
-9.519904108218599269e-04
-1.365970984795030017e-03
-1.114267572293406406e-03
-8.117150173519579407e-04
-9.078870138133609538e-04
-7.019678375716887188e-04
-1.088110166672900080e-03
-1.113832166681440498e-03
-1.369214957674226270e-03
-1.031203533403678282e-03
-1.350101549166527826e-03
-8.281002659082802204e-04
-1.033824064199245774e-03
-7.860846668752402957e-04
-1.071365452894076096e-03
-7.074884442442165404e-04
-4.398777592485283365e-04
-1.225196610762360836e-03
-9.260040787000054082e-04
-1.341420058263204877e-03
-9.829851297709643956e-04
-7.536215879324902360e-04
-1.125563550679951723e-03
-1.123870653589589689e-03
-8.949192363752711240e-04
-1.328198754577376330e-03
-1.189796723911961968e-03
-9.262444320216812370e-04
-1.119392686492557114e-03
-9.368963934626961228e-04
-1.039626555147316013e-03
-1.225508893741200341e-03
-9.569502668279779301e-04
-5.212284033713137721e-04
-9.590494546813146384e-04
-1.175984669252178125e-03
-1.174823946062587181e-03
-9.467997408769512728e-04
-9.057291950539619971e-04
-1.133612635961981632e-03
-9.816595685838314534e-04
-9.926767720226294806e-04
-9.848865659035064852e-04
-1.080922045715230215e-03
-1.273063185510116225e-03
-6.891710791207981621e-04
-7.837938660196192659e-04
-1.464496916364838421e-03
-1.104142625127730844e-03
-1.142430553100511406e-03
-8.036218979417296751e-04
-5.421609308753162553e-04
-8.016066082028219363e-04
-8.819322510571743837e-04
-1.098885460667941910e-03
-1.051897904191361529e-03
-1.172148993138039932e-03
-9.336165802248776527e-04
-1.010440492254262995e-03
-1.206553553745167090e-03
-1.062116273960403076e-03
-1.213057717235024218e-03
-1.311106995357112955e-03
-3.581616732566657107e-04
-5.532891876576038603e-04
-8.857294020093836031e-04
-8.926358392408447005e-04
-1.164541228169111049e-03
-1.295594868049224037e-03
-1.173337398861977292e-03
-1.336067810094703151e-03
-1.157352887009499651e-03
-8.479568212645819184e-04
-8.867506442652524270e-04
-1.144183242375637795e-03
-9.920396845185361530e-04
-8.006865186981031298e-04
-1.207538350379110028e-03
-7.430039870321790809e-04
-1.158055458813359766e-03
-1.168081381141562822e-03
-5.471130416595093972e-04
-1.026199319652348202e-03
-1.453412891324609452e-03
-1.095659173311730765e-03
-1.452851053286692562e-03
-7.066978680301603914e-04
-1.021930498944915435e-03
-1.113819077656430815e-03
-6.787411606132800123e-04
-1.079205761767497137e-03
-1.081413202418311532e-03
-1.175715576391610142e-03
-1.331592658252544635e-03
-1.183807220020452206e-03
-1.550735875719874571e-03
-1.179439689041819270e-03
-1.447143719099975656e-03
-1.076212493735560251e-03
-1.185441599242162370e-03
-9.990350695972564574e-04
-1.121207814901257734e-03
-1.159317526443693963e-03
-1.353486615821186895e-03
-1.029431038954015717e-03
-1.611863350370849792e-03
-1.395533489503863458e-03
-1.288749058310271166e-03
-1.133201568144360681e-03
-7.582046703330677607e-04
-8.395493065591984718e-04
-9.372755300408469343e-04
-9.480941147632770266e-04
-9.967975722694781202e-04
-1.249895052807353758e-03
-1.097642478908968707e-03
-1.139794274092197036e-03
-1.402784222417407861e-03
-1.745071170856549126e-03
-1.732116089894101835e-03
-1.490168965456462003e-03
-1.269800722559691515e-03
-1.337713128492141763e-03
-7.317750357902431035e-04
-8.555187775686154969e-04
-1.092036703487143760e-03
-1.033843858888799927e-03
-1.177100800061063558e-03
-5.236630594580410879e-04
-1.423862877783910359e-03
-1.108636045504089729e-03
-6.288801967469299014e-04
-1.221178154357529426e-03
-1.231648837128873067e-03
-8.113903786120598306e-04
-8.014986164758025784e-04
-6.966593488181006778e-04
-9.697193752197801227e-04
-9.802953553823075174e-04
-1.157450656096753504e-03
-8.454815174696007300e-04
-1.587223022329123162e-03
-1.171947176861273896e-03
-1.411620847579328269e-03
-1.019331207363159686e-03
-1.192270868215087112e-03
-1.240451551211137335e-03
-8.843086447107211066e-04
-1.122698109326058938e-03
-6.143981881781120308e-04
-1.127518946314820872e-03
-1.258135153012193263e-03
-7.733385977385641994e-04
-1.073331443722726382e-03
-1.410318638732657075e-03
-1.169852127267549235e-03
-9.854040689897247945e-04
-1.384185457503728060e-03
-1.162654132901396430e-03
-1.086115609714359857e-03
-8.186030374650646833e-04
-8.274836830192199098e-04
-1.013911990582242687e-03
-7.793165880527360128e-04
-5.039709215042969832e-04
-7.377753889549955747e-04
-1.094622205730800624e-03
-7.980014239670683808e-04
-1.223054917433271174e-03
-8.364250692029399437e-04
-8.964167226887722467e-04
-8.654967794998204809e-04
-9.255675327087899184e-04
-8.879634074550899273e-04
-1.132531636339525550e-03
-8.135688662672611307e-04
-1.070759319780918229e-03
-9.263898014683309484e-04
-8.158315368096683744e-04
-9.967854604578192581e-04
-8.742278227166130336e-04
-1.000756391084915535e-03
-1.104117428289269013e-03
-9.470448488863383602e-04
-7.326122783435309481e-04
-1.060333283866227074e-03
-7.071594139254295868e-04
-1.363547667183997178e-03
-9.448239764910937311e-04
-7.130638243212176217e-04
-1.271528010693115515e-03
-1.405410985321795892e-03
-7.800706012253508671e-04
-1.180678483339048148e-03
-1.464984601024143986e-03
-7.897660402669849644e-04
