-1.295726912513645674e-03
-1.724138629020959511e-03
-5.949769572495278982e-04
-3.015242674161626544e-05
-4.922151382441965970e-05
-2.107606185883751683e-03
-2.362260412420573528e-03
-7.963000085558468973e-04
-1.230901198952804600e-04
-1.751528126210052634e-03
-3.974520240673689903e-04
-7.397257175670334580e-04
-1.014397015749058089e-03
-8.894816046362607814e-04
-1.506749931945273275e-03
-2.135770853645776351e-04
-2.448823017353460828e-03
-2.166956855038868965e-03
-8.622156215795773572e-04
-2.280016013220996941e-03
-2.961841508330760944e-03
-1.231281478977940078e-03
-1.772643675768537661e-03
-2.081756883159721714e-03
-1.140188045670177154e-03
-1.061639813294164292e-03
2.998792577078065037e-04
-2.412782635738805817e-03
-1.020698213589002175e-03
-8.283585861989189005e-04
-6.014255476475122413e-04
-1.407574952599451555e-03
-1.150250239820719070e-03
-2.278002256303803593e-03
-1.489801593475598542e-03
-1.540104163377700947e-03
-1.008884309159202618e-03
-1.670029725568896155e-03
-5.824873985276962174e-04
-3.829962241066960137e-05
5.788351914380255984e-05
-6.967251835045603237e-04
-1.116727320916902728e-03
-1.289778498182567136e-03
-5.468020180219215071e-04
-5.600895858286640051e-05
-1.597095207364598347e-03
-1.070242818641486742e-03
-1.219731247911019995e-03
-3.825292926476226568e-04
-5.831736451233390621e-04
-1.073161666753331142e-03
-1.367114091668408761e-03
-8.226402297693385631e-04
-1.514189881549644467e-03
-1.180564212592068998e-03
-6.568203649755325604e-04
-2.640028230556958067e-03
-1.227411428461612844e-03
-1.205737411026058234e-04
-1.071839044207125585e-03
-8.606929641651011979e-04
1.777552417436984995e-04
-3.580178821204271842e-04
-1.629874280640396245e-03
-1.988181748161870887e-03
-9.203001247433951733e-04
-6.726891923530345114e-04
-9.080301202672295437e-04
-6.854477988278687064e-04
-1.437245727378954349e-03
-8.878532401729010695e-04
-9.596902595135943384e-04
-6.380284015004923691e-04
-6.579154649792523860e-04
-8.366332916572535080e-04
-1.423458166481192388e-03
-2.349862719476467857e-03
-1.925022332943923708e-03
-2.373659720094112129e-03
-2.295841350020031476e-03
-6.346351376535296724e-04
-2.998137306945211113e-03
-7.585574908844348613e-04
-1.110555880135038250e-03
-8.585357656586961725e-04
-7.212314550192393215e-04
-1.272764102668602149e-03
-1.651640670165330574e-03
-1.012070466864248980e-03
-2.007091038662466367e-03
-1.794114938011796574e-03
-1.955808792230770421e-03
-3.391910473772099827e-03
-6.897229319846622225e-04
-1.109079932416947916e-03
-1.380237508241692959e-03
-9.347536601101556373e-04
-1.492661975589168639e-03
-1.638736640025622139e-03
-8.596545296147648646e-04
-1.497926357738609904e-03
-2.625647546300716086e-03
-3.975877046148158485e-04
-1.153838133998354859e-03
-1.566921294507165599e-03
-1.024296647244737684e-03
-7.825814540553115454e-04
-3.906535467386020662e-04
-2.391374449227279871e-03
-1.095106501468668010e-03
-8.083831629063437715e-04
-1.872143480178836900e-04
-1.425905925155211652e-03
-1.224882255005270643e-03
-1.044223040098234134e-03
-8.536171954973678427e-04
-1.732650971161246332e-04
8.449545042497256077e-04
6.069464036173569566e-05
-7.532608248170583574e-05
-4.501884516681817173e-04
-9.064725026587738344e-04
-1.210658345255967569e-03
-1.258038455716172432e-03
-5.100618596240298576e-04
1.623705402734417673e-04
-1.253451246630556950e-03
-8.108716280519192915e-04
-7.299607040822540718e-04
6.974072758739446052e-05
-6.074268941445561338e-04
-6.476444778640492832e-04
-1.928997793952278057e-03
-1.066812736349722832e-03
-1.439109914298219864e-03
-2.411281394165230765e-03
-2.355189408250496930e-03
-3.172639191251599620e-04
-1.189658674504924908e-03
-1.542523786586181894e-03
-1.116946668005498961e-03
-9.041294616351039934e-04
-8.801178700795563936e-04
-8.320015229229502400e-04
-1.286684491693927289e-03
-6.651261843843546146e-04
-5.136517189322256606e-04
1.205362624564866917e-04
-1.242006735939479205e-03
-8.274824396934672265e-04
-8.411792970592902024e-04
-6.734281042158574105e-04
-1.452381443698807931e-03
-1.477926985206992009e-03
-2.458892831833485622e-03
-1.708751234075381147e-03
-1.019539782522817023e-03
-1.154284812222550497e-03
-1.930817145144411609e-04
-2.854682253452755190e-04
3.641937615452450652e-04
8.576134457560762459e-05
-7.221694001759444009e-04
-5.104043482763845124e-04
-4.388519590108741616e-04
-1.311494083684185954e-03
-1.279745543348998925e-03
-1.839240597068467382e-03
-8.300562360619206850e-04
-1.191199787562290547e-03
-2.271074190493269421e-04
-1.139650492212767804e-03
-2.164115534683571599e-03
-2.050617450136010735e-03
-9.954895763602973884e-04
-9.458453756711508254e-04
-1.066336722769971670e-03
-1.400516260171628686e-03
-1.063851542551786039e-03
-8.024655022537044826e-04
-1.320967264124273599e-03
-1.502644263733185926e-03
-1.327685931332802651e-03
-1.210855344513541874e-03
-1.452529899662171947e-03
-1.800743564291052735e-03
-1.169397478015292684e-03
-2.035839444393397740e-03
-1.933054695409071278e-03
-1.031434460283374042e-03
-7.447077863265694469e-04
-9.481214477630557028e-04
-1.919320861178755010e-03
-5.856406322766988899e-04
-4.573567237364654686e-04
-9.015546854168886596e-04
5.333644007703555867e-06
-7.325602829248946055e-04
-2.115290438376309350e-03
-1.125698083474306523e-03
-1.050622356565328883e-03
-8.759359660648194986e-04
-9.559901919849015956e-04
-7.230784460924566392e-04
-2.766285545408128004e-04
-4.765186339916144633e-04
-2.134861421716321636e-03
-5.600910166065331802e-04
-1.652251336402380975e-03
-5.591933814281909365e-04
-1.631382743554890633e-03
-3.008782052223619736e-03
-6.283336486512404841e-04
-7.983166381878487906e-04
-1.617769816189522781e-04
-7.093574320156547817e-04
-1.110900053148097420e-03
-4.978542092968625500e-04
-1.892212641839663987e-03
-9.871031377567669567e-04
-7.503257941976135270e-04
-1.264790285717262578e-03
1.385226860186467284e-04
-2.205120864793646933e-03
-1.242873524950808325e-03
-1.804739781099583479e-04
-9.730928123889982491e-04
-2.127910174167756824e-03
-4.860966842624131045e-04
-1.347539472466282922e-03
-6.501891685239768017e-04
-1.301033831645896947e-03
-1.571944716309925253e-03
-1.405571568389918239e-03
-8.192420381591464977e-04
-1.222384235436014188e-03
-1.230265068917076390e-03
-1.711941861706328064e-03
5.418508747655725844e-05
-6.766484132411767008e-04
-1.313611283763582629e-03
-1.438340003152791587e-03
-4.507942768078702120e-04
-1.242360089091714228e-04
-1.275792993553725822e-03
-1.698838956747618833e-04
-3.406832519370114995e-05
-1.554608920263947803e-03
-1.499183576439926894e-03
-1.995456861523901750e-03
-1.575316114620362896e-03
-9.297933355396900473e-04
-9.514598754799431920e-04
-1.112422381142636396e-03
-1.243403796122024337e-03
-1.727511258737606794e-03
-2.076012270882982621e-03
-8.485345894075572298e-04
-8.362812378565396111e-04
-6.930442977584246609e-04
-2.015711112606630509e-03
-4.078327875718574559e-04
-5.420949442971009259e-04
-4.191133402260525010e-04
-9.576705345844539448e-04
-7.083613025687809190e-04
-7.149275706673554600e-04
-1.381984164363273372e-03
-3.387725469760152503e-05
-1.000363736199039926e-04
-1.166819252149645277e-03
-1.335162591186332616e-04
-9.805394932543552190e-04
-1.701334107588325928e-04
-6.630415472860984490e-04
-1.571046826019201594e-03
-1.396449899627623392e-03
-1.284538563527848299e-03
-2.896080661135699776e-04
-1.391635212922635260e-03
-2.159401822199651273e-03
-1.104845225693655520e-03
-1.584521595830511859e-03
-1.977535085449516703e-03
-1.314945876226435899e-03
-2.099114515222031286e-03
-1.101232551714616649e-03
-7.608002306811695401e-04
-1.205558867723973207e-03
-4.447895600272479505e-04
-2.349463270942017071e-03
-1.014955397057133377e-03
-6.150349031192536235e-04
-1.399040750226875681e-03
-1.677090090810530107e-03
-3.412548457002265189e-04
-2.934494632608120783e-04
-1.382563218646628645e-04
-1.085259941999246495e-03
