-4.298302302915461641e-04
-9.884333093494205788e-04
-1.186174040299755629e-03
-9.086508194468236521e-04
-8.024611909402205303e-04
-1.125133786800502304e-03
-4.868732018267305926e-04
-8.580180304644581014e-04
-9.927716444932555701e-04
-7.694264301943798227e-04
-1.082313734810136027e-03
-4.214532970594463959e-04
-9.581248997482168803e-04
-8.681343451208758943e-04
-1.952729930784397961e-03
-1.512507832280086386e-03
-1.642482089245317963e-03
-1.887533173269595769e-04
-8.478264226401212343e-04
-4.027330354195227916e-04
-8.354817447349977434e-04
-6.405791343876549016e-05
-1.473450424016788541e-03
-1.359577992970782256e-03
-4.407358674706355673e-04
-1.125113487662375176e-03
4.677412763475357628e-04
-1.153719410218355694e-03
-9.967133490123396278e-04
-7.661842401692841404e-04
-1.243542251102391092e-03
-1.954273834300577269e-03
-1.282718930662643921e-03
-1.858020999302733873e-04
-1.053593253122931273e-03
-4.074995539104808739e-04
-9.550565132171519615e-04
-1.849341030451382741e-03
-6.374503660878778032e-04
-1.586026645939380688e-03
-4.606886948463397046e-04
-2.312654418712856413e-03
-2.141886453046792753e-03
-1.466049940682200188e-03
-2.227597091330593259e-03
-6.195551844539943284e-04
-1.557167847866592182e-03
-1.737492673743335631e-04
-7.757420183156878883e-04
-2.240838158351395135e-03
-1.387474395100541996e-03
-2.083010026751428486e-03
-1.105952536783414699e-03
-9.916267727749588333e-04
-1.696031796703307464e-04
-1.301879125129525158e-03
-1.339545694365528545e-03
-1.476789492922871627e-03
-1.888077751939154112e-03
-5.152786816042650899e-04
-3.460894275200902381e-04
-8.425970199133849025e-04
-2.203402270489021944e-03
-1.870086622550907822e-04
3.160650772707469065e-04
-2.365638186608512048e-04
-8.676444144585209860e-04
-1.177011133648074755e-03
-4.310493117588194700e-04
-4.027403929733655227e-03
-2.309594956013360807e-03
-1.001362528310028536e-03
-1.371444514552438076e-03
-5.575134821929406733e-04
-1.351342654904192676e-03
-3.227365029150939635e-04
-1.214804667473299822e-03
-1.121608228720573364e-03
4.323939799487163489e-04
-2.659644807965645414e-03
-6.969157295964524719e-04
-1.616181799937716932e-03
-1.965585727466064112e-03
-1.240363384387927273e-03
-9.703976056321956655e-04
-1.066485147682717880e-03
-9.627702534367204483e-04
-5.232412158414231039e-04
-1.144512953593079157e-03
-1.535519182141195519e-03
2.755808703063326848e-04
-1.134323375098477034e-03
-3.536505070128732799e-03
-9.346962754917677687e-05
-1.775821325962050230e-03
-7.379267142787737915e-04
-1.059057643077085690e-03
-2.311555396083152247e-03
-1.744475607664342995e-03
-1.168538693785478935e-03
-1.422750716350666472e-03
-1.826294507906001119e-03
-3.086145381091444199e-03
-1.703952955196685317e-03
-1.019994157516240481e-03
-6.124350022330620022e-05
-8.703028034050157898e-04
-1.151529528295911669e-03
-8.911369376131028815e-04
-1.536927859540933869e-03
-1.363630626033401775e-03
-8.104619079356676801e-04
-7.712532275743754244e-04
-1.968209241526231151e-03
-1.630260836858196801e-03
-2.183836991560108957e-03
-1.229533920605030677e-03
-8.726448460199941887e-04
-4.971983713950492824e-04
-1.840538483648656025e-04
-9.329864062349936841e-04
-5.963711377661503211e-04
-8.970595230520863076e-04
-3.975829887292116251e-04
-8.554091278591615267e-04
-2.332918624496585914e-04
-1.658121183555146374e-03
-3.785774710938854225e-04
-1.566362227748096386e-03
-3.612950149442537636e-04
-1.118934078442163820e-03
-7.805746666911709359e-04
-4.187461120205126087e-04
-9.632336219967675391e-04
-1.551857959867727422e-03
-5.222525632032888696e-04
-1.119324979490349172e-03
-1.096614910629953050e-03
-2.643855363126529356e-04
-1.757860818196870477e-03
-1.959791321013894076e-03
-1.949327412549559666e-03
-7.950375796748432398e-04
-1.109805960268377785e-03
-4.126695739903826787e-04
-6.116076211397885980e-04
-1.434792360902957314e-03
-2.201375948937982219e-03
-5.302683356682241994e-04
-8.465042588084748529e-04
-1.261912963241630138e-03
-1.834746177621804581e-03
-1.396138849151889972e-03
-7.979051226475929398e-04
-2.731669304560082386e-03
-1.235420602438267118e-03
-9.741732492143458273e-04
-1.255804777239758353e-03
-1.226482270931767132e-03
-1.871978189406725166e-03
-1.586072046408103925e-03
-1.524404796939630427e-03
-1.752366719299644146e-03
5.513890563278373621e-04
-4.811101075870459682e-04
-1.897700313707621073e-03
-1.001155676771220112e-03
-9.028818095872719138e-04
-7.120040415710132556e-04
-1.284520176080771858e-03
-9.425003624908988211e-04
-7.416374113867486286e-04
-3.036296301420875199e-04
-4.887244921250402142e-04
-2.611513803777371686e-03
-1.654957870856389691e-03
-1.236112442940032674e-03
-1.268855277750134463e-03
-1.496578798642568238e-03
-9.510930253486649761e-04
-6.499922324395103002e-04
-1.207085606062321091e-03
-2.081691078099136630e-03
-1.068462784908698858e-03
-1.132945708544210069e-03
-1.061338989969016290e-04
-2.219087679490912117e-03
-1.298497547772736477e-03
-9.629315344192464730e-04
-1.231603881757963254e-03
-2.016644623303311470e-03
-1.346917281700248407e-03
-1.276369231219773434e-03
-1.110568449575171290e-03
-1.015930960156861311e-03
-9.806134190057931403e-04
-5.491458715709239546e-04
-1.612965328386686608e-03
-1.014341973136826097e-03
-2.819029030024417545e-04
-1.838622532845691875e-03
-2.412587928230627886e-04
-1.537539286841104998e-03
-2.058848836483191311e-04
-1.444447633226693265e-03
-1.772363446323187988e-04
-5.836465155259342808e-04
-4.912311338388597676e-04
-6.403657689116496821e-04
-1.497539118263852909e-03
-1.551554412226917225e-03
-2.460355526327643368e-03
-7.685049768393467564e-04
-4.000349013034505056e-04
-1.502063797207175587e-03
-1.215711250135342739e-03
-8.382054248790246111e-04
-9.207771617708805558e-04
-9.567128717886790859e-04
-3.442523645390104382e-04
-2.335426485311657002e-03
-1.799703814152165760e-03
-1.894896878074340315e-03
-1.038551827937356448e-03
-6.764938534770255059e-04
-9.651185389279764082e-04
-1.654816078099025870e-03
-2.042427167093681210e-03
-1.198146392346563201e-03
-2.023378839009465791e-03
-1.920489017481343897e-03
-2.100516006947083288e-03
-2.074549523614205998e-03
-2.638990737099190624e-03
-2.384184273081152005e-03
-6.142843258403300755e-04
-7.583453507375448061e-04
-1.294427469766124992e-03
-1.624484974249312125e-03
-1.941734206937693625e-03
-5.392704259981449680e-04
-2.048339559971561891e-03
-9.189381994695293302e-04
-1.828906449362991847e-03
-4.756118549642032994e-04
-7.433926860781063821e-04
-9.832624277890020768e-04
-1.161563017787340616e-03
-1.172911734497186602e-03
-1.488597864915910734e-03
-7.284413880349810194e-04
-1.559782403726823249e-03
-1.424662625268533931e-03
-1.076889090352331230e-03
-1.628807836329901077e-03
-4.641022641295306211e-04
-2.248377910188665944e-03
-1.889424307382681545e-04
-1.123095459053186258e-03
-2.438800412006551788e-03
-1.906317523315685528e-03
-2.706197268020170323e-03
-1.058391419866603180e-03
-1.575856187748165150e-03
-1.431515731805068758e-03
-1.518426645417213184e-03
-1.016877372536636754e-03
-3.426478660222215603e-04
-1.545755053687326505e-03
-9.409381642991426460e-04
-2.495187451221370003e-03
-2.330203070890544842e-05
-2.043577388683734484e-03
-7.203019444016546579e-04
-6.150440944970380448e-04
-7.141929927035269065e-04
2.425563842590323352e-04
-7.506167746422893984e-04
3.576511719192560206e-04
-6.913759120117099000e-04
-1.570625863872019464e-03
-1.669355460034325925e-03
1.135038793972167496e-04
-4.976126194832950975e-04
-1.072530077307423191e-03
-1.513548028610757620e-03
-1.321085432905635005e-03
-1.776792795068166163e-03
-8.826926571631129063e-04
-7.841073029198567662e-04
-1.993251557156465199e-03
-1.461818758047619829e-03
-1.705457250129150748e-03
-9.775593603036484853e-04
-2.470284488843889521e-03
-7.543227376922749744e-04
-7.146947929640485751e-04
-1.102608334767077704e-03
-1.641554441056191499e-03
-1.907977688058641250e-03
