-1.361017497994158670e-03
-3.153519034350533946e-04
-1.571653684306678058e-03
-5.620433444223487405e-04
-1.238681872953136366e-03
-2.040709686808955554e-03
-2.626658159786693781e-04
-2.157059689058055639e-03
-2.378518671173119291e-03
-1.362488469172325255e-04
-2.061143903532692331e-03
-2.226958412822079274e-03
-1.467475831642345470e-03
-1.998731669650220377e-03
-6.723717980298440878e-04
-1.259883571739762575e-03
-1.252358625275616297e-03
-2.517838835950258125e-04
-1.319798236409693969e-03
-1.018437004073512869e-03
-3.779991669708956167e-04
-1.069523493695880576e-03
-1.555146634506146281e-03
-7.242577021047013784e-04
-4.335632610971471403e-04
-4.223579896357937727e-04
-1.264369811770672163e-03
-1.658514348224507211e-03
-1.318146878048605036e-03
-2.128110333662073129e-03
-6.333679681036979243e-04
-8.684053212360670886e-04
5.638289368033804708e-04
-1.278333698956829250e-03
-1.137074937641691330e-04
-1.124084844349670931e-03
-7.749808758768519327e-04
-1.011036452866315941e-03
-1.306047300382942871e-04
-1.015285642007151970e-03
-1.422324821282386917e-03
-1.179189530487725337e-03
-1.082482092908457899e-03
-7.772481513671154795e-04
-1.289512447580532352e-03
4.319330100939234993e-05
-9.097287075354271125e-04
-1.085448903305895286e-03
-1.532409707311903476e-03
-1.135110634991272826e-03
-2.278916538325920921e-03
-1.581123825381003595e-03
-1.471117265584949299e-03
-1.623384312013009031e-03
-1.870019814973704298e-03
-1.417568953623118098e-03
-1.161778753471965622e-03
-1.099128272093045358e-03
-5.448086347088643838e-04
-2.225911180549105736e-03
-1.511533371076054233e-03
-7.110382104507964292e-04
-1.019576126430467560e-03
1.232568822184841524e-05
-1.013090654765948185e-03
-8.068519695255766061e-04
-2.812966022948752351e-03
-1.088514178465711454e-03
-2.438202645905982336e-03
-2.052483980777196782e-03
-1.759724371887844358e-03
-1.827052682240233941e-03
-8.837323879717266057e-04
-6.593962894301972841e-04
-1.264803719009470343e-03
-9.808235867743728218e-04
-4.675878050828189813e-04
-1.245545354981156044e-03
-6.693395819690901296e-04
-1.359523900738674471e-03
-1.993623683300038436e-03
-1.280844917841259109e-03
-8.816858107203808014e-04
-1.176027716001890435e-03
-1.016311415150988640e-04
-1.975795786017995833e-04
-8.757758064861600501e-04
-1.388250403225078488e-03
-1.766910966150343982e-03
-8.449650891215025345e-04
-1.968938302646239171e-03
-1.384262336524115034e-03
-1.106182541812986012e-03
-1.140388706004290612e-03
-8.195651935578298838e-05
-8.921402447850441562e-04
-9.731544209189127350e-04
-5.777134676608740999e-04
-3.218990415525461828e-03
-5.057555758818863657e-05
-1.084162893858075074e-03
-6.466133385968065011e-04
-1.441075711239394415e-03
-9.949917945798201005e-04
-1.140948172471441344e-03
-1.279566842898434854e-03
-1.229624987284332538e-03
-1.342312416507882239e-03
-1.743813021680240376e-03
-1.482657833918528487e-03
-1.121999441389499429e-03
-1.468857087352318366e-03
-1.015161176342531174e-03
-1.194491647271912066e-03
-6.748236136961747837e-04
-1.493040052361042100e-03
-2.784478549133149929e-03
-1.224393327131493171e-03
-1.790074454751808264e-03
-5.043510236718810750e-04
-1.058218441263408067e-03
-1.351133453091322078e-03
-1.545676013577272504e-03
-9.344549741884767766e-04
-5.902757045330794686e-04
-1.013756950549806173e-03
-1.139328381529077644e-03
-6.986435307187334855e-04
-1.756838261803313119e-03
-1.444898591035292772e-03
-9.007152721217441494e-04
-2.087291714201770169e-04
-8.732481228688233768e-04
-7.149098196812152728e-04
-1.199961188695318525e-03
-8.980163696100489090e-04
-1.475737511747844373e-03
-6.821582669160650798e-04
-1.200213802424531439e-03
-2.090288562142068613e-03
-1.442012250783984836e-03
-2.406696733491829610e-03
-1.286918023440403224e-03
-8.408772948272078603e-04
-3.484614874488775366e-04
-1.705653573964205491e-03
-9.252513972329764200e-04
-1.548950015728435374e-03
-1.435319426744646569e-03
-1.443600423701624528e-03
-1.068407324100139688e-03
-1.171648653655747111e-03
-6.923706348129267125e-04
-1.575501810109875868e-03
-1.145886309640947688e-03
-1.622982705548320749e-03
-1.488835859870508115e-03
-1.073526884570709427e-03
-1.735356728681698929e-03
-1.217461485475816426e-03
-1.395177003617229178e-03
-2.691703242588818976e-03
-1.916658558988672094e-03
-1.762868237346286839e-03
-2.675839697226194049e-03
-1.093818652091435844e-03
-8.923882247132936896e-04
-1.521206452688283767e-03
-1.761120770576177002e-03
-5.099824206712900900e-04
-5.266351788693363501e-04
-2.157848569282230268e-03
-9.785384771656207518e-04
-1.339893082205144154e-03
-8.471355184921968220e-04
-1.356736234520812372e-03
-1.976258835382282281e-03
6.241700825596682852e-05
-2.136452876978336794e-03
-1.198512482451635601e-03
-5.280525507374196365e-04
-1.576074250116212688e-03
-8.003292237673714001e-04
-1.020859642415393497e-03
-1.318022462820876532e-03
-1.704193598834317317e-03
-1.994921195763580454e-03
-2.507329344144993734e-03
-3.140889510682659362e-03
-3.701111463522304725e-04
-2.234190043954912240e-03
-7.129585854673541490e-04
-8.968045313892167693e-04
-1.699262183980290416e-03
-5.497864952966707809e-04
-1.762864567955467867e-03
-6.303719167865462145e-04
-4.122568994175379565e-04
-3.209758126067696268e-03
-1.394326528310469143e-03
-2.440520016401874492e-03
-1.577352682197481412e-03
-7.130159060682837724e-04
-3.337399718816711673e-04
-3.528837751475603587e-04
-6.704915476517642713e-04
-8.849219648839700249e-04
-3.843916472414285706e-04
-1.619115263657925534e-03
-3.298981791648810617e-03
-2.419539526149442656e-03
-2.249255334147208952e-03
-6.283429420445131933e-04
-1.746557109851322193e-03
-2.159115870434689683e-03
-1.841135078918618856e-03
-1.121509080167346854e-03
-9.319118621493154833e-04
-1.319813184284156487e-03
-2.092128805505827794e-03
-9.350955267220610861e-04
-2.870610331936647441e-04
-1.597781494005258733e-03
-1.055597209877725574e-03
-1.208507554007272290e-03
-1.959752924835796422e-03
-8.977089071234004751e-04
-1.164342595655851317e-03
-1.397438320799073048e-03
-1.025624038061953482e-03
-2.128542940171502043e-03
-1.213038609123040686e-03
-5.602688927644673298e-04
-1.033438186905212899e-03
-1.392398305055271828e-03
-1.391509195838025242e-03
-1.710699911752350906e-03
-1.960630479345812707e-03
-1.157003696965819240e-03
-7.533590087046318452e-04
-1.360859129446352579e-03
-1.233873710679268387e-03
-8.158636305451161252e-04
-1.490467487263480309e-03
-2.478016699678206418e-03
-8.073683630888000597e-04
-9.128022697721293786e-05
-1.552885416834124234e-03
-8.744906970093879349e-04
-2.497991637840906581e-04
-1.307322128314666052e-03
4.497458989649062971e-05
-2.183977400413765653e-03
-1.113230235676406768e-03
-2.065879843067687342e-03
-5.532313701523127207e-04
-1.426016816939085013e-04
-9.849667698446048819e-05
-9.716027240295792506e-04
-1.149190562194319981e-03
-4.635165544862550596e-04
1.552583958197209632e-04
-2.924898355564603362e-03
3.706241685700451915e-04
-5.138472603131826865e-04
1.716810742408616391e-04
-1.649301390336536033e-04
-8.609365441152820988e-04
-1.901068898755183673e-03
-1.660395288062670345e-03
2.396846207819376185e-04
-2.058028430058403651e-04
-1.137999519314457104e-03
-1.730494679141134562e-03
-7.260027919703024952e-04
-7.747644676559553535e-04
-4.966261056514188321e-04
-1.233258454348611132e-03
-1.516235537687566888e-03
-4.331611045032039508e-05
2.729278910194012846e-04
-5.083813335061015569e-04
-1.418995936064199178e-03
-2.638358426854058546e-03
-1.949903904869083968e-03
-1.858494398536796044e-03
5.728127419717308176e-04
-1.308007033326117827e-03
-6.252449345572766784e-04
-7.473306049782033186e-04
-1.105098916378436128e-03
-1.772605996968551131e-03
-1.028733939020896838e-03
-6.240309927492775598e-04
-1.045982963603824759e-03
-5.312485863987139898e-04
-1.297474437581659125e-03
-1.580001150793821805e-03
-2.751805611947845767e-04
-8.881321374127524280e-04
-1.331467855885175907e-03
-2.448797909366213035e-04
-1.346759396752236640e-03
-2.603587638507448825e-03
-2.128057665562702212e-03
-3.487677931210818750e-03
-1.389157454472125103e-03
-1.816454304397631565e-03
-6.697399098768841560e-04
-1.029308448357710596e-03
-1.094561765317655358e-03
-1.142073198830483071e-03
-5.960827858397222366e-04
-2.562857470072246084e-04
-1.196912667903465236e-03
-2.548783940582839908e-04
-9.531450216549809456e-04
-2.474428793682767382e-03
-1.869393168379052898e-03
1.664962325170877774e-04
-4.113860203248697386e-04
-3.091222878779876690e-04
-6.694562236517511127e-04
-9.664515775183540013e-04
-1.099307351565315160e-03
-1.434983820242504478e-03
-1.003327530522946142e-03
-3.834633011609513316e-04
-2.833479316684770714e-03
-1.028024438946058966e-03
-2.564589667887771495e-03
-1.880592329086033321e-03
-1.043870975202572218e-05
-5.601167051530684662e-04
-1.887597694473927502e-04
-1.520162910026905427e-03
-5.153098228004672271e-04
-1.258022266155592490e-03
0.000000000000000000e+00
0.000000000000000000e+00
0.000000000000000000e+00
0.000000000000000000e+00
0.000000000000000000e+00
0.000000000000000000e+00
0.000000000000000000e+00
0.000000000000000000e+00
0.000000000000000000e+00
0.000000000000000000e+00
0.000000000000000000e+00
0.000000000000000000e+00
0.000000000000000000e+00
0.000000000000000000e+00
0.000000000000000000e+00
0.000000000000000000e+00
0.000000000000000000e+00
0.000000000000000000e+00
0.000000000000000000e+00
0.000000000000000000e+00
0.000000000000000000e+00
0.000000000000000000e+00
0.000000000000000000e+00
0.000000000000000000e+00
0.000000000000000000e+00
0.000000000000000000e+00
0.000000000000000000e+00
0.000000000000000000e+00
0.000000000000000000e+00
0.000000000000000000e+00
0.000000000000000000e+00
0.000000000000000000e+00
0.000000000000000000e+00
0.000000000000000000e+00
0.000000000000000000e+00
0.000000000000000000e+00
0.000000000000000000e+00
0.000000000000000000e+00
0.000000000000000000e+00
0.000000000000000000e+00
0.000000000000000000e+00
0.000000000000000000e+00
0.000000000000000000e+00
0.000000000000000000e+00
0.000000000000000000e+00
0.000000000000000000e+00
0.000000000000000000e+00
0.000000000000000000e+00
0.000000000000000000e+00
0.000000000000000000e+00
0.000000000000000000e+00
0.000000000000000000e+00
0.000000000000000000e+00
0.000000000000000000e+00
0.000000000000000000e+00
0.000000000000000000e+00
0.000000000000000000e+00
0.000000000000000000e+00
0.000000000000000000e+00
0.000000000000000000e+00
0.000000000000000000e+00
0.000000000000000000e+00
0.000000000000000000e+00
0.000000000000000000e+00
0.000000000000000000e+00
0.000000000000000000e+00
0.000000000000000000e+00
0.000000000000000000e+00
0.000000000000000000e+00
0.000000000000000000e+00
0.000000000000000000e+00
0.000000000000000000e+00
0.000000000000000000e+00
0.000000000000000000e+00
0.000000000000000000e+00
0.000000000000000000e+00
0.000000000000000000e+00
0.000000000000000000e+00
0.000000000000000000e+00
0.000000000000000000e+00
0.000000000000000000e+00
0.000000000000000000e+00
0.000000000000000000e+00
0.000000000000000000e+00
0.000000000000000000e+00
0.000000000000000000e+00
0.000000000000000000e+00
0.000000000000000000e+00
0.000000000000000000e+00
0.000000000000000000e+00
0.000000000000000000e+00
0.000000000000000000e+00
0.000000000000000000e+00
0.000000000000000000e+00
0.000000000000000000e+00
0.000000000000000000e+00
0.000000000000000000e+00
0.000000000000000000e+00
0.000000000000000000e+00
0.000000000000000000e+00
0.000000000000000000e+00
0.000000000000000000e+00
0.000000000000000000e+00
0.000000000000000000e+00
0.000000000000000000e+00
0.000000000000000000e+00
0.000000000000000000e+00
0.000000000000000000e+00
0.000000000000000000e+00
0.000000000000000000e+00
0.000000000000000000e+00
0.000000000000000000e+00
0.000000000000000000e+00
0.000000000000000000e+00
0.000000000000000000e+00
0.000000000000000000e+00
0.000000000000000000e+00
0.000000000000000000e+00
0.000000000000000000e+00
0.000000000000000000e+00
0.000000000000000000e+00
0.000000000000000000e+00
0.000000000000000000e+00
0.000000000000000000e+00
0.000000000000000000e+00
0.000000000000000000e+00
0.000000000000000000e+00
0.000000000000000000e+00
0.000000000000000000e+00
0.000000000000000000e+00
0.000000000000000000e+00
0.000000000000000000e+00
0.000000000000000000e+00
0.000000000000000000e+00
0.000000000000000000e+00
0.000000000000000000e+00
0.000000000000000000e+00
0.000000000000000000e+00
0.000000000000000000e+00
0.000000000000000000e+00
0.000000000000000000e+00
0.000000000000000000e+00
0.000000000000000000e+00
0.000000000000000000e+00
0.000000000000000000e+00
0.000000000000000000e+00
0.000000000000000000e+00
0.000000000000000000e+00
0.000000000000000000e+00
0.000000000000000000e+00
0.000000000000000000e+00
0.000000000000000000e+00
0.000000000000000000e+00
0.000000000000000000e+00
0.000000000000000000e+00
0.000000000000000000e+00
0.000000000000000000e+00
0.000000000000000000e+00
0.000000000000000000e+00
0.000000000000000000e+00
0.000000000000000000e+00
0.000000000000000000e+00
0.000000000000000000e+00
0.000000000000000000e+00
0.000000000000000000e+00
0.000000000000000000e+00
0.000000000000000000e+00
0.000000000000000000e+00
0.000000000000000000e+00
0.000000000000000000e+00
0.000000000000000000e+00
0.000000000000000000e+00
0.000000000000000000e+00
0.000000000000000000e+00
0.000000000000000000e+00
0.000000000000000000e+00
0.000000000000000000e+00
0.000000000000000000e+00
0.000000000000000000e+00
0.000000000000000000e+00
0.000000000000000000e+00
0.000000000000000000e+00
0.000000000000000000e+00
0.000000000000000000e+00
0.000000000000000000e+00
0.000000000000000000e+00
0.000000000000000000e+00
0.000000000000000000e+00
0.000000000000000000e+00
0.000000000000000000e+00
0.000000000000000000e+00
0.000000000000000000e+00
0.000000000000000000e+00
0.000000000000000000e+00
0.000000000000000000e+00
0.000000000000000000e+00
0.000000000000000000e+00
0.000000000000000000e+00
0.000000000000000000e+00
0.000000000000000000e+00
0.000000000000000000e+00
0.000000000000000000e+00
0.000000000000000000e+00
0.000000000000000000e+00
0.000000000000000000e+00
0.000000000000000000e+00
0.000000000000000000e+00
0.000000000000000000e+00
0.000000000000000000e+00
0.000000000000000000e+00
0.000000000000000000e+00
0.000000000000000000e+00
0.000000000000000000e+00
0.000000000000000000e+00
0.000000000000000000e+00
0.000000000000000000e+00
0.000000000000000000e+00
0.000000000000000000e+00
0.000000000000000000e+00
0.000000000000000000e+00
0.000000000000000000e+00
0.000000000000000000e+00
0.000000000000000000e+00
0.000000000000000000e+00
0.000000000000000000e+00
0.000000000000000000e+00
0.000000000000000000e+00
0.000000000000000000e+00
0.000000000000000000e+00
0.000000000000000000e+00
0.000000000000000000e+00
0.000000000000000000e+00
0.000000000000000000e+00
0.000000000000000000e+00
0.000000000000000000e+00
0.000000000000000000e+00
0.000000000000000000e+00
0.000000000000000000e+00
0.000000000000000000e+00
0.000000000000000000e+00
0.000000000000000000e+00
0.000000000000000000e+00
0.000000000000000000e+00
0.000000000000000000e+00
0.000000000000000000e+00
0.000000000000000000e+00
0.000000000000000000e+00
0.000000000000000000e+00
0.000000000000000000e+00
0.000000000000000000e+00
0.000000000000000000e+00
0.000000000000000000e+00
0.000000000000000000e+00
0.000000000000000000e+00
0.000000000000000000e+00
0.000000000000000000e+00
0.000000000000000000e+00
0.000000000000000000e+00
0.000000000000000000e+00
0.000000000000000000e+00
0.000000000000000000e+00
0.000000000000000000e+00
