-1.331467855885175907e-03
-2.448797909366213035e-04
-1.346759396752236640e-03
-2.603587638507448825e-03
-2.128057665562702212e-03
-3.487677931210818750e-03
-1.389157454472125103e-03
-1.816454304397631565e-03
-6.697399098768841560e-04
-1.029308448357710596e-03
-1.094561765317655358e-03
-1.142073198830483071e-03
-5.960827858397222366e-04
-2.562857470072246084e-04
-1.196912667903465236e-03
-2.548783940582839908e-04
-9.531450216549809456e-04
-2.474428793682767382e-03
-1.869393168379052898e-03
1.664962325170877774e-04
-4.113860203248697386e-04
-3.091222878779876690e-04
-6.694562236517511127e-04
-9.664515775183540013e-04
-1.099307351565315160e-03
-1.434983820242504478e-03
-1.003327530522946142e-03
-3.834633011609513316e-04
-2.833479316684770714e-03
-1.028024438946058966e-03
-2.564589667887771495e-03
-1.880592329086033321e-03
-1.043870975202572218e-05
-5.601167051530684662e-04
-1.887597694473927502e-04
-1.520162910026905427e-03
-5.153098228004672271e-04
-1.258022266155592490e-03
-1.155405008450636865e-03
-1.348553080931656073e-03
-1.376259504497566238e-03
-1.566425665931210761e-03
-3.675631200367603210e-04
-1.479806046858824289e-03
-1.808041306127415983e-03
-2.107873425888589277e-03
-4.093301508141208617e-04
-4.315457408365585244e-04
-1.031882213274609803e-03
-1.234093480285918367e-03
-1.611946562080776623e-03
-6.871979633564003626e-04
-1.560661954808125222e-03
-5.974927240497137715e-04
-1.285696870621122955e-03
-1.175690519916158154e-03
-2.281655945582990435e-03
-6.248030850537140187e-04
-9.237262170582581254e-04
-6.035268406919501449e-04
-8.047068177316371541e-04
-4.785081393229029256e-04
-1.129026172246608241e-03
-6.752333225129597159e-04
-1.549318209552794437e-03
-2.200349628788615241e-03
-2.687939398672394876e-03
-2.496009596628385031e-04
-1.330268427064744798e-03
-1.054618567234147895e-03
-7.955740323910391338e-04
-5.000426643031977581e-04
-1.044444815848972205e-03
-3.095313321844698064e-04
-4.378172503126458951e-04
-3.902786048097373192e-04
-7.727508065422857573e-04
-9.694493093069987905e-04
-1.715236065382964642e-03
-1.653434679374019998e-03
-2.298211578296720931e-03
-1.400179364902472915e-03
-4.888268096594902489e-05
-4.536377301981491862e-04
-1.668423638776450179e-03
-7.831717639081008792e-04
-3.974229024398148562e-04
-1.312961964660918062e-04
-3.558795254628144538e-04
-6.978243397519448858e-04
-1.196745240715707276e-03
-1.042069198052824426e-03
-9.466835698073144262e-04
-1.076242853984777465e-03
-1.514432657462486597e-03
-2.253960738542839029e-03
-5.685519436537739757e-04
-2.431529082911793082e-04
-1.127684162187730151e-03
-8.450807452695995124e-04
-1.756666140209621300e-03
-1.929353024405095537e-03
-2.378394298477100929e-03
-1.061877867278188852e-03
-1.480593915581711459e-03
-6.842452159140053084e-04
-6.607212969793773609e-04
-5.093295254619004337e-05
-1.068526503477504677e-03
-7.625140088518849888e-04
-2.904629729936385792e-04
-1.738264084740122686e-03
6.435013641025537075e-05
-5.078317942529917556e-04
-2.290101136578134768e-03
-1.026151772166850962e-03
-1.395117497037933136e-03
-1.530228835574875797e-03
-1.857842075602078374e-03
-1.343640597705484828e-03
-1.540093446963653129e-03
-1.850811925982281253e-03
-9.474322340376054898e-04
-1.191995955952877785e-03
-1.592795214186201692e-03
-9.384460243206801337e-04
-3.143111026737994144e-05
-1.101179834377829072e-03
-1.733338319263816188e-03
-8.388887759946439581e-04
-1.685043576636082634e-03
-1.453560477938921954e-03
-1.242533957640754331e-03
-1.382307902918373686e-03
-3.184716139158875483e-04
-1.498460372427733254e-03
-2.094883930815743406e-04
-6.045052321740968697e-04
-1.817932129132058530e-03
-1.288170288539212211e-03
-1.238759893106738388e-03
-1.139829855233391890e-03
-1.249552738415552139e-03
-8.084454670048365783e-04
-1.201732907649573183e-03
-6.095893297726885478e-04
-1.094220115981761219e-03
-2.513073968433568255e-04
-7.583479788140762680e-04
-1.076715650626136958e-03
-2.084773833931636254e-03
-1.051314485474638162e-03
-1.404250949907377265e-03
-1.171042537556182470e-03
-2.095777922402822582e-03
-1.074451225637995406e-03
-1.561883856571380036e-03
-1.425939814135320990e-03
-2.201180505153948412e-04
-9.774876658034546608e-04
-6.907829384005768902e-04
-8.155816610869402999e-04
-9.638188824087187603e-04
-1.340184530453899028e-04
-1.497668360555729763e-03
-5.652104275429359684e-04
-4.006362852582279590e-04
-1.355772596850107195e-03
-1.075360661108457506e-03
-3.695928496536063368e-04
-3.638617673495100153e-05
-1.787686715342465737e-03
-1.721944569596760809e-03
-6.450482784994069751e-04
-1.190366013675380266e-03
-1.050188537701457166e-04
-1.479605651144889466e-03
-1.670066560252300930e-03
-8.187430857954497692e-04
-1.075022469557024036e-03
-1.251288836340310297e-03
-1.140139640187537830e-03
-1.332931083567881871e-03
-1.557964957106291798e-03
-2.204787473292077124e-03
-3.143770777871219852e-03
-1.371301711160328660e-03
-1.665975330783171999e-03
-1.740275829745575095e-03
-8.685328700723728580e-04
-1.010207073122081252e-03
-1.260668502711772112e-03
-1.289512122900210878e-03
-8.328336843963943205e-04
-7.869983666832412956e-04
-8.844462345601947217e-04
-1.256891616918701235e-03
-1.268178934119460182e-03
-2.909856597181956391e-03
-1.216041176065014951e-03
-7.433076333818346279e-04
-1.712884889540986248e-03
-1.360635903106573478e-03
-1.370260356179379274e-03
-2.592802820313891529e-04
-1.005016353633509697e-03
-1.705039121624038955e-03
-1.025030172312098959e-03
-4.899270834915541925e-04
-8.655851782448639514e-04
-2.966211228981109637e-04
-3.859057260592485897e-03
-4.906378352883028655e-04
-8.711578502020885352e-04
-1.145634025273726229e-03
-1.381896371407515499e-03
-8.172355921438047245e-04
-1.322667406385142144e-03
-1.283710436613280876e-03
-1.644292581865351363e-03
-1.124919752028702815e-03
3.752915806514577784e-04
-1.730782689340322391e-03
-8.640195634828546105e-04
-7.987029320944935866e-04
-1.109847579924677684e-03
-1.481228192899944731e-03
-1.019068538077806630e-03
-1.466492266962589634e-03
-7.919115064933679319e-04
-1.458815975341591588e-03
-1.915794188521505442e-03
7.760674899712425288e-05
-4.102461239186419107e-04
-5.030503730394549067e-04
-5.379438499221889797e-04
-3.243500095993211065e-03
-1.813092985753796821e-03
-4.752498062845896746e-04
-1.032070121949271160e-03
-1.248994656220013891e-03
-9.028168468163156072e-04
-7.428034375111060078e-04
-1.711172355699602538e-03
-1.143232066154799189e-03
-1.258511567054444551e-03
-1.170649022780717368e-03
-2.270877477676286251e-03
-1.875853702394785156e-03
1.369036571347401643e-04
-1.135679941331066379e-03
-7.232264715404468705e-04
-1.435651318854238613e-03
-1.083866451483480112e-03
-3.473279908653811496e-04
-9.329725701493359578e-04
-8.379742537416948753e-04
-2.553382401000734662e-03
-6.823742229911632096e-04
-1.829509062749466860e-03
-4.464971326833949423e-04
-9.442206907264653459e-04
-1.283343327739203121e-03
-1.455805453312728403e-04
-8.145243276171046246e-04
-4.152682176926500348e-04
-3.662607084889061941e-04
-4.822317240229730974e-04
-1.469941273905998793e-03
-9.494333081197859400e-04
-8.702143111608654251e-04
-2.211588050261881471e-03
-1.520009050747014564e-03
-1.450238177814807111e-03
-1.388729168594641508e-03
-1.345832462663512901e-03
-5.936748459254993348e-04
-8.299837532917968448e-04
-1.107011828571841539e-03
-3.972310679064982198e-05
-2.090826422935141392e-03
-1.626241280450191611e-04
-1.080809975823828059e-03
-7.799786435245838461e-04
-1.689599339616679142e-03
-2.783168184708274644e-03
-1.662073088189705127e-03
-2.539609704429130550e-04
-6.236411044817544939e-04
-8.403911482879604811e-04
-8.080587156563348193e-04
-1.356132266854858433e-03
-6.857097120026184886e-04
-5.353408408694552631e-04
-2.436331507687225940e-03
-2.064420860681202548e-04
-6.940619844118177352e-04
-1.608689066529934509e-03
-4.512531823708842201e-04
-8.423412822883332568e-04
