-8.166794767032330453e-04
-1.081118211067850967e-03
-1.017120066006589130e-03
-8.870790107607959361e-04
-1.227325426702109657e-03
-7.164081056952852902e-04
-9.111194073531990803e-04
-1.263883777927435510e-03
-1.374450528236894481e-03
-1.301173461316651198e-03
-9.823601961227400575e-04
-1.152395422653461126e-03
-7.828415802354628077e-04
-8.962333472493799356e-04
-1.146553655036112399e-03
-1.104836431482750453e-03
-1.247739274798691494e-03
-1.119637304639425597e-03
-1.383873527064397209e-03
-1.258874525765882541e-03
-1.071624511643006145e-03
-1.195948538361642005e-03
-9.218277388674612008e-04
-5.771879882469036372e-04
-8.728787171329245500e-04
-9.083968241624128031e-04
-1.190717666605966597e-03
-1.350540102115669336e-03
-1.123660887003215085e-03
-1.141554310623054541e-03
-1.915259599748491640e-03
-1.204521365824411192e-03
-1.094217681612710477e-03
-1.196703173741467093e-03
-9.267230314527759956e-04
-7.299561213073028822e-04
-8.045911647774984035e-04
-1.060700715882324481e-03
-8.633209371981090440e-04
-7.565131214213983253e-04
-1.060417068890640068e-03
-1.296287122903970771e-03
-1.227499016819100317e-03
-1.243514226246991011e-03
-1.130663369404756634e-03
-1.203447808129526255e-03
-1.150900327972510318e-03
-8.084456037566496852e-04
-6.349240963357171081e-04
-7.200081482863241464e-04
-1.134781585348472888e-03
-1.208767534624824143e-03
-1.286409069116249476e-03
-1.115077635276803076e-03
-1.108167901581406717e-03
-1.118212572217415967e-03
-1.210021762168953310e-03
-1.063809809447008748e-03
-1.075226906754764029e-03
-9.161606535388076627e-04
-8.475807776160204166e-04
-1.183442353931017351e-03
-1.230093454041022473e-03
-1.349060853505589354e-03
-1.144357310178649185e-03
-1.283065030480921940e-03
-1.191880470880869432e-03
-1.289626507774251779e-03
-1.599177197868392698e-03
-1.238279634165775998e-03
-9.264397852764599990e-04
-6.553627827728894127e-04
-1.029800526602449567e-03
-1.181975874468482041e-03
-1.185927069025273593e-03
-1.006300117471969988e-03
-8.908187885415355970e-04
-1.113147449743247946e-03
-5.512177089918545965e-04
-1.018079212195539861e-03
-1.168095728119297998e-03
-1.251498725562580914e-03
-1.261258399228549218e-03
-8.547981507009233494e-04
-6.794454694392611021e-04
-8.853459005410742755e-04
-1.072628302898461471e-03
-1.360965550943122509e-03
-8.486875237690149091e-04
-9.501249869919486729e-04
-2.269386634829646289e-03
-1.371032873297123962e-03
-1.406396731488361498e-03
-1.078761295233038233e-03
-1.003284789596180443e-03
-8.362631621736518533e-04
-9.197240718804562502e-04
-1.176875091001968300e-03
-8.775710500091924837e-04
-9.988964995857390824e-04
-1.286293412856998790e-03
-1.412000884921913151e-03
-1.292914289573341259e-03
-1.007228566588456694e-03
-9.886084683810925696e-04
-1.050976049093567876e-03
-8.638133145665868136e-04
-7.871799579563064494e-04
-9.630055548230834856e-04
-1.039266127040094651e-03
-7.710755270263264152e-04
-1.020490223866335824e-03
-1.342477241147840752e-03
-1.012663107101734617e-03
-1.171747242346871413e-03
-1.357773266094565055e-03
-1.208489202347540507e-03
-1.609087692725962243e-03
-1.186392733954323188e-03
-1.004170093096909714e-03
-8.864080550504393466e-04
-1.209578056258668512e-03
-1.133577223691934746e-03
-7.805910634990118968e-04
-8.577584043632009323e-04
-1.445031207582663348e-03
-1.486557005798084131e-03
-1.269106714713925726e-03
-1.154973494578684324e-03
-9.778932350626799025e-04
-9.470880096455692922e-04
-4.398699661959997397e-04
-9.799639946408656918e-04
-9.821889663279060895e-04
-1.243393924092123758e-03
-1.555824248398773261e-03
-9.586801596088805315e-04
-8.762316224209671907e-04
-6.084736345845215407e-04
-9.788562647244803544e-04
-1.028514938915510782e-03
-1.271848002876960941e-03
-7.199246766515587188e-04
-9.280740434787783898e-04
-8.504533651042573035e-04
-1.199913257701247212e-03
-1.067435165025795588e-03
-1.369467262788872991e-03
-8.991016163964288222e-04
-6.765837545298075814e-04
-1.477860212799648456e-03
-8.970332604627880447e-04
-1.110441665536628401e-03
-1.133561974671938371e-03
-7.514325326879302356e-04
-5.362683654029211464e-04
-6.540003401532311703e-04
-9.278042902429528907e-04
-1.034639699491304247e-03
-9.423618165780239071e-04
-1.373654898352235894e-03
-9.302575569289767664e-04
-1.524764927013267648e-03
-1.599658783021996964e-03
-1.104437663750643204e-03
-1.368973108200548456e-03
-1.073677444699891589e-03
-7.142428720745436785e-04
-8.737322354380706261e-04
-9.689837521206294242e-04
-9.929142694218176610e-04
-1.424716182662761569e-03
-1.115509352486519345e-03
-1.052898274154704392e-03
-1.401147049092116379e-03
-1.427450688952798053e-03
-8.892556232760575382e-04
-1.015784891539626457e-03
-7.925282215185803060e-04
-9.708108219906852725e-04
-9.247608526202000852e-04
-1.002177028550362741e-03
-9.165840148179357424e-04
-1.209177414011277816e-03
-9.354428709638945181e-04
-7.475745920408179363e-04
-9.286383816602994693e-04
-1.162732573970229723e-03
-1.553996065816731602e-03
-1.398352141689923308e-03
-1.288668268579344503e-03
-9.239598248050332136e-04
-7.611952065227258878e-04
-9.544760143312720638e-04
-1.015882002086508553e-03
-1.238087789331701475e-03
-1.065814181097857194e-03
-1.578698067156541086e-03
-1.033680659342928491e-03
-1.054286417060627118e-03
-1.464881082071757719e-03
-1.111920938316778408e-03
-1.264192007569325728e-03
-7.860788747774179880e-04
-5.201126356622515516e-04
-1.139929270331843745e-03
-6.937059777352978622e-04
-8.528160400289429982e-04
-1.214591926592607004e-03
-1.013221972123075744e-03
-1.474241455509243872e-03
-9.253608339969108827e-04
-8.684824946027152942e-04
-1.252571003961470107e-03
-1.135832461500392836e-03
-7.446420762087454810e-04
-7.953809835875212631e-04
-1.044812042090752105e-03
-1.206515567053263521e-03
-1.095766505769734224e-03
-9.958850136173927597e-04
-1.339243585874973046e-03
-1.610160037310378548e-03
-1.291985195828070174e-03
-1.250986020608477320e-03
-8.598450553015749833e-04
-1.074318061236736923e-03
-6.895084688493627887e-04
-8.965674958912451913e-04
-8.127452231708837084e-04
-1.009762495746038173e-03
-1.273260500988621481e-03
-9.202469218263104869e-04
-1.089632394599386036e-03
-7.851633534100664743e-04
-1.080523967556482751e-03
-9.724664375670161046e-04
-1.184645559906764845e-03
-9.068150226814269922e-04
-8.411012375028057483e-04
-7.927248619252715749e-04
-1.232117980230785018e-03
-9.967029359018689423e-04
-1.352494007670861434e-03
-1.311657046792810656e-03
-1.452634348176460493e-03
-1.228659087766607568e-03
-1.304400684941493110e-03
-1.254434998118981364e-03
-1.503364683307330078e-03
-1.535344762743151093e-03
-7.873284869569659693e-04
-9.678307638353008183e-04
-9.304272811869851011e-04
-1.333536628246123927e-03
-1.327621746230628688e-03
-1.152023029593544695e-03
-7.163469086220630895e-04
-9.338473935066257409e-04
-1.351038861837599919e-03
-1.658823495599765028e-03
-8.993880035874253758e-04
-5.684370675629903374e-04
-6.121765386110222936e-04
-5.954918802747694940e-04
-1.129318106350076997e-03
-1.177509120419039951e-03
-9.770567229891373266e-04
-1.104317382980048341e-03
-1.222719136301647852e-03
-1.281642511961991618e-03
-8.408147961941387803e-04
-1.530008846228072443e-03
-1.311578467712509874e-03
-6.636326555223660351e-04
-7.006339999452577657e-04
-5.558622759357632372e-04
-1.345568271095803035e-03
-1.014590610175691984e-03
-1.402789609330993420e-03
-1.278116930357418640e-03
-1.319783634229213789e-03
-1.318100895163450961e-03
-1.446609441412544930e-03
-1.405027972631742389e-03
-1.224376797667743816e-03
-1.196766995007395419e-03
-8.199430287697228844e-04
-6.349646707435147811e-04
-1.118633176471787007e-03
-1.037197763678756853e-03
-7.116751654491700356e-04
-1.106696388432420021e-03
-1.171558020219819370e-03
-9.544479314333428671e-04
-1.348799144512982228e-03
-1.213089030315079751e-03
-1.214397374569021505e-03
-1.279016849646633872e-03
-9.573985564210500069e-04
-8.766331662711657072e-04
-7.847607407439469900e-04
-1.171318997060975852e-03
-1.201254677932867302e-03
-1.074962809009348064e-03
-1.485105180479476001e-03
-1.075514894433418894e-03
-1.268438219065944408e-03
-1.459619862101278927e-03
-1.023628488066028732e-03
-9.689294444565643184e-04
-9.102383347481657729e-04
-7.116573573429158710e-04
-8.165941676146148097e-04
-1.198841105243026069e-03
-1.099106374753733338e-03
-1.182773868978643193e-03
-1.411685058993151056e-03
-1.197772600468544838e-03
-1.002919290068015950e-03
-1.229356757538286249e-03
-8.922897056430404133e-04
-9.129045062539828262e-04
-4.888240715519490522e-04
-6.226579687340007708e-04
-8.424590024629046011e-04
-1.287347081774890345e-03
-1.238136070089999050e-03
-5.621112555157565692e-04
-8.414137278542444887e-04
-1.214059873441951116e-03
-1.286672802456552151e-03
-1.208955539706105817e-03
-1.475842343845498511e-03
-1.110770358903162905e-03
-8.804237984501488493e-04
-9.419114107910951791e-04
-1.068425968550233956e-03
-1.131894709912015934e-03
-7.450621260063134592e-04
-1.483394565829610021e-03
-1.259123214893058656e-03
-1.945703259053536667e-03
-8.412612799914867502e-04
-1.262927689385095510e-03
-9.931447293484640601e-04
-8.971882614745900703e-04
-1.031884866852201188e-03
-1.196989864077972233e-03
-1.075994910636988164e-03
-1.054447342603485535e-03
-9.976326234541735196e-04
-1.124898782738899781e-03
-1.099281811138803173e-03
-1.381591256982520489e-03
-8.924566334630892970e-04
-1.369459648501766564e-03
-7.146530290076565095e-04
-1.230411952320289298e-03
-8.958719578158273180e-04
-6.806315804346577038e-04
-7.928262866337591015e-04
-9.390451449077130046e-04
-1.118772225282026840e-03
-1.258718898085366958e-03
-1.135612637667191439e-03
-1.389391375637331156e-03
-1.293157190704301816e-03
-1.397716669995679398e-03
-1.174285015581947146e-03
-1.010684187851193776e-03
-8.355710183051248989e-04
-6.304764729581129263e-04
-8.522526694077464226e-04
-1.194885616713995975e-03
-1.195229695801547148e-03
-9.487009167148081424e-04
-1.138275281193644115e-03
-1.296986607427347976e-03
-7.704971678659211206e-04
-1.138721215649005905e-03
-1.292818571062259378e-03
-8.698105194576198716e-04
-8.828758574089790815e-04
-8.858110032171828338e-04
-9.455622440001306989e-04
-1.327165511895918391e-03
-1.325333237512444111e-03
-1.105612821688131122e-03
-6.958791525010297584e-04
-1.004836961319728302e-03
-1.197486958961828125e-03
-1.185910998117059361e-03
-8.772056067095166526e-04
-9.369142318811752397e-04
-8.879093949902460087e-04
-6.588813704406620278e-04
-8.924288423503361992e-04
-9.324029184489876889e-04
-1.131587761579160500e-03
-7.198044811182850722e-04
-1.068371036574626391e-03
-1.213220117062829362e-03
-1.360945075523642151e-03
-9.511603379488819260e-04
-1.133670123786946222e-03
-8.190891300540205627e-04
-8.511172800205208527e-04
-6.990176173522008466e-04
-1.075909947109419213e-03
-9.830208476968623887e-04
-8.176976252915794073e-04
-1.280742044743273618e-03
-3.580466467869629571e-04
-7.240773382625266584e-04
-1.195931164049047687e-03
-1.315757844443785594e-03
-1.355275054202960449e-03
-1.076848643908013973e-03
-1.077147649278167125e-03
-8.967026885622910413e-04
-1.123163827018110617e-03
-1.002554309492682035e-03
-1.280209926513739679e-03
-1.165873273825229848e-03
-1.023225607495265466e-03
-9.007929282080935889e-04
-1.139060686282186577e-03
-1.320730591762314925e-03
-1.009573915081410323e-03
-1.281768470822640827e-03
-1.088343472897721929e-03
-9.676693343497885184e-04
-1.118428632557425364e-03
-1.241805652899046798e-03
-1.143786755146133710e-03
-1.084832589883493598e-03
-8.613044374840240699e-04
-1.116370544566775780e-03
-9.591949453487081875e-04
-1.061240509117064232e-03
-1.162824540496036618e-03
-8.903003367970296206e-04
-4.836095746138321808e-04
-7.229486961904218849e-04
-1.181319920080578685e-03
-7.517708233726683523e-04
-1.150091842509359374e-03
-5.872131914532727811e-04
-6.844869474045868485e-04
-1.138968755345376276e-03
-9.018105092354090089e-04
-9.735006478927632836e-04
-1.021888617422759930e-03
-9.622237522115301579e-04
-6.188130484433220120e-04
-9.047351927735361107e-04
-1.007366806378143286e-03
-1.142487684541827926e-03
-1.144487532947995869e-03
-1.342894498347511336e-03
-1.098291571590220405e-03
-1.649195509047644533e-03
-1.025199465058320922e-03
-9.139261179496058294e-04
-8.372753535430799664e-04
-1.184105824143250572e-03
-9.311810100415450703e-04
-9.694372016747211619e-04
-6.961572823410090618e-04
-8.746104790758506622e-04
-8.851809649929440107e-04
-9.549276159257295274e-04
-6.365592835786999934e-04
-1.317884342009710986e-03
-1.611917798536057628e-03
-1.053882239573597415e-03
-1.052191547419502153e-03
-8.573142212903088564e-04
-1.005044861522220176e-03
