-5.705048241204673963e-04
-1.191663326087974255e-03
-1.135918007291628973e-03
-1.183767596911386704e-03
-8.423034965696465969e-04
-1.180913308217518580e-03
-1.546368515014751120e-03
-1.235202032688609113e-03
-1.394308517807413836e-03
-1.330801976431201681e-03
-1.339046083081903973e-03
-4.992055110379744857e-04
-6.426936643530039867e-04
-1.137872064185440008e-03
-1.150974525590922485e-03
-8.903820027429392315e-04
-9.470077827020801590e-04
-6.108861692110497321e-04
-8.500123733266235545e-04
-1.353123880084735687e-03
-1.561375808219216208e-03
-1.183226011407839630e-03
-1.306424802724847570e-03
-7.939118878664712170e-04
-7.299125885754537699e-04
-1.199669932519952962e-03
-1.227623755026415690e-03
-1.197105458370833868e-03
-7.437001307374017239e-04
-1.467880240139260656e-03
-1.273568140619802357e-03
-1.192466579065190211e-03
-9.333059622845251172e-04
-9.400739788439330287e-04
-1.402326880545344719e-03
-7.085796847173240522e-04
-6.981622598189872898e-04
-8.286886603656416772e-04
-1.388387825012501933e-03
-1.323269095563075646e-03
-1.114610703362011465e-03
-1.168048947044060017e-03
-1.533854232172820759e-03
-1.563365119335048290e-03
-1.425598930934167570e-03
-1.324886950204379101e-03
-9.581835116561026157e-04
-9.180305293810671037e-04
-7.443389923099208525e-04
-1.040036008637205359e-03
-1.126289065710901934e-03
-9.819539920667538693e-04
-1.031928836328866285e-03
-1.123147347448637040e-03
-1.319052970161814411e-03
-1.272060185837185255e-03
-1.273951115943736329e-03
-1.201325576307654642e-03
-9.413150181560983381e-04
-7.774511679118841249e-04
-7.608386051552841825e-04
-6.507276983912810373e-04
-1.097930818658063431e-03
-1.054189739634163892e-03
-1.102048340313387283e-03
-1.187236894470846500e-03
-1.493716274043665982e-03
-1.528922409826463831e-03
-1.264712795561689744e-03
-1.243683183505939812e-03
-9.656365609273416528e-04
-7.944337129036804128e-04
-6.284219074438054204e-04
-8.911612291264392992e-04
-9.418408460591865721e-04
-1.204903082718436708e-03
-9.041962175496925762e-04
-1.156972692365815106e-03
-1.765350508941268635e-03
-9.822362928152330447e-04
-1.109606735097476557e-03
-1.127233443915018514e-03
-9.128333435543276118e-04
-8.735762160994591137e-04
-7.213176766919145990e-04
-1.006041117478707588e-03
-1.021235396512712099e-03
-1.021263024494929858e-03
-1.238266614651024108e-03
-1.177546952328218906e-03
-1.165967738732949987e-03
-1.471130885217737617e-03
-1.348484743934395260e-03
-1.270761113531004285e-03
-9.639824219151209512e-04
-8.704339827494481097e-04
-8.030363194314997250e-04
-9.785878670074226165e-04
-1.388924021611448022e-03
-1.119144609039804134e-03
-8.249384405714084521e-04
-1.301774990596194382e-03
-1.417291752010894738e-03
-1.435491540343848335e-03
-1.185634874750761056e-03
-9.264866827867681166e-04
-6.539822133145316210e-04
-7.010615606070861455e-04
-4.102907039953143588e-04
-8.721136023493441126e-04
-1.134851650429425469e-03
-1.234813894558416678e-03
-1.029239699469905326e-03
-1.187546530396716392e-03
-1.098403648021453304e-03
-9.167067641406463629e-04
-1.010932733377162360e-03
-8.141946192878133769e-04
-8.055813643354815812e-04
-8.291373461240616766e-04
-8.349704576635478843e-04
-7.206831086620487173e-04
-9.882113483259068708e-04
-1.241421665333671334e-03
-8.896419552177419702e-04
-1.011813743603946509e-03
-1.380511896665352059e-03
-1.247430901593108441e-03
-1.205361436712508233e-03
-9.017223492379495241e-04
-1.024695853751597793e-03
-7.859979585678250266e-04
-8.014122927002859283e-04
-1.035916241010839548e-03
-1.057266118374501672e-03
-9.423439207062431254e-04
-5.523280973141470171e-04
-1.612425249133645367e-03
-1.078373348320816076e-03
-9.885168130690214459e-04
-1.116387602728872172e-03
-1.204256042199986680e-03
-1.247332643923305820e-03
-8.132319681473629313e-04
-6.485220746662279621e-04
-8.906259021679739304e-04
-1.193066776888948360e-03
-1.178364640902208795e-03
-1.400414064951153179e-03
-1.297192819163180610e-03
-1.712355162355281603e-03
-1.281530067474709756e-03
-1.011256299501260255e-03
-1.325699653654909774e-03
-1.066945847056575622e-03
-6.174590400528941593e-04
-7.260802083745049752e-04
-1.089190210164315718e-03
-1.066454496652804052e-03
-1.026306760964032722e-03
-1.672927222855333631e-03
-1.102143434122523609e-03
-1.596133938261933222e-03
-1.087176213865733744e-03
-1.107590689927420843e-03
-1.044231319750360369e-03
-7.632739472819796049e-04
-7.905293790783845609e-04
-8.797064195726089254e-04
-1.284791780895145176e-03
-1.136036430251463353e-03
-7.898922747438093467e-04
-1.141103481470387513e-03
-1.425317311160608077e-03
-1.352424847353811974e-03
-1.974718350021780096e-03
-1.144403417887044846e-03
-9.120458692038237170e-04
-8.400175468647965880e-04
-9.253390647886485789e-04
-9.188917283155851636e-04
-6.435479439959501582e-04
-1.201554108131425548e-03
-6.146357212182832147e-04
-1.655166360518491378e-03
-1.047616365053468702e-03
-7.736250762639921988e-04
-8.431684980433801256e-04
-1.533934303561568712e-03
-9.051584916986472754e-04
-1.417487796898594899e-03
-1.010082483205548311e-03
-7.712230161475045831e-04
-1.082145631111849481e-03
-8.001434973042460819e-04
-9.943539845001544801e-04
-1.377854483825658111e-03
-1.649744570649506028e-03
-1.219183779422951079e-03
-1.260903205818065566e-03
-9.328931481360942801e-04
-9.274468878525659460e-04
-1.118240507758878292e-03
-9.347740344455490388e-04
-9.795906309127465437e-04
-1.159061282665408083e-03
-1.034026006446617284e-03
-1.051400700316824357e-03
-9.076578190914926306e-04
-5.295636980390382859e-04
-1.339260980397365608e-03
-7.994040094872118841e-04
-1.120548514532968389e-03
-1.056993004750934667e-03
-9.860020720233093373e-04
-7.169850273057716376e-04
-9.307271596587642993e-04
-1.123045275187018171e-03
-1.056094895761233894e-03
-1.095598959054003025e-03
-5.701259095877214342e-04
-1.449627012804949799e-03
-1.024301681962412136e-03
-9.801815912204524771e-04
-1.750522625095840340e-03
-1.245035698848958325e-03
-9.853339289010876884e-04
-1.082382696286443005e-03
-8.416848599392125988e-04
-1.122950586409794584e-03
-8.012805441544601243e-04
-1.238146487904884544e-03
-1.009362276215456300e-03
-1.345647018248359150e-03
-1.520053981313542520e-03
-1.544861138400661178e-03
-1.335982851374741421e-03
-1.543293457948602485e-03
-1.284407533757704048e-03
-8.800486996180717286e-04
-9.694225598499223379e-04
-1.116322203519445758e-03
-1.080647739245781461e-03
-1.269486023902435378e-03
-1.091615535408707160e-03
-1.335413265766944397e-03
-9.920582630748621140e-04
-1.264869396576703614e-03
-1.571553007767029046e-03
-9.406625149874280143e-04
-1.474317118284681908e-03
-8.601520079310350474e-04
-8.158645791174572431e-04
-7.992852907387484537e-04
-8.310908603954993536e-04
-9.121350078343503634e-04
-3.474519541706493704e-04
-1.153871811285065276e-03
-1.332832630803442841e-03
-1.051861860118981969e-03
-1.795671684995414760e-03
-1.163074545922509724e-03
-9.854722116400594679e-04
-1.033152783548186258e-03
-9.495570262953719832e-04
-1.186711513491754992e-03
-1.448256060961327979e-03
-1.300580166080500880e-03
-1.718259770707638310e-03
-1.566477719991498209e-03
-1.368702631677329003e-03
-1.596072588634279369e-03
-1.100610054637009673e-03
-9.243683410528905292e-04
-7.892026395333171700e-04
-8.775187427162002649e-04
-8.604785916735528412e-04
-8.347520912943426569e-04
-1.217691221443937318e-03
-1.092591542669305504e-03
-9.113346280019640972e-04
-1.589061958299981805e-03
-1.331015516648774172e-03
-1.553956350675441810e-03
-9.884283494998400560e-04
-1.377284668372563995e-03
-1.085454756772816958e-03
-1.116782994623487495e-03
-3.699949395931951949e-04
-9.431854738819449996e-04
-7.440632710668107020e-04
-1.447187719654073482e-03
-8.076560567524615833e-04
-1.419009181329119410e-03
-2.040335019596625429e-03
-1.088979926153052372e-03
-1.496857188187252332e-03
-7.273142266919176884e-04
-1.301587061335816734e-03
-6.812507233906846997e-04
-9.868517656380928170e-04
-7.622849737326977803e-04
-1.104749863410467393e-03
-1.183103070240227065e-03
-1.294700702277918518e-03
-1.198776166738726697e-03
-1.319415643820458965e-03
-1.243956829287133376e-03
-1.008560095921970596e-03
-8.851079924133666487e-04
-8.560734123301187801e-04
-8.281564198767385520e-04
-5.493372825106126707e-04
-9.662818846013412205e-04
-1.123750354395999058e-03
-1.440062201645928670e-03
-1.234381531765082161e-03
-8.450707805905284791e-04
-1.217383700940982390e-03
-1.559450310369664850e-03
-1.294919283286368166e-03
-1.182664483045120550e-03
-1.089225448763488265e-03
-8.895847024160242296e-04
-3.306652420175238663e-04
-8.454034731913231439e-04
-6.395435723215518167e-04
-1.077863384238282336e-03
-1.130229763717164118e-03
-1.042979417341656544e-03
-1.551168609690471625e-03
-1.162381730855941396e-03
-8.070913471100674835e-04
-1.282959382409418333e-03
-9.993030164185568321e-04
-8.676752769233874764e-04
-1.027827067549252687e-03
-9.747627851117975171e-04
-9.505469293874707669e-04
-8.863779653072407583e-04
-9.358232480942347328e-04
-1.138155221080165529e-03
-1.031723959391621934e-03
-1.228803086495822107e-03
-1.466185040999208643e-03
-1.052251166735601595e-03
-9.606968284039151592e-04
-1.233955552096078611e-03
-8.174930423641875443e-04
-1.054241049873460428e-03
-1.119925482271394391e-03
-1.221194585939817381e-03
-8.113137147706515504e-04
-1.046617505900936064e-03
-8.684742488198037838e-04
-1.253384808197586077e-03
-1.116137196215716970e-03
-8.147232234090695090e-04
-1.172203079155509104e-03
-7.001510583162984984e-04
-8.365477043789946781e-04
-1.060064234877362019e-03
-1.058379542640292643e-03
-8.303099367813520293e-04
-9.314582453711544099e-04
-1.319756741634758217e-03
-9.591114919142653024e-04
-1.448392027184361702e-03
-1.191066308036939228e-03
-9.221350788139848860e-04
-1.129096166782882649e-03
-8.667976384736016679e-04
-8.279036584970567462e-04
-1.003956730469651422e-03
-7.411190802138977428e-04
-8.581315488152962013e-04
-8.290511866566037218e-04
-1.002291841325877010e-03
-1.717032214871514091e-03
-1.000512690608685749e-03
-1.089244521682057642e-03
-1.373141357647202033e-03
-1.235299766342755345e-03
-8.373835274444319096e-04
-5.162424070478858302e-04
-8.119618553191648193e-04
-1.036289793176559072e-03
-1.436637220020645957e-03
-9.589375704498118288e-04
-8.084276512512013129e-04
-9.360830424309776656e-04
-1.083425247215057726e-03
-9.077864698168023770e-04
-1.130464172888466425e-03
-9.407483858032497388e-04
-7.986100921718211187e-04
-7.277809242829890411e-04
-1.153802478398166347e-03
-1.129753415605712439e-03
-9.422423568003078682e-04
-1.201750536744121715e-03
-8.822405478342051476e-04
-1.365867786658332868e-03
-1.452462370245224954e-03
-1.046919919917144517e-03
-1.086294929832938745e-03
-8.691619545720828590e-04
-8.788287158316051553e-04
-1.088941477392122966e-03
-1.090602875456676097e-03
-1.035308907431653882e-03
-8.292492576521515689e-04
-1.083613464472602071e-03
-1.321643652413864636e-03
-1.184678379824987641e-03
-9.443475179110729723e-04
-1.532744155985253090e-03
-8.810097981770320446e-04
-1.062722583686870207e-03
-9.932902706469468827e-04
-8.168471119184987682e-04
-8.474569319981623602e-04
-6.248447806362467756e-04
-8.716089871116348975e-04
-1.122855855161554494e-03
-1.643764761982777689e-03
-1.304534820600807563e-03
-8.295417587609899565e-04
-7.002525243514675767e-04
-1.040200167577416809e-03
-7.732893072337089892e-04
-6.290851419308615255e-04
-5.710258897088716420e-04
-7.662891802403176472e-04
-8.765633158667539932e-04
-1.609678280091945100e-03
-6.294926632824699060e-04
-8.874793658367706450e-04
-7.696723599563619171e-04
-1.227843666153937948e-03
-1.083687372211988506e-03
-1.384007204287812393e-03
-8.483948509320631296e-04
-8.606236752158859466e-04
-7.218608391117235226e-04
-1.430525855869074379e-03
-9.581729848878538626e-04
-1.145935985897756065e-03
-1.261830132369962673e-03
-1.014646671839316942e-03
-1.885361433442891282e-03
-1.553207268510881957e-03
-1.425548783031879577e-03
-7.751155617083728975e-04
-1.413122044601836710e-03
-9.117743386762731852e-04
-6.667512021004361449e-04
-1.059786632423721526e-03
-9.461772188653049800e-04
-9.710937168147888623e-04
-8.302598677882981094e-04
-1.579281525400396454e-03
-1.018959822765587052e-03
-1.187066390125931202e-03
-1.091362422060049037e-03
-1.458423561538682882e-03
-9.357565149741812896e-04
-9.844872582381923674e-04
-7.168853944127794595e-04
-1.120243076681717550e-03
-1.353648640129951697e-03
-1.369439310751317329e-03
-1.110817602873107827e-03
-1.303345935130982222e-03
-1.296349866861036971e-03
-1.088331793817100702e-03
-1.149640663758096397e-03
-9.542562034723466166e-04
-1.014980562434241070e-03
-1.099131021844628039e-03
