-8.394030264394894457e-04
-1.143294622564774033e-03
-1.002144047275621086e-03
-1.058187191874992170e-03
-1.064973534646308870e-03
-1.295996491562916237e-03
-1.165162616469250616e-03
-1.213915038151477293e-03
-1.315945373727057119e-03
-1.002451873233105089e-03
-9.912183761580913108e-04
-7.659280554464898772e-04
-1.180128080866681313e-03
-1.046912545534953252e-03
-1.304209769225906680e-03
-1.082453568523790042e-03
-1.013546222676127689e-03
-1.747437014534250661e-03
-1.075035634921598813e-03
-1.322350036759987330e-03
-1.085387459390205287e-03
-1.302106877288913746e-03
-1.118572251387934960e-03
-6.964215634667368302e-04
-8.606807946953217619e-04
-1.092170928130235374e-03
-8.362048095705308442e-04
-1.591671091148207269e-03
-1.054070974317476575e-03
-1.335026520335127424e-03
-1.065015552358802679e-03
-7.896910812812878242e-04
-9.682316472535518149e-04
-1.250976663934618436e-03
-1.130936002482491346e-03
-8.113646114468011424e-04
-5.866644915690272157e-04
-8.795827426581195266e-04
-1.027525881436027301e-03
-9.970674522374416409e-04
-1.515418624647320127e-03
-1.026502709243354034e-03
-1.319506801050071131e-03
-8.754775371034952992e-04
-1.652423532716605723e-03
-9.937042780248290554e-04
-1.302274004239430604e-03
-8.078612381792302406e-04
-9.002464468395409000e-04
-1.194864232990043183e-03
-1.027958612732821552e-03
-9.577217175009490905e-04
-8.043283547412207607e-04
-1.016633506349046536e-03
-1.275243871347306714e-03
-1.210519898677794252e-03
-1.616570438121935115e-03
-9.037924758512599216e-04
-1.172508159027240435e-03
-1.127316313884463945e-03
-6.866086126323659626e-04
-9.123177243296553369e-04
-1.006108552808693919e-03
-1.337135055856142991e-03
-6.871490212360005512e-04
-1.600185812402768384e-03
-1.591985657593201868e-03
-1.145524400279738586e-03
-1.318578356972292375e-03
-8.173624660712594655e-04
-9.179624920257796342e-04
-5.094946675532382573e-04
-1.043202114867784573e-03
-7.894635109435798855e-04
-9.952533197591065424e-04
-1.036581892555547878e-03
-9.389932036857034491e-04
-1.148012116753681497e-03
-9.753093694009441284e-04
-1.037497386322986477e-03
-1.616782260211845545e-03
-1.116666847815900266e-03
-1.049916325691528565e-03
-6.438696501448444662e-04
-8.758088090879813468e-04
-9.226130976572542155e-04
-1.024304124146395174e-03
-8.200485918547788158e-04
-1.293924373875820827e-03
-1.364333458881016861e-03
-1.493536871805493417e-03
-1.310602053301576165e-03
-1.299411769568805915e-03
-1.344112542221838780e-03
-8.653948081198483983e-04
-1.222031107821314102e-03
-7.326364319954765513e-04
-1.201083548627568864e-03
-9.038003997038136263e-04
-1.220374996117875015e-03
-1.142754267074570958e-03
-3.794082032140241368e-04
-1.270513036790372856e-03
-1.325252770358345978e-03
-9.511824812304248275e-04
-1.192782857020195132e-03
-5.633480043029892538e-04
-5.274045920005046963e-04
-7.847945235765336992e-04
-5.007444968004112632e-04
-1.079789564007698453e-03
-9.230423754940816862e-04
-1.537916622871959588e-03
-1.012242017998439981e-03
-1.425701693999094225e-03
-1.562327076948638073e-03
-7.743817259249753887e-04
-7.539480280136938483e-04
-1.279086535854764232e-03
-8.755781770848641453e-04
-1.034605938327259281e-03
-1.069494737241024566e-03
-1.308590207483178959e-03
-8.121798160576418216e-04
-1.413910927247754266e-03
-1.128947341882185693e-03
-1.134935284147431389e-03
-8.604479872309575431e-04
-1.204866989762218765e-03
-7.688641972876445168e-04
-7.799527412924784535e-04
-9.980098005228251173e-04
-8.576996782748860879e-04
-6.780885798395506993e-04
-1.015873466102226296e-03
-1.488328137295954904e-03
-1.427013347232994073e-03
-9.316882515931827714e-04
-1.163622120830726074e-03
-1.374374092151125527e-03
-1.230713630888420531e-03
-1.070936806845272215e-03
-1.042364187839872830e-03
-8.314840322947542831e-04
-7.747074879413045701e-04
-1.283729514289860428e-03
-1.305522825412001918e-03
-1.247047608305290513e-03
-1.914179182168406455e-03
-1.166164641416510533e-03
-1.470553682431107595e-03
-1.549960978701890330e-03
-1.546684799602687441e-03
-9.499206942636989788e-04
-8.399399969334265951e-04
-7.259459230689946970e-04
-8.077691074751629490e-04
-6.429519776067064204e-04
-1.040738752964128801e-03
-1.236965920041475323e-03
-1.175203569950813423e-03
-1.186779774093637066e-03
-8.263281845641179835e-04
-1.227098597462676155e-03
-8.922668915630197666e-04
-1.569092223016320051e-03
-1.130766432819762732e-03
-9.866818252767994759e-04
-4.866768693118228442e-04
-1.029544606986049172e-03
-1.225356068905494086e-03
-1.510611260156525040e-03
-1.422556974504695423e-03
-8.873229383733591182e-04
-9.676141165369382983e-04
-8.383996263892538143e-04
-1.125702043420543762e-03
-1.392339605629219768e-03
-1.172786296021385236e-03
-9.902291453233551515e-04
-8.216889855148539661e-04
-7.287343994614104347e-04
-8.967800965686883920e-04
-1.077625727520443001e-03
-1.335883044810774181e-03
-1.436868746219317023e-03
-9.733972027136074878e-04
-1.514033019822523096e-03
-9.544365816617347495e-04
-1.196608763367154040e-03
-7.736734757045482394e-04
-6.889210097488306485e-04
-1.053560096140785263e-03
-8.316858105064685574e-04
-9.884606384786404337e-04
-1.417684264076290350e-03
-1.031685888498011777e-03
-1.737751369523912823e-03
-1.305964508217231056e-03
-1.334131593702279081e-03
-1.110540118930472813e-03
-1.137869987550280820e-03
-1.006972795890757454e-03
-1.103626191589839175e-03
-5.719405435176939077e-04
-9.339037168080960944e-04
-1.283088507755170311e-03
-1.373109080440539607e-03
-1.061103070944503400e-03
-1.161873250527559317e-03
-1.586139802140602937e-03
-1.353772239153741997e-03
-9.663274931097887935e-04
-1.121023165426688045e-03
-1.374371586063232115e-03
-6.812236651193576001e-04
-7.281736560454882615e-04
-9.238332923662633499e-04
-1.277558588874594739e-03
-1.001663461620568019e-03
-1.420988747841503332e-03
-9.396764933625296155e-04
-1.329750049676717803e-03
-1.235857495779017594e-03
-1.316050494908490524e-03
-8.621398164613902973e-04
-9.354287521636240037e-04
-9.171141478116403298e-04
-8.943130769102189577e-04
-9.667905668056506240e-04
-8.247087702485760268e-04
-1.376904928820199114e-03
-1.192578903556027869e-03
-1.189860542290663596e-03
-1.005939250199033115e-03
-1.578334346831010556e-03
-9.853144687319217044e-04
-1.379142587350123701e-03
-5.920842815691973113e-04
-6.829367581453668883e-04
-6.924067252375488458e-04
-8.945650252838061338e-04
-1.031698215815423422e-03
-8.330784507711769043e-04
-8.108526332775277835e-04
-1.730351402716353302e-03
-1.644380083091120763e-03
-1.386264490632519754e-03
-1.283986617170450577e-03
-7.648986215488388397e-04
-1.373546140703062277e-03
-9.390716489049532982e-04
-4.188434033751527391e-04
-8.898260773156800368e-04
-1.093800646845638058e-03
-1.386855309484116925e-03
-1.001650601146835632e-03
-1.566849073255376090e-03
-1.309943314023011632e-03
-1.124416698232176765e-03
-1.164716492666982833e-03
-1.122404879369719643e-03
-1.224017504968131099e-03
-9.046785648400701299e-04
-1.034440949553685866e-03
-7.607744677831291581e-04
-1.139728703571240122e-03
-1.310785384007360057e-03
-1.376099873938117822e-03
-1.155803507854131097e-03
-1.914541238777514977e-03
-1.214099133896341448e-03
-1.094534501770655496e-03
-1.363411428176532561e-03
-9.871727661425874420e-04
-9.251693622920427115e-04
-7.296956747032623753e-04
-1.209745487044064068e-03
-1.209419614824693316e-03
-1.127993208739509930e-03
-1.145004821000945210e-03
-3.831998618510518173e-04
-1.527882752565110427e-03
-2.256155488926350934e-03
-1.366094592931134952e-03
-1.061859501449739437e-03
-1.122972729365267911e-03
-8.803913619198708166e-04
-8.134563968013961560e-04
-9.039680975096280871e-04
-1.093478253349015536e-03
-1.550479795385615667e-03
-9.577849488298122898e-04
-1.226561818263557533e-03
-1.280266072341734555e-03
-1.467875298944817464e-03
-1.171772361763047865e-03
-1.318912086079611747e-03
-1.142429005629824875e-03
-7.693894356590147117e-04
-7.841052919150683998e-04
-1.006866330391546945e-03
-7.185310788473721084e-04
-1.076890777787994869e-03
-1.321765132463572365e-03
-1.261173957223713903e-03
-1.550728836144576019e-03
-8.189243349919548111e-04
-1.347521222167857640e-03
-1.569168468962261294e-03
-7.648738448819657199e-04
-7.048556964392025314e-04
-9.626085183384822672e-04
-1.057023599516323988e-03
-1.181401725286452750e-03
-1.213624441571022538e-03
-9.134012646877964119e-04
-1.694429373336895587e-03
-1.881171697770150312e-03
-1.516611626539800684e-03
-1.049818046847467851e-03
-5.586436581578870745e-04
-1.383333634787946211e-03
-7.583160761228931266e-04
-8.981872431754911890e-04
-7.176338248818809728e-04
-9.383621682222795159e-04
-8.683821424342360717e-04
-8.885487010764114065e-04
-1.436417744310640628e-03
-1.454870639319441388e-03
-1.324971104643819743e-03
-1.200985616338233171e-03
-1.017332663793757506e-03
-9.834380108154979101e-04
-7.531972068861170081e-04
-1.081870767089470470e-03
-9.343975347459176906e-04
-1.164470192098874266e-03
-1.466412438304559801e-03
-1.160205521551109249e-03
-1.368389312092876953e-03
-1.841832061373214948e-03
-1.101674655255107738e-03
-8.713602837052465298e-04
-8.402917306110477443e-04
-1.278102596373396557e-03
-7.754166119792387868e-04
-1.052513778865070892e-03
-8.786532019400389824e-04
-9.884930101685502572e-04
-1.159682279245553968e-03
-1.329333846756686503e-03
-1.124385264692824397e-03
-1.430914044750569063e-03
-9.046886916223008347e-04
-9.789824026314810929e-04
-1.192688224988754098e-03
-1.184480943325458453e-03
-8.055562466690437216e-04
