-1.018050632527139985e-03
-8.902617808489968372e-04
-7.285688877416467623e-04
-8.245124720334014168e-04
-1.281357277775523832e-03
-8.379686431436878533e-04
-1.114182356545765154e-03
-9.586391073653309893e-04
-1.184495832026153956e-03
-1.141394894500266828e-03
-1.061912894948597360e-03
-9.900006518166900270e-04
-8.315260920349421339e-04
-7.368735746522654196e-04
-1.093711604593305357e-03
-1.151508082169003678e-03
-1.422232401292923207e-03
-8.388526370049372537e-04
-1.120501354529634909e-03
-1.506736666021400847e-03
-1.123649606592274025e-03
-1.032408712574147758e-03
-1.126872075037682348e-03
-7.722601862137195563e-04
-7.522374466021604193e-04
-1.246331611624829387e-03
-1.390909850046411584e-03
-1.478891153697911142e-03
-1.048009164054663654e-03
-9.326223155274102191e-04
-1.255166855757599599e-03
-1.147510337444756622e-03
-9.339894454766359180e-04
-1.028328770549459537e-03
-9.966899007172681704e-04
-1.047616399252800871e-03
-9.611853039727591072e-04
-7.355597385345900331e-04
-8.767295047677240664e-04
-8.144234007712251172e-04
-1.152165413555835110e-03
-2.022538181182326460e-03
-8.494580446592271466e-04
-1.187458773046611276e-03
-9.729491594038493577e-04
-1.029769099087692085e-03
-1.228504132150287729e-03
-9.185090911033723209e-04
-7.347871550022284839e-04
-1.019679310745502361e-03
-1.062161042768601646e-03
-9.361449390792370888e-04
-8.201842782549527769e-04
-5.936195808818175643e-04
-7.596547121539393502e-04
-9.389381960703655113e-04
-1.227953876194573437e-03
-8.076140830232845461e-04
-8.866750093451499426e-04
-8.865755637233441698e-04
-1.069230422142047670e-03
-1.002469022245716310e-03
-1.125010579898144984e-03
-1.179119303687440820e-03
-1.011061520571318638e-03
-1.142613774605760399e-03
-1.741190469012371790e-03
-8.855100476787746084e-04
-1.434236309362177126e-03
-8.077368300553467014e-04
-8.761289526264559070e-04
-7.551759347129070833e-04
-7.725478041732287146e-04
-1.394862162611589093e-03
-8.837298088548341127e-04
-9.581827226359032872e-04
-1.143880417158364173e-03
-9.927622675189853776e-04
-1.321569997179831632e-03
-9.579724595398136141e-04
-1.118183991867232685e-03
-1.000978853082164178e-03
-1.020454576577574596e-03
-8.383916103121804219e-04
-6.601233919260737163e-04
-8.639150645289496054e-04
-9.640937662846908252e-04
-1.112716352585805092e-03
-1.275240429208206270e-03
-1.037757663098920653e-03
-1.371854257695149766e-03
-1.233084291475549602e-03
-1.158077959725768453e-03
-9.856238107495108539e-04
-1.127665369898576530e-03
-7.574982368586000115e-04
-9.316472335103917609e-04
-1.113576811357351332e-03
-1.089459356629107843e-03
-1.297794514868717006e-03
-6.773140349975698788e-04
-1.089920241782349648e-03
-1.076461209108471985e-03
-1.624797552240367458e-03
-7.959610417884240442e-04
-9.048597564178509269e-04
-4.541781641429269126e-04
-8.172192215308469402e-04
-1.086050580593541206e-03
-8.144059762530058777e-04
-9.484127200199906097e-04
-1.169555498152847388e-03
-1.005312110117269429e-03
-1.292904338151901764e-03
-8.634971051248815270e-04
-1.385962109320142263e-03
-1.497220974753110103e-03
-1.328680574489157903e-03
-8.295033962007571961e-04
-7.194495100358221052e-04
-9.144375426534788335e-04
-1.084230524305635846e-03
-7.992227345051145394e-04
-1.212754935807370095e-03
-1.088076642778774321e-03
-9.978857406517428492e-04
-1.475200816737607746e-03
-9.971087969833176880e-04
-1.216855840563834659e-03
-8.666732480911181662e-04
-1.317358539346006902e-03
-1.068514357025554529e-03
-6.976682718263141998e-04
-1.024162933319031988e-03
-1.205268046926649423e-03
-4.003631298657778421e-04
-8.000060705731596453e-04
-1.067527920662647437e-03
-1.708344035771210308e-03
-1.451374243543982357e-03
-9.784244628684073217e-04
-1.278470947837555705e-03
-1.167614514815143185e-03
-9.943010129200874781e-04
-6.632566091590678947e-04
-1.190253090831271381e-03
-1.025478038372685911e-03
-9.131444719858992139e-04
-1.554841915159454893e-03
-1.595471354512555161e-03
-1.140750119590732336e-03
-1.332740387463098074e-03
-1.795036805251295402e-03
-1.186380103439494500e-03
-1.404538236149377277e-03
-5.312917147980262492e-04
-9.293987186597232105e-04
-1.231333611821245179e-03
-1.044491984902114765e-03
-1.318921774265137707e-03
-8.150411542544347106e-04
-9.874058008792385883e-04
-1.741556577910263271e-03
-1.264782747228922503e-03
-1.212042035661467032e-03
-1.330296175715044637e-03
-1.053851740797321886e-03
-9.534039039369400764e-04
-1.027484924418406789e-03
-1.073120698246516269e-03
-9.572435746720528741e-04
-1.114163726799383310e-03
-1.024652975167560445e-03
-1.055598173314542228e-03
-1.619950737721714655e-03
-1.488926877953146823e-03
-1.113490319175897266e-03
-1.118449494940555646e-03
-1.366018980286509178e-03
-1.094859856335105150e-03
-9.993866549931195321e-04
-1.229279201259875307e-03
-1.252461782915953491e-03
-1.270043020335642455e-03
-8.072390769433433668e-04
-8.527193297432655080e-04
-1.078428844004663016e-03
-1.292438588504798199e-03
-1.456089204202907876e-03
-1.074242841962098774e-03
-4.316889365090655593e-04
-9.522689407663778149e-04
-6.628482802690581314e-04
-7.307311514800708717e-04
-1.139598396389788094e-03
-1.302255314266045037e-03
-1.050879111116179198e-03
-8.109693304628720536e-04
-1.210330412170028923e-03
-1.417429126632099553e-03
-1.098735264938743459e-03
-1.027092787652311278e-03
-1.531334276983491562e-03
-1.009632985416474005e-03
-9.227158890135575987e-04
-9.971873556697985908e-04
-1.133573875844838845e-03
-1.034686356634339621e-03
-1.029796953441116563e-03
-1.217003970855336584e-03
-1.225692273467052186e-03
-1.065291465320865934e-03
-1.182627428230240228e-03
-1.076841619205068769e-03
-5.889218669395295588e-04
-3.773858094391707935e-04
-4.820209330712543717e-04
-1.035601270311393854e-03
-8.984928865580301977e-04
-1.047132867005776298e-03
-1.105280177000316248e-03
-7.666971847270133032e-04
-1.323483123512674128e-03
-1.627754299294363735e-03
-1.471383968091985635e-03
-1.562041268622183215e-03
-1.164711728971099544e-03
-8.101151357675081622e-04
-9.292900620558036803e-04
-8.957765608059614941e-04
-1.280828792594921250e-03
-1.028813655021452609e-03
-7.791341424863516135e-04
-1.498332612978428222e-03
-1.198891132050847793e-03
-1.401730649143607043e-03
-1.255196317610191275e-03
-1.085913524526248806e-03
-9.439884548227003239e-04
-9.284549428090606380e-04
-7.928264412685638455e-04
-1.211594186431126478e-03
-1.085982505032998804e-03
-4.827198559215953159e-04
-9.613623817026117945e-04
-9.122686421561774497e-04
-1.463086542244768995e-03
-1.253224356635814895e-03
-1.006363563522779574e-03
-9.897123947147374711e-04
-1.634316968202442722e-03
-1.091906447398777440e-03
-1.159720176744079810e-03
-1.101619150088934415e-03
-1.175297233547664992e-03
-1.071124339335180085e-03
-1.310205470746413471e-03
-9.657383858285652255e-04
-3.481807722114974002e-04
-1.413435413848057164e-03
-1.281874891979959633e-03
-1.109962252679167665e-03
-1.038306236168832879e-03
-6.256597399824543075e-04
-8.776969638458631149e-04
-1.074711214781710108e-03
-1.333161339098257962e-03
-8.740195341104629650e-04
-1.139149274047103911e-03
-9.676168977560759953e-04
-1.242869732710672262e-03
-1.294373808925823816e-03
-1.237926075841475114e-03
-1.232842082210051536e-03
-1.017764783151391388e-03
-6.891983290130336386e-04
-6.258384217991794403e-04
-1.036928088316598721e-03
-1.092403904923857890e-03
-1.126431541650400533e-03
-1.065092251070961886e-03
-1.382315663554023423e-03
-1.079471497189239031e-03
-1.434854002974644350e-03
-1.267142759849095284e-03
-1.079311695867195796e-03
-1.107180223570634154e-03
-9.938872789667959999e-04
-7.642993625169441658e-04
-9.594987709612934302e-04
-1.242867901583432841e-03
-1.445104247609659779e-03
-1.080876233941509973e-03
-9.506260698455214989e-04
-7.721626735756288240e-04
-1.125858990079688137e-03
-1.355128977593135064e-03
-1.190087180849404942e-03
-1.063701790919706694e-03
-1.048416873204852107e-03
-9.905934568311199236e-04
-1.099104307131079736e-03
-8.800559003790716772e-04
-1.235420984361502994e-03
-1.040453540048928314e-03
-9.387311781813030944e-04
-1.025000243961277915e-03
-1.297047305490144206e-03
-1.460177796705996751e-03
-1.342435401159592203e-03
-1.318945415655497187e-03
-7.936829758852012974e-04
-8.817144816269773628e-04
-1.142242893180628761e-03
-7.156375783441182347e-04
-1.256157480842392312e-03
-1.216372560907521237e-03
-1.493961740453501061e-03
-1.181813380648910269e-03
-9.587589948135082476e-04
-1.765563916658673170e-03
-1.052951303641522620e-03
-8.370441570929651595e-04
-6.338672271532403172e-04
-1.133808151803924504e-03
-8.573767166484035692e-04
-1.172636173386369402e-03
-1.332013668641989813e-03
-9.395890984921893450e-04
-1.480982067832400332e-03
-1.269451938538627891e-03
-1.023722178000509644e-03
-1.102664771370612294e-03
-1.004018176939409273e-03
-1.039149832204436718e-03
-7.654854770065309478e-04
-8.532853274881025676e-04
-9.308213145429406008e-04
-1.397415254020011998e-03
-1.285488775167668331e-03
-8.972208184424293942e-04
-1.534689447858452903e-03
-8.949476094935821186e-04
-1.367155800204122038e-03
-1.420922033517071524e-03
-1.474235085655757616e-03
-9.776361972978029214e-04
-1.075201704649322203e-03
-7.082606801214049938e-04
-7.749634617025638085e-04
-1.015550254486093920e-03
-1.300432193880970760e-03
-1.260254110183139237e-03
-9.305829229414527577e-04
-1.295753384835284265e-03
-9.150684767399645640e-04
-1.695221212823574963e-03
-1.388690926437128768e-03
-1.019315029938724481e-03
-9.687380206186720468e-04
