-1.046308268836813188e-03
-8.727411621984987843e-04
-7.946098779143516162e-04
-7.330399670531193316e-04
-1.002423847507107795e-03
-1.408459944714740390e-03
-8.562433934935190401e-04
-9.355949023373410101e-04
-1.484695242817153388e-03
-1.232078215586642888e-03
-6.384868498035290449e-04
-1.005709302910102196e-03
-7.728675665909835475e-04
-8.944454551857030462e-04
-1.090615379340708659e-03
-1.029239715572677219e-03
-1.247874440778330230e-03
-9.677544211063528364e-04
-1.398075049944332666e-03
-1.334424151518978641e-03
-1.204833336702677881e-03
-9.126811068081322562e-04
-9.736863346627848718e-04
-7.182316305401790450e-04
-8.102767194654200396e-04
-8.802234889453942283e-04
-9.387340131402933116e-04
-1.128687338190599619e-03
-1.249145077801413648e-03
-1.001404693901228804e-03
-1.430195986312366840e-03
-1.390241639322813182e-03
-1.376140710851619844e-03
-9.152423165832078130e-04
-1.238646117034683958e-03
-9.417932725088384253e-04
-8.444978463693922572e-04
-8.510030534591311348e-04
-1.624256788434432679e-03
-6.232345382392450199e-04
-6.168863938735631887e-04
-1.221947423067997656e-03
-9.232641898205401747e-04
-9.366901106548246097e-04
-1.375582850899519875e-03
-1.046707398797513044e-03
-8.933856398485105592e-04
-7.976698741380849238e-04
-8.513708115143840682e-04
-8.042679877685272394e-04
-1.260569695892911450e-03
-4.712284639699585039e-04
-1.032822069100013769e-03
-1.257383752032427155e-03
-9.777987186920435864e-04
-8.985543349013520691e-04
-1.037654096466497601e-03
-8.361086595646420637e-04
-9.293764933824163977e-04
-1.057550597164739516e-03
-9.138265513063923177e-04
-1.021463312572842841e-03
-7.958898227397888771e-04
-1.035899404352433328e-03
-1.888621296022692303e-03
-1.376732860698421691e-03
-9.143484209160159578e-04
-1.052888649963298548e-03
-1.368892815899742108e-03
-9.508582182014410286e-04
-8.292118186037441977e-04
-6.609553929519172786e-04
-1.009359277621072219e-03
-1.008263562229789762e-03
-6.723172008113879926e-04
-8.836338166536050797e-04
-9.528831896378791482e-04
-1.327259817655273904e-03
-1.207242808436900620e-03
-2.077517889028651556e-03
-1.059303146080175237e-03
-1.092869719481347549e-03
-8.962034510188669322e-04
-5.528716101653826558e-04
-9.601141509695077045e-04
-9.759318184274543657e-04
-1.128763258379512739e-03
-1.044822452614494650e-03
-8.071875188112980761e-04
-1.211723882881790516e-03
-1.249984295893131385e-03
-1.316719894832317017e-03
-1.282671083912777319e-03
-7.484958997645297643e-04
-8.563869195713535217e-04
-5.445939072705123073e-04
-6.008611282373807353e-04
-9.467057655982193121e-04
-9.561933874545771412e-04
-1.128332316472266048e-03
-7.312540358096103520e-04
-1.012237273281661222e-03
-1.188381995055799115e-03
-1.087966458485664471e-03
-1.205559329965378516e-03
-1.161016629348824748e-03
-8.342852274532264320e-04
-9.046483248119247282e-04
-7.045828639795582906e-04
-1.144851590543432846e-03
-1.103306404526717324e-03
-1.215795530864767276e-03
-9.739889193193749248e-04
-7.869561514775988073e-04
-1.203370765396842091e-03
-9.806018867217962485e-04
-8.982127975169510370e-04
-1.118652017460135695e-03
-1.226194444567048868e-03
-8.459071320844683802e-04
