-8.096794663752283645e-04
-8.425285819351097409e-04
-1.116908929900783552e-03
-1.199640848378174000e-03
-1.131665327508932749e-03
-1.088343329403332815e-03
-8.289508282358032474e-04
-1.283271922837770718e-03
-1.650466340113310084e-03
-9.427381852600059432e-04
-9.305039651202777007e-04
-8.831863771402518595e-04
-7.704142392910307566e-04
-1.029951378386817409e-03
-9.118048131257798158e-04
-1.211160804976764470e-03
-9.793928599595757081e-04
-1.156970900069711474e-03
-1.218293166531460130e-03
-6.958199079135434732e-04
-1.024355305395898688e-03
-7.662763667149749894e-04
-1.022635477096084031e-03
-9.281058950930251225e-04
-8.042711575460549352e-04
-8.709974965886076734e-04
-9.079282470093324878e-04
-6.846640879920735641e-04
-5.282314026231303564e-04
-1.090460120523694017e-03
-1.601816948762663315e-03
-1.505923985568150686e-03
-1.508604730487271778e-03
-1.228966392237106032e-03
-1.205001402109020592e-03
-7.702617852440700203e-04
-9.883679399629147731e-04
-1.356551605622448786e-03
-8.960444697804347425e-04
-1.051570018084612953e-03
-1.017102504041049330e-03
-1.068652864688067038e-03
-6.112754973614780568e-04
-7.991591843932887478e-04
-1.491225025945167775e-03
-1.282176606026540037e-03
-1.053833922397742285e-03
-8.265527449230293316e-04
-1.171557821938419390e-03
-7.849249933668532879e-04
-9.482038819235080740e-04
-1.096450314407268782e-03
-6.985103986971416589e-04
-7.669222377002549466e-04
-1.733653547190301680e-03
-1.294698439321397346e-03
-1.139189827696828698e-03
-1.239669365311782661e-03
-1.281879688347333651e-03
-5.633358555274066079e-04
-6.210067073303635618e-04
-9.207619617605588636e-04
-1.056926098171017455e-03
-1.014952029726952408e-03
-1.010080618973469707e-03
-1.172113664015584505e-03
-7.410422764230724987e-04
-1.358522956979980531e-03
-1.177445439998703975e-03
-1.202615482262623693e-03
-1.075776755099981533e-03
-8.680026073592580355e-04
-9.571307884710260382e-04
-1.007031805892663829e-03
-1.142553574502330836e-03
-1.226617755530672255e-03
-1.291481202484496757e-03
-8.675765353532453525e-04
-1.375581949722593823e-03
-1.153371304729889800e-03
-1.147116927099334910e-03
-1.161346920593171956e-03
-1.285869290641603263e-03
-6.164121211489093652e-04
-8.228760953188762189e-04
-1.156534105286820139e-03
-1.450517965879355138e-03
-1.246121666732566717e-03
-1.147299305478151517e-03
-1.114408319500860773e-03
-8.536578154808736538e-04
-1.524272733679556688e-03
-1.632190721062408943e-03
-9.884632275101599887e-04
-1.128495074900546461e-03
-8.170946334696359932e-04
-9.379036588238594220e-04
-8.530193908473627205e-04
-1.154272554325406347e-03
-1.094665499019421796e-03
-1.109507569430710295e-03
-1.326340519326918996e-03
-1.311101860401518758e-03
-9.994105811919962775e-04
-1.022533552839848502e-03
-5.415220505805977717e-04
-9.433668678830816516e-04
-9.927703236689751094e-04
-8.856027093337687879e-04
-1.038025618257455577e-03
-1.143854063311444116e-03
-1.316324147508698408e-03
-1.090444436336237850e-03
-1.011337177935995972e-03
-1.273126838944970860e-03
-1.107156463895399073e-03
-9.265127795451702725e-04
-1.136258218671037457e-03
-8.262363414236385427e-04
-7.110209251435207437e-04
-5.141275297797320929e-04
-1.020020294788779279e-03
-1.131210390858040709e-03
-1.145084315748814670e-03
-9.822473990085262008e-04
-1.272118467821332054e-03
-1.350024522827618671e-03
-8.888887529610674156e-04
-1.509270515168986953e-03
-1.389262272260435383e-03
-8.268755032259477019e-04
-8.163751904682656603e-04
-8.504673207592377887e-04
-9.999080804133034933e-04
-9.885840710685243633e-04
-5.619758919888068584e-04
-9.090275037473107608e-04
-1.237113585283347366e-03
-1.115229859351315935e-03
-1.321888354117708260e-03
-1.223470889445534742e-03
-1.069770263474098928e-03
-1.083920347024498266e-03
-7.928426099684776195e-04
-8.110671423666467430e-04
-8.556776849982389039e-04
-1.170099458504811991e-03
-1.292210663584600480e-03
-9.259652844630727282e-04
-1.131301097234964576e-03
-1.501703420012675313e-03
-8.369495764743407288e-04
-6.750208986799716105e-04
-1.237711307755965740e-03
-1.145799772191357811e-03
-7.408256531926711444e-04
-8.118811056033195745e-04
-8.236531088485550978e-04
-1.021860770977625144e-03
-9.226970859336526554e-04
-1.169767217366557421e-03
-5.937555324309979005e-04
-1.424370944717874782e-03
-1.435147782802039234e-03
-1.089302789685339364e-03
-1.295021151621306588e-03
-1.100039927585507674e-03
-6.722729682882425725e-04
-7.712893011487900220e-04
-8.527142299308666318e-04
-8.011740799754719748e-04
-1.016009828093887742e-03
-1.538219419943488145e-03
-1.351286572472417931e-03
-1.246870080233126532e-03
-8.871259872840286205e-04
-1.402453950147164192e-03
-6.558921553397805771e-04
-1.000183652539540389e-03
-1.071868039019637907e-03
-9.499714962969854713e-04
-9.752038816121213127e-04
-6.965088641401776881e-04
-8.955552758075691934e-04
-9.908542120831453134e-04
-1.281822548668644758e-03
-8.520028619324807170e-04
-1.439591304128892474e-03
-1.196074370611840141e-03
-1.446576579610291602e-03
-7.563857532293116488e-04
-9.849686550528838087e-04
-8.680803293478122837e-04
-7.883658520156963494e-04
-1.069408941719029137e-03
-9.393654502540943734e-04
-1.421467309243044843e-03
-1.486571436822351410e-03
-1.461319182185203541e-03
-1.150092424948504248e-03
-1.041509979896755676e-03
-7.245844739135238891e-04
-1.109795294287843669e-03
-1.068187784826395885e-03
-1.017540258779311285e-03
-7.990533450818857906e-04
-1.265930994259935848e-03
-1.221430693300858041e-03
-1.057575908849497232e-03
-8.919640676780593103e-04
-6.059831058379055394e-04
-1.038796228582720494e-03
-1.349818026880559001e-03
-8.421483469790387371e-04
-1.005403383979400342e-03
-9.486873463691540944e-04
-7.347582997098956424e-04
-1.191223826063658600e-03
-1.236778127281557699e-03
-1.452520207708349114e-03
-1.315044376892564272e-03
-8.030569926476395590e-04
-1.461969052747926065e-03
-1.256859506561039570e-03
-1.601569774715948680e-03
-1.355964368089291336e-03
-1.070335699268150061e-03
-9.793002339742590268e-04
-7.824103509304135111e-04
-1.253765568513095976e-03
-1.084847510823970691e-03
-1.202754839500798194e-03
-1.185393602990917044e-03
-1.040699462881656797e-03
-1.548481885750633853e-03
-8.584539148326275279e-04
-9.521281340123920059e-04
-1.282193571748458522e-03
-9.991541688419566195e-04
-1.101671545956113248e-03
-6.406269447452666525e-04
-7.928074067633295897e-04
-9.126645075768745081e-04
-1.113919938504695506e-03
-1.362609875904297963e-03
-1.462751407724414976e-03
-1.216458402085610156e-03
-1.470318247621873716e-03
-1.351964462071557002e-03
-1.106987424809607011e-03
-1.188207253772993440e-03
-5.946746177759158238e-04
-8.072905672913140802e-04
-1.128765425692888815e-03
-1.180732870240815266e-03
-1.118303190110545974e-03
-1.317469291255813670e-03
-1.009049596730030116e-03
-1.234506363631925150e-03
-7.020469447911052751e-04
-1.250233896520661428e-03
-9.481961739725728927e-04
-9.472558160279520622e-04
-8.048875979278625028e-04
-7.336682469548575338e-04
-1.180216014822486328e-03
-1.479021976156719544e-03
-1.146746329299819971e-03
-1.208660423999398381e-03
-1.004668519261476926e-03
-1.295753805422610733e-03
-9.683871614796568184e-04
-1.261351600554680820e-03
-9.308006744280654431e-04
-9.719940478496893847e-04
-6.511431892494382468e-04
-5.114335949547905600e-04
-7.366448566078931826e-04
-9.828367873779518538e-04
-1.075834199120725889e-03
-1.116506246580809339e-03
-9.452324591132921488e-04
-9.985498976051200570e-04
-1.330905237683804344e-03
-1.190768159180827408e-03
-1.287730571098097800e-03
-1.240811388700047927e-03
-7.321130527343822384e-04
-7.308604975067229444e-04
-8.085253469782777494e-04
-1.238667989093028554e-03
-7.620079160318174406e-04
-8.750513932642504369e-04
-9.396708361449755036e-04
-1.475040400195351629e-03
-9.256450298871513526e-04
-1.113605635589420438e-03
-1.176285778420216961e-03
-9.457331078598813249e-04
-1.082460895316385849e-03
-8.436092379601375360e-04
-1.011209593985844127e-03
-1.188540819384695376e-03
-3.341647544452852375e-04
-1.090990297498323301e-03
-9.337213024039888809e-04
-1.103617412567457507e-03
-1.116081972635907683e-03
-9.514736083002680016e-04
-8.576853890689965960e-04
-1.044623097204096934e-03
-8.688480106941705652e-04
-5.580309807440383312e-04
-1.078543478673551484e-03
-1.016165942961100993e-03
-1.334282055661240593e-03
-8.128161218158645295e-04
-1.410678704207961320e-03
-1.431617837388462437e-03
-1.123542594921349974e-03
-7.319122661886373572e-04
-1.012055683595980372e-03
-6.980534662307362210e-04
-7.808424198991090973e-04
-7.936756196167764864e-04
-8.803055547654448001e-04
-1.024301146534747908e-03
-9.164759855220159200e-04
-1.278203336826190745e-03
-1.159300811050927634e-03
-1.429447346601872559e-03
-7.536005222967913147e-04
-1.162870214354179898e-03
-8.794976490513779907e-04
-1.010799449885534584e-03
-8.656341743848139890e-04
-8.823771820500901164e-04
-1.299522131971078166e-03
-1.130348612745037421e-03
-1.044884313873509479e-03
-1.242409690203677506e-03
-9.334903766796103907e-04
-6.537911312709874904e-04
-9.444554364171943439e-04
-1.210372030903664750e-03
-1.358712527607336493e-03
-6.039629813485110138e-04
-9.024793861523981199e-04
-7.728880062036404697e-04
-1.008490986897846338e-03
-1.342431862472116561e-03
-1.470150738541823113e-03
-1.458612132070221702e-03
-1.025838169514052154e-03
-1.472223726288425820e-03
-1.455157884124285827e-03
-1.048446295303925597e-03
-6.776541904991666533e-04
-1.006398335583673408e-03
-7.663791207261002074e-04
-8.491349001000602194e-04
-1.167336662167625574e-03
-6.805935737234887007e-04
-1.350508196318825392e-03
-9.422964211016426157e-04
-7.339949741366071740e-04
-8.573380113089934789e-04
-9.441790311679661716e-04
-1.276622657898114936e-03
-1.185038810695889346e-03
-9.524413556732355983e-04
-8.269020652066806773e-04
-9.647822215866442902e-04
-8.654446854832967967e-04
-1.179944590908968719e-03
-1.040625933252364594e-03
-8.002598383475725656e-04
-1.216242379930822888e-03
-1.513409945474224584e-03
-1.186665540637069560e-03
-1.064382931624607538e-03
-1.191538223798781606e-03
-1.204055667362964469e-03
-7.792239070208036283e-04
-6.946264949971399025e-04
-1.087418833763220943e-03
-1.039042762104554814e-03
-8.608128783752221373e-04
-1.250475090971851820e-03
-5.620196021746396613e-04
-1.131603233103377869e-03
-4.752607535712270390e-04
-1.382095928169828391e-03
-1.239457585330694519e-03
-1.009688711901954609e-03
-6.245908640538660626e-04
-6.164743278127201047e-04
-9.609774285853561271e-04
-1.358347487893491867e-03
-1.280775126716001463e-03
-1.147960975608551797e-03
-1.266104880951699711e-03
-1.523372211209641407e-03
-1.557814505595709210e-03
-1.025857576415536857e-03
-1.318916601373666415e-03
-8.115276599032208646e-04
-6.995400503320023606e-04
-7.229904735990123985e-04
-6.829687127997201247e-04
-1.399042583520877098e-03
-1.616821725150460135e-03
-1.068838017682769001e-03
-9.036530133042148562e-04
-1.244556331793505609e-03
-1.018024594471266669e-03
-1.258198951188492639e-03
-9.510896033750376646e-04
-1.099789955776577345e-03
-6.143687426454119737e-04
-7.761293071192253102e-04
-1.201768343045453566e-03
-1.015200884794401548e-03
-6.547544140563850033e-04
-1.045243691906934261e-03
-1.011026504507235623e-03
-7.309644788170187660e-04
-1.253855536858287109e-03
-1.339015881101500395e-03
-1.303339738946242450e-03
-1.330435646513829923e-03
-9.828310431657047170e-04
-6.714987727157166898e-04
-1.069001944708180803e-03
-1.207839021268115138e-03
-1.017392038421049321e-03
-1.233390521365795162e-03
-8.829964638175451762e-04
-1.508689718774424001e-03
-1.017717368144837329e-03
-1.655163490312491640e-03
-1.469455179478498189e-03
-1.123703935407852289e-03
-8.068302219389626760e-04
-9.767632046916035777e-04
-9.988714229609921020e-04
-1.344921701051436961e-03
-1.035220612982816740e-03
-1.242604783505954795e-03
-7.486386834213141529e-04
-1.946113062442760564e-03
-1.281707290386699264e-03
-1.540004599054889877e-03
-1.237236044634818909e-03
-1.036335809007018485e-03
-7.825830958557474914e-04
-7.740963710627782107e-04
-1.054842196686605433e-03
-1.031309792845317829e-03
-9.784589803085884038e-04
-1.121851291806635377e-03
-1.406258094219063831e-03
-8.262447051212426031e-04
-1.002092589625995164e-03
-5.523151955647417552e-04
-6.409861563955727808e-04
-7.526460236000705097e-04
-6.998499704087551973e-04
-6.114172101264789922e-04
-9.842252011462945295e-04
-9.239900799679028184e-04
-1.133314867990670508e-03
-1.032695448544854178e-03
-7.693601653844905734e-04
-1.917372742740237239e-03
-8.831380864744875102e-04
-1.122639949874415380e-03
-8.671735160431671280e-04
-9.281983222254103954e-04
-9.629269377171833242e-04
