-1.573319812256765426e-02
-1.588922624699383446e-02
-1.525836421254401359e-02
-1.445729549353321625e-02
-1.411540268260675149e-02
-1.359055733482819259e-02
-1.291764479840367026e-02
-1.285754292632646130e-02
-1.312658876424848027e-02
-1.251955526931093805e-02
-1.232152358970021490e-02
-1.269570821702169922e-02
-1.289210014704925307e-02
-1.255069153266958996e-02
-1.284744820829170596e-02
-1.315433382333140028e-02
-1.326137796907763365e-02
-1.344983583403518493e-02
-1.390360729468132633e-02
-1.403333271882729709e-02
-1.428617076623292341e-02
-1.449428542497723134e-02
-1.446291471074801112e-02
-1.439540113691085629e-02
-1.403824426621819686e-02
-1.380788494134321982e-02
-1.376212429022416646e-02
-1.293688835818708645e-02
-1.276265762765736722e-02
-1.345836085868844408e-02
-1.337139099584116336e-02
-1.329521518006610524e-02
-1.393517027948595194e-02
-1.440014033384310818e-02
-1.431634937762282789e-02
-1.437104000554730553e-02
-1.477295384102035418e-02
-1.473393437287692613e-02
-1.403388581675244634e-02
-1.372402569541009143e-02
-1.311410773341776907e-02
-1.336944262487425872e-02
-1.350910093654723344e-02
-1.381427981250453810e-02
-1.362807777865479575e-02
-1.413283768924884602e-02
-1.310845666448585793e-02
-1.321090244649288613e-02
-1.334538349183276261e-02
-1.345975083531811972e-02
-1.295891462359577417e-02
-1.329617015338347558e-02
-1.282519912638235837e-02
-1.315500845327430106e-02
-1.334927128239845294e-02
-1.368050523645554864e-02
-1.331601450704814060e-02
-1.366310246715632740e-02
-1.383720203351307236e-02
-1.401272538835958946e-02
-1.487494691876539363e-02
-1.585557285749625289e-02
-1.557658366643105939e-02
-1.540756052454526036e-02
-1.455630353193555424e-02
-1.360872975674283329e-02
-1.314970218384890754e-02
-1.342978371491578178e-02
-1.368374926144800587e-02
-1.475189167346495009e-02
-1.489122195052914460e-02
-1.477762884217857613e-02
-1.481843332197361855e-02
-1.419946177823779541e-02
-1.357183842628728772e-02
-1.341059064725413918e-02
-1.288515466828054658e-02
-1.302430207627670519e-02
-1.350849250447936495e-02
-1.371260962817662764e-02
-1.440468806928644693e-02
-1.545005327401061980e-02
-1.502022643301946514e-02
-1.461685805309874409e-02
-1.487907548277386804e-02
-1.481141702230767514e-02
-1.527108795938450676e-02
-1.594892421617260039e-02
-1.674808188818133203e-02
-1.722240158530136817e-02
-1.683961148391972459e-02
-1.589010285115364379e-02
-1.565726351594397270e-02
-1.478060093092305530e-02
-1.339076418565431081e-02
-1.242356037449402276e-02
-1.234077120316214894e-02
-1.222372416377765988e-02
-1.222488101678512532e-02
-1.282748975645518069e-02
-1.351296275339943127e-02
-1.340570225196036774e-02
-1.292942426904725509e-02
-1.317043088589950166e-02
-1.313261833177724151e-02
-1.281284014985431020e-02
-1.262184463557787170e-02
-1.314902459998847951e-02
-1.302241311204852502e-02
-1.265544064954155987e-02
-1.271821515353318763e-02
-1.277451418136479541e-02
-1.278406147806284386e-02
-1.322450333391316304e-02
-1.338087159092538232e-02
-1.402124032530878243e-02
-1.445679433423000329e-02
-1.454287787605797709e-02
-1.433310300167439308e-02
-1.415470993395994553e-02
-1.452841069525069063e-02
-1.538700277045185021e-02
-1.567698144408496280e-02
-1.604917592540005059e-02
-1.665713047508082453e-02
-1.612843816207411296e-02
-1.482446856019426634e-02
-1.464622663497720974e-02
-1.402345991151226871e-02
-1.394798738037176730e-02
-1.444562027808539602e-02
-1.516584961408777056e-02
-1.546668420022948888e-02
-1.572852965922114446e-02
-1.556521774312689954e-02
-1.459940248323619155e-02
-1.374211525165568160e-02
-1.259030652333118817e-02
-1.231604063456567637e-02
-1.167585638662179369e-02
-1.217636631918139756e-02
-1.213890678069826090e-02
-1.281356666368083097e-02
-1.297932019588188442e-02
-1.333862566558915996e-02
-1.312735445656775142e-02
-1.362630954051080069e-02
-1.369396797090303465e-02
-1.367049896992587887e-02
-1.458728683937806671e-02
-1.512199082256605355e-02
-1.475115345043983943e-02
-1.490353260605085418e-02
-1.511285989044305715e-02
-1.460150169037509327e-02
-1.399828223299361303e-02
-1.430493068829103397e-02
-1.433352875643786710e-02
-1.377310185057325706e-02
-1.339811044531273934e-02
-1.330835738396984880e-02
-1.351493048087017146e-02
-1.307574253370754995e-02
-1.288919100364485995e-02
-1.301853596578439465e-02
-1.301703107674256898e-02
-1.235413782245207981e-02
-1.161417695911950466e-02
-1.196227850474921792e-02
-1.203793413757618322e-02
-1.284118158873752760e-02
-1.356195196955620012e-02
-1.440947395070300840e-02
-1.462057280490019692e-02
-1.431196045693165428e-02
-1.385157692614787626e-02
-1.358958450728096207e-02
-1.371986301383003662e-02
-1.368446150251353792e-02
-1.387141327237865519e-02
-1.370081331454760590e-02
-1.336158712753482587e-02
-1.322398832077548506e-02
-1.301481202050733255e-02
-1.303158665929610681e-02
-1.305597700265934830e-02
-1.327712749092218800e-02
-1.331580804441424848e-02
-1.346223936749690181e-02
-1.354793861676929258e-02
-1.391582803523003058e-02
-1.435162853686051607e-02
-1.455164888805787413e-02
-1.477899060361475593e-02
-1.460746863934522105e-02
-1.428546884229338863e-02
-1.408886903802037370e-02
-1.367743840205548622e-02
-1.390749323974584464e-02
-1.374211761835795326e-02
-1.378243231618701825e-02
-1.403093759305799361e-02
-1.459784615717581169e-02
-1.458180183475027251e-02
-1.561134451085308822e-02
-1.589414886608817024e-02
-1.519721510521776509e-02
-1.442676286060304985e-02
-1.374732666906008233e-02
-1.252743082592739331e-02
-1.191156449470630319e-02
-1.241403306994470768e-02
-1.270887317053469127e-02
-1.284666554007950906e-02
-1.283763756970681021e-02
-1.322560153954934273e-02
-1.339833448679807193e-02
-1.348734777032708360e-02
-1.358701560432867307e-02
-1.452278147529189982e-02
-1.490447940983964832e-02
-1.476998995713074692e-02
-1.461825340011273580e-02
-1.432395911227407267e-02
-1.419148124768980848e-02
-1.448864139359405667e-02
-1.465016724735808927e-02
-1.472542277188040351e-02
-1.512669059835995353e-02
-1.505223971325904235e-02
-1.450121935922652622e-02
-1.467612864604840930e-02
-1.515415653314751941e-02
-1.468538152985274757e-02
-1.385156507603824139e-02
-1.374140816818301969e-02
-1.371112676958242960e-02
-1.377650940363916304e-02
-1.422455980015608322e-02
-1.454671504713284449e-02
-1.479873450201315242e-02
-1.433972139057004824e-02
-1.396127939951839064e-02
-1.368672973233818480e-02
-1.406835215311730454e-02
-1.413811872043879876e-02
-1.449640820501372357e-02
-1.456152882892638480e-02
-1.460796479562607997e-02
-1.468592477225077672e-02
-1.455381844425574119e-02
-1.389928432763554329e-02
-1.394595943468933397e-02
-1.437684374589783681e-02
-1.451037705992348596e-02
-1.483390979895678717e-02
-1.544953042369646284e-02
-1.523677021468756825e-02
-1.479544912435813014e-02
-1.427969707146985699e-02
-1.380713970138458709e-02
-1.317642979799226767e-02
-1.289150944600502696e-02
-1.294445412834951264e-02
-1.278086378782366909e-02
-1.248373482376337155e-02
-1.258426334631318998e-02
-1.280061033709595751e-02
-1.267328926866563739e-02
-1.265534419896236287e-02
-1.261094633373431931e-02
-1.250983343100718626e-02
-1.266637215109464414e-02
-1.267634035563484571e-02
-1.364423167591060845e-02
-1.427363056524579010e-02
-1.580695530283264885e-02
-1.548217993307238020e-02
-1.534680446105388466e-02
-1.401176665870783322e-02
-1.299473579274490649e-02
-1.175002726182962712e-02
-1.176590854932631734e-02
-1.156471166686969844e-02
-1.168129563526842246e-02
-1.152848360449449175e-02
-1.121533356391258597e-02
-1.141474170021107744e-02
-1.169190131086755499e-02
-1.193273675141881540e-02
-1.236247950886688179e-02
-1.244201887251013793e-02
-1.188958179615534974e-02
-1.201692426172182131e-02
-1.182503892850945808e-02
-1.212592366264289047e-02
-1.168308048484808202e-02
-1.234128740688902534e-02
-1.263535845670655210e-02
-1.309624995216533347e-02
-1.329237095875820951e-02
-1.348739864576297548e-02
-1.393984467043386279e-02
-1.439826092197715041e-02
-1.475536228293397936e-02
-1.450449687060123907e-02
-1.509899186785332824e-02
-1.454935491700174235e-02
-1.355318338720887250e-02
-1.329516075603957501e-02
-1.360398962680544124e-02
-1.358110955347911070e-02
-1.316663666414872973e-02
-1.342922433298857424e-02
-1.307141030556522275e-02
-1.265561399244082529e-02
-1.258139413390987719e-02
-1.268310273723424579e-02
-1.265811148174786176e-02
-1.308146638948528596e-02
-1.310358951486705406e-02
-1.293495876598171890e-02
-1.266524187910060203e-02
-1.293654907106732421e-02
-1.355717608009096402e-02
-1.414332317229612633e-02
-1.438568474222847761e-02
-1.511209926065930700e-02
-1.504059948456415441e-02
-1.528006578058315086e-02
-1.461757389285291489e-02
-1.493601587135344813e-02
-1.493542203885833350e-02
-1.479666725305530187e-02
-1.347677374639412624e-02
-1.331922865095597035e-02
-1.234766590097630644e-02
-1.233392488940504919e-02
-1.206400949184640095e-02
-1.194815283568928174e-02
-1.211918157991821038e-02
-1.231535943349213423e-02
-1.166491017153517031e-02
-1.243123855895674271e-02
-1.296336361261968620e-02
-1.302128383989232564e-02
