1.390693973289065521e-01
1.424687935917366421e-01
1.419847041795340714e-01
1.417711543229719096e-01
1.399419801096276894e-01
1.381953588793597698e-01
1.366888303114516812e-01
1.360040036397625607e-01
1.357964152818340042e-01
1.317571384423672498e-01
1.308587954562805689e-01
1.294320244671932074e-01
1.310445198847446646e-01
1.289758074854035208e-01
1.328680169399983069e-01
1.363527648216404653e-01
1.386872945639576471e-01
1.369023113875300623e-01
1.382271477423880068e-01
1.398701814279775246e-01
1.397615403031522985e-01
1.403744854624771332e-01
1.398397518739026846e-01
1.373231646847367926e-01
1.342697267692225804e-01
1.358571486275953477e-01
1.329026901124355786e-01
1.342409647045618160e-01
1.388128148265726503e-01
1.450917229027254285e-01
1.431777022555858481e-01
1.483141198152831408e-01
1.513521572385798375e-01
1.510519361608506639e-01
1.454683705912127034e-01
1.419794213880474498e-01
1.404262796015245951e-01
1.403482335605076570e-01
1.391563907066787065e-01
1.422350504906110813e-01
1.430354676291851201e-01
1.436077094544695454e-01
1.415812282386468834e-01
1.432399253021382490e-01
1.408343081440155686e-01
1.403482479489564227e-01
1.385084169276524502e-01
1.384953255862152732e-01
1.371687170001678335e-01
1.378096234557839861e-01
1.367525019139672338e-01
1.385073957411805390e-01
1.371023401278459453e-01
1.370105115342691304e-01
1.361698153467538475e-01
1.394262306586218358e-01
1.344621408992679734e-01
1.327225481179387379e-01
1.357344074635572495e-01
1.392373795456175178e-01
1.417558546148939003e-01
1.449779156714309514e-01
1.481633712621260313e-01
1.483640006361383878e-01
1.453186263282987278e-01
1.395266125183601269e-01
1.395127988036014011e-01
1.387693431892936813e-01
1.353873089969662713e-01
1.395948648394551295e-01
1.434332925030806782e-01
1.428366485852166357e-01
1.459936504339566510e-01
1.474847279586053439e-01
1.418851182980385428e-01
1.397988004648747506e-01
1.385967101814458147e-01
1.350041733424101886e-01
1.337063528151096192e-01
1.372625702924172575e-01
1.382812524447217806e-01
1.430458778049797097e-01
1.431863269516422399e-01
1.493927373609040266e-01
1.482750632660706225e-01
1.476005738636255726e-01
1.473473446071390525e-01
1.499442232970977784e-01
1.470316323807613623e-01
1.513383979364031628e-01
1.516428657960811055e-01
1.528212661988921639e-01
1.559395825306031380e-01
1.545660809271794112e-01
1.484460392704932130e-01
1.486929060483817289e-01
1.441940827469806730e-01
1.395156177260408747e-01
1.385932729506748895e-01
1.388593918503223390e-01
1.389084571899729670e-01
1.382598321996435509e-01
1.356892875104676877e-01
1.338724496939297237e-01
1.362348736933199911e-01
1.364969753165496680e-01
1.396532436696967805e-01
1.399488792526729641e-01
1.436168694175042615e-01
1.424892408836361257e-01
1.414058016579171351e-01
1.405899863462158061e-01
1.429328686033841389e-01
1.431784483933976615e-01
1.464377834131785905e-01
1.474647432302068628e-01
1.475309419902392505e-01
1.472297509975286911e-01
1.460222339624560051e-01
1.468940854730571288e-01
1.456341947120866620e-01
1.477737603516895148e-01
1.504340646938241433e-01
1.528762167644041603e-01
1.492487272940707099e-01
1.530580090882722732e-01
1.498332387659199183e-01
1.473327729834636446e-01
1.440391522607039065e-01
1.475894854302244874e-01
1.512343040050912746e-01
1.531816667003492727e-01
1.550728014629461360e-01
1.567349006187820915e-01
1.515413131964123972e-01
1.448882006248519982e-01
1.442434307536132332e-01
1.397485354687887649e-01
1.367406914612123159e-01
1.382357202470302360e-01
1.382285307646573813e-01
1.340856402726785801e-01
1.345384870580649816e-01
1.355647833321806384e-01
1.336474223821521035e-01
1.306226749732256054e-01
1.337612635824674268e-01
1.331889329972909819e-01
1.313764033538367126e-01
1.332679252033509842e-01
1.363158928773676448e-01
1.409437600411668767e-01
1.466934715542341505e-01
1.516253841314892659e-01
1.513742951134569581e-01
1.488397569106382490e-01
1.463256210062908735e-01
1.431952372709034138e-01
1.442179114838699205e-01
1.444760867260673765e-01
1.471127426265047000e-01
1.437849295892789647e-01
1.441326404875478140e-01
1.388561319018360163e-01
1.409782689495841512e-01
1.451951727040674822e-01
1.490336707984776243e-01
1.480998519010123804e-01
1.444385994776287985e-01
1.422268402842746526e-01
1.364993351126031484e-01
1.322601836378453355e-01
1.308704174657274732e-01
1.347242702002404147e-01
1.307827975668866827e-01
1.307289477369825426e-01
1.323899330668306673e-01
1.337306739723620186e-01
1.345494865245806804e-01
1.405582077287060028e-01
1.419057898111835136e-01
1.389009784902252020e-01
1.375686482773744446e-01
1.374148007501692637e-01
1.340292223767998170e-01
1.315873211613506899e-01
1.332695148671821928e-01
1.328479872231279613e-01
1.315330630290191261e-01
1.284848814316622845e-01
1.315512222762360295e-01
1.336407727227803544e-01
1.366650631471808819e-01
1.373721468626172282e-01
1.416468793953148120e-01
1.410434425764227062e-01
1.439619442395421167e-01
1.442043784470570245e-01
1.489248011647608394e-01
1.497679218303801518e-01
1.475287163496583620e-01
1.460396399812149970e-01
1.463045514878407172e-01
1.441438623710988853e-01
1.449614835311573702e-01
1.478695515595366827e-01
1.460922115170736335e-01
1.429164623825878722e-01
1.417713532105456808e-01
1.397371816525871391e-01
1.373531637211272138e-01
1.352974000277754607e-01
1.382288097163837104e-01
1.385453258119620501e-01
1.372613238978374339e-01
1.363120505705107122e-01
1.355312958573146598e-01
1.311931449337862265e-01
1.268521427011971014e-01
1.301111331791617032e-01
1.331923215582113129e-01
1.380397649261188575e-01
1.403912127612177985e-01
1.422002130646433105e-01
1.405513195692037753e-01
1.410419245835025093e-01
1.408076932323941155e-01
1.397554630045002855e-01
1.454159534031835843e-01
1.476240968409304744e-01
1.491643635633712328e-01
1.510809514593953740e-01
1.511206453569078068e-01
1.446710760239511839e-01
1.433607209318628062e-01
1.401323690350788631e-01
1.367114936932921632e-01
1.399678263793854849e-01
1.472607236491361438e-01
1.489125735301058961e-01
1.542482932001197071e-01
1.544445578615220027e-01
1.528656086501238853e-01
1.454595224179987545e-01
1.430090386716377504e-01
1.396441914922131045e-01
1.387299954386738421e-01
1.387359765746320195e-01
1.427987718663644157e-01
1.439956853302040429e-01
1.430504237961334746e-01
1.418549251063571381e-01
1.436626564206865964e-01
1.452923686301801076e-01
1.438147357994845887e-01
1.448557588912081084e-01
1.459894593397621509e-01
1.428307139853132179e-01
1.383190648043334248e-01
1.380205871105620874e-01
1.380665070993321308e-01
1.349555199049063681e-01
1.344557271028558043e-01
1.335075843584490884e-01
1.334352651028893888e-01
1.292934896424412783e-01
1.279606758190008631e-01
1.248542321613058670e-01
1.222223640710581177e-01
1.181361440287825582e-01
1.187263324371694156e-01
1.206893671619278935e-01
1.242832031687915728e-01
1.254003406672078713e-01
1.321145016016089246e-01
1.394478363436064683e-01
1.432165240694303066e-01
1.482613493494379098e-01
1.538853381935041675e-01
1.553205407321608389e-01
1.516877157807660637e-01
1.543870206573046688e-01
1.541035153219127152e-01
1.543712432813966473e-01
1.526664572934653963e-01
1.532209724683525898e-01
1.493608008595022907e-01
1.450214581188371543e-01
1.473119773223136864e-01
1.462545371383612292e-01
1.443320467164615761e-01
1.440563935428750830e-01
1.487740003400782884e-01
1.437751750998965405e-01
1.436716642839504510e-01
1.467347327080763819e-01
1.484050678557347902e-01
1.434117450837220642e-01
1.454098983020230829e-01
1.431652625607967300e-01
1.396645142648291482e-01
1.373453305199897612e-01
1.391389717881490462e-01
1.389747841797846772e-01
1.403422266138174279e-01
1.406625972507754563e-01
1.408907836904594035e-01
1.407152187514384423e-01
1.384401595985006173e-01
1.360397085293849895e-01
1.352158348055278736e-01
1.338580835512251377e-01
1.317689780757064222e-01
1.331397119007306229e-01
1.338805050181690603e-01
1.344146410139122338e-01
1.347666858206745533e-01
1.326415097958185407e-01
1.305191790273965979e-01
1.300181843511381830e-01
1.279185138891383022e-01
1.275545236169515761e-01
1.274349448115875416e-01
1.259672935470007582e-01
1.288332142812578518e-01
1.314911350417484470e-01
1.324384250604149771e-01
1.393395883733319351e-01
1.423529905037867194e-01
1.435676475656995077e-01
1.442840851338890451e-01
1.470208773777509637e-01
1.485828017174450899e-01
1.546070362266618869e-01
1.543103580138752706e-01
1.553241017281228320e-01
1.572883858904333687e-01
1.561917321062689379e-01
1.534656518007589121e-01
1.526807318347200015e-01
1.555785634849761734e-01
1.550174506679176389e-01
1.519548381451700791e-01
1.553716315509463541e-01
1.553097641098495629e-01
1.509529256624470572e-01
