1.548025954514742064e-01
1.583580198387304905e-01
1.572430683920780781e-01
1.562284498165051327e-01
1.540573827922344374e-01
1.517859162141879659e-01
1.496064751098553636e-01
1.488615465660890202e-01
1.489230040460824966e-01
1.442766937116782000e-01
1.431803190459807751e-01
1.421277326842149136e-01
1.439366200317939160e-01
1.415264990180730986e-01
1.457154651482900076e-01
1.495070986449718586e-01
1.519486725330352894e-01
1.503521472215652577e-01
1.521307550370693262e-01
1.539035141468048096e-01
1.540477110693852236e-01
1.548687708874543767e-01
1.543026665846506940e-01
1.517185658216476385e-01
1.483079710354407721e-01
1.496650335689385658e-01
1.466648144026597433e-01
1.471778530627489145e-01
1.515754724542300036e-01
1.585500837614138847e-01
1.565490932514270184e-01
1.616093349953492408e-01
1.652873275180657964e-01
1.654520764946937617e-01
1.597847199688355313e-01
1.563504613935947640e-01
1.551992334425449371e-01
1.550821679333845848e-01
1.531902765234311459e-01
1.559590761860211727e-01
1.561495753626028771e-01
1.569771520793438180e-01
1.550903291751941082e-01
1.570542051146427975e-01
1.544623859226703644e-01
1.544810856382052566e-01
1.516168735921382960e-01
1.517062280327081680e-01
1.505141004920005909e-01
1.512693742911020989e-01
1.497114165375630079e-01
1.518035658945640076e-01
1.499275392542283036e-01
1.501655199875434332e-01
1.495190866291523091e-01
1.531067358950773949e-01
1.477781554063161140e-01
1.463856505850950618e-01
1.495716094970703236e-01
1.532501049339771160e-01
1.566308015336592974e-01
1.608334885289272043e-01
1.637399549285570854e-01
1.637715611606836430e-01
1.598749298602342717e-01
1.531353422751029481e-01
1.526625009874502947e-01
1.521991269042094752e-01
1.490710582584142685e-01
1.543467565129200691e-01
1.583245144536098159e-01
1.576142774273951996e-01
1.608120837559302574e-01
1.616841897368431480e-01
1.554569567243258288e-01
1.532093911121288898e-01
1.514818648497263665e-01
1.480284754186868834e-01
1.472148453195889772e-01
1.509751799205938938e-01
1.526859405140082171e-01
1.584959310789903209e-01
1.582065533846616912e-01
1.640095954140027568e-01
1.631541387488444905e-01
1.624119908859332495e-01
1.626184325665235575e-01
1.658931475132703892e-01
1.637797142689426944e-01
1.685607995217045241e-01
1.684824772800008197e-01
1.687113690500458008e-01
1.715968460465470968e-01
1.693466818581024769e-01
1.618368034561475099e-01
1.611164664228757482e-01
1.565348539501428271e-01
1.517393418898185242e-01
1.508181539674600113e-01
1.516868816067775128e-01
1.524214199433724104e-01
1.516655344516039117e-01
1.486187117795149393e-01
1.470428805798292271e-01
1.493674920250972205e-01
1.493098154664039834e-01
1.522750883052746418e-01
1.530979038526614489e-01
1.566392825295527813e-01
1.551446815331776752e-01
1.541240168114503262e-01
1.533645005275806050e-01
1.557169300814469914e-01
1.564029517273108350e-01
1.598186550041039711e-01
1.614859835555156331e-01
1.619877363244692503e-01
1.617726288735866769e-01
1.603553369641304016e-01
1.610487954070170813e-01
1.601626054073373440e-01
1.631607631221413668e-01
1.661110461379091130e-01
1.689253926898042213e-01
1.659058577691515379e-01
1.691864472503463723e-01
1.646577073261141777e-01
1.619789996184408665e-01
1.580626121722161770e-01
1.615374728105962443e-01
1.656799242831766827e-01
1.683475163144370346e-01
1.705394856631756162e-01
1.724634302780032324e-01
1.671065309395392828e-01
1.594876031080881829e-01
1.579855460052689287e-01
1.523388419921199444e-01
1.490567320957779940e-01
1.499115766336520383e-01
1.504048970838387789e-01
1.462245470533768410e-01
1.473520537217458126e-01
1.485441035280625210e-01
1.469860480477412634e-01
1.437500294297933690e-01
1.473875731229782327e-01
1.468829009681940079e-01
1.450469023237625776e-01
1.478552120427290562e-01
1.514378836999336897e-01
1.556949134916067179e-01
1.615970041602849960e-01
1.667382440219323247e-01
1.659757968038320652e-01
1.628380391436318742e-01
1.606305516945819023e-01
1.575287660273412826e-01
1.579910133344431811e-01
1.578741971713801262e-01
1.604211000104745488e-01
1.572998600701491223e-01
1.572083830212553657e-01
1.517453229054808728e-01
1.539968049153685459e-01
1.582122037808100512e-01
1.613878086209297180e-01
1.597140288601318903e-01
1.564008779823780060e-01
1.542647744218508254e-01
1.493405167013406865e-01
1.458221356074015373e-01
1.452798914164304678e-01
1.493448430051406151e-01
1.450947580238183265e-01
1.445805246631304275e-01
1.459795175741116224e-01
1.474505369861920656e-01
1.482339480270942200e-01
1.544296210010846493e-01
1.556066031257311300e-01
1.522625656177600262e-01
1.507926365981499262e-01
1.504296127706765962e-01
1.470608090360959186e-01
1.446432981640100313e-01
1.465466423581043842e-01
1.461637952675422236e-01
1.449953023965160348e-01
1.420328200484315684e-01
1.454670503114660618e-01
1.479924012596408600e-01
1.512167120352387595e-01
1.521511374662319893e-01
1.562543480346600400e-01
1.553289114187161035e-01
1.580508132775624852e-01
1.578818168491125107e-01
1.628322944045066945e-01
1.635100394487380981e-01
1.613111486658453941e-01
1.600705775742729819e-01
1.609023976450165150e-01
1.587256642058491596e-01
1.605728280420104515e-01
1.637637004256248530e-01
1.612894266222913986e-01
1.573432252431909151e-01
1.555186798796057701e-01
1.522646124785145272e-01
1.492647282158335031e-01
1.477114330977201684e-01
1.509376828869183895e-01
1.513919913520415661e-01
1.500989614675442563e-01
1.495376521100600653e-01
1.489296303441127178e-01
1.446804927041133171e-01
1.404391583055257797e-01
1.446339146544536047e-01
1.480968009680509734e-01
1.528097548832496044e-01
1.550094661613305447e-01
1.565241721769173866e-01
1.547428008168935942e-01
1.555305659770965521e-01
1.554578604797522134e-01
1.544808857763806942e-01
1.605426440015435274e-01
1.626763365541895046e-01
1.636655829225977521e-01
1.657570801054437937e-01
1.662748018900553348e-01
1.593564575538039263e-01
1.572122860079010476e-01
1.538737772032618689e-01
1.504226204628745789e-01
1.537443357830246549e-01
1.614852834492922218e-01
1.634592885772387372e-01
1.690470277021328682e-01
1.687842792520920510e-01
1.668268880496422690e-01
1.591462521503369254e-01
1.570773908247550532e-01
1.537823102126519015e-01
1.532264036436875587e-01
1.532975054035584095e-01
1.574067366619904818e-01
1.586816101024548231e-01
1.576042422403892140e-01
1.557542094339926797e-01
1.576086158553759442e-01
1.596692123760779514e-01
1.583251128594080626e-01
1.596896686901649043e-01
1.614389897634586069e-01
1.580674842000007740e-01
1.531145139286915480e-01
1.523002841820319531e-01
1.518736468007167162e-01
1.481319497028986409e-01
1.473472365488608382e-01
1.464520384867986080e-01
1.462161288907130596e-01
1.417772244662046377e-01
1.405449391653140478e-01
1.376548424984018193e-01
1.348956533397237534e-01
1.307914882277449176e-01
1.313372787709037315e-01
1.331992005929350797e-01
1.369495753198862187e-01
1.380766810228427066e-01
1.457587332775195366e-01
1.537214669088522723e-01
1.590234793722629658e-01
1.637435292825102917e-01
1.692321426545580487e-01
1.693323073908686860e-01
1.646824515735109684e-01
1.661370479191343064e-01
1.658694238712390412e-01
1.659359549482663510e-01
1.643477529287338257e-01
1.647494560728470780e-01
1.605761344234148680e-01
1.564361998190482439e-01
1.590038786331812448e-01
1.581872738897800446e-01
1.566945262253284510e-01
1.564984124153852296e-01
1.606635821362336347e-01
1.557920993616183636e-01
1.554967032124598969e-01
1.588606563707192776e-01
1.600881483405828809e-01
1.557530324906110930e-01
1.580452567587296298e-01
1.562615125129620530e-01
1.529568852235873577e-01
1.508327291657527436e-01
1.530788164585829003e-01
1.533730451017618346e-01
1.550975888967514038e-01
1.551670941213766919e-01
1.559897755583127266e-01
1.552645736684401812e-01
1.519933429857094898e-01
1.493348692854245541e-01
1.488198244323333252e-01
1.474391931047042414e-01
1.449356147398551398e-01
1.465689362337191937e-01
1.469519153237342779e-01
1.470702550063530678e-01
1.473480799545844322e-01
1.453246125330527883e-01
1.431772905091444614e-01
1.430996507406234741e-01
1.410221034040053667e-01
1.404894823829332950e-01
1.401001866906881332e-01
1.389038426180680685e-01
1.423903903613488175e-01
1.456344582140445820e-01
1.468241098026434599e-01
1.544516876339912526e-01
1.573935899883508738e-01
1.588477133462826707e-01
1.589016590267419704e-01
1.619568932491044222e-01
1.635182237563034269e-01
1.694037034797171992e-01
1.677871317602694090e-01
1.686433303790788041e-01
1.696360517914096699e-01
1.685256569956739836e-01
1.655296612926053235e-01
1.646288846704092868e-01
1.676977450648943768e-01
1.673328101014097680e-01
1.636197483167052547e-01
1.678028701099031073e-01
1.682731277224692457e-01
1.639742095023393742e-01
