1.386260551710923605e-01
1.564928175260623389e-01
1.532534950723250800e-01
1.620403025299310684e-01
1.636003069579601288e-01
1.564031771073738641e-01
1.509180602928002768e-01
1.481804021944602423e-01
1.511849674085775919e-01
1.522429740677277155e-01
1.455059715857108527e-01
1.471934175739685602e-01
1.484876895944277353e-01
1.279534157365560532e-01
1.467611007392406464e-01
1.402430397768815451e-01
1.562378543118635721e-01
1.364370845258235931e-01
1.488982463876406259e-01
1.657192682226499014e-01
1.524509092171986990e-01
1.482552277545134134e-01
1.453301236033439636e-01
1.577620419363180704e-01
1.664402528355518884e-01
1.565562083075443811e-01
1.454247062404950552e-01
1.324096197883287973e-01
1.407090680052836829e-01
1.732255655030409403e-01
1.415551124761501856e-01
1.479898995409409113e-01
1.543977167457342148e-01
1.755821245412031717e-01
1.632206129531065530e-01
1.668563211957613535e-01
1.663798621545235223e-01
1.552214616288741522e-01
1.472453419119119644e-01
1.460493200769027167e-01
1.611001814405123300e-01
1.657945346087217331e-01
1.457620045791069574e-01
1.610893402248620987e-01
1.470018159598112106e-01
1.652380650242169791e-01
1.563604200879732675e-01
1.555813842763503485e-01
1.481302442650000162e-01
1.470953145374854498e-01
1.509170047938823700e-01
1.568071922908226556e-01
1.496207465728124075e-01
1.519066132605075836e-01
1.393055257697900229e-01
1.613777515788873129e-01
1.474270590891440802e-01
1.508106502393881387e-01
1.486744464685519629e-01
1.572437720994154520e-01
1.347348491350809641e-01
1.404645349830389023e-01
1.667404447992642813e-01
1.670669236530860358e-01
1.741472550978263312e-01
1.557482841114203043e-01
1.549968669811884470e-01
1.668984759598970413e-01
1.475837671508391791e-01
1.404493171721696854e-01
1.533840776731570654e-01
1.526799965649843216e-01
1.512581327309211188e-01
1.739622584233681268e-01
1.603381068756183081e-01
1.498328925420840674e-01
1.686690282076597214e-01
1.556186626354853220e-01
1.428260933607816696e-01
1.491002788146336966e-01
1.411952612300713950e-01
1.514020810524622507e-01
1.515505121399959021e-01
1.616277663658062524e-01
1.576540817817052298e-01
1.702452140549818582e-01
1.499551925808191299e-01
1.805657222867012024e-01
1.573504830400148935e-01
1.539433424671491080e-01
1.712774224579334259e-01
1.663287673145532608e-01
1.699985560650626726e-01
1.812559093038240976e-01
1.535517312586307526e-01
1.724218813081582480e-01
1.807561522970596857e-01
1.587477351228396005e-01
1.437065172940492630e-01
1.499500460922718048e-01
1.495138189444939203e-01
1.567785919954379492e-01
1.541417955110470361e-01
1.480501554906368256e-01
1.536227377752462930e-01
1.457343914856513434e-01
1.415444786349932260e-01
1.462626395126183920e-01
1.596732127169767923e-01
1.533343549817800522e-01
1.605607556800047464e-01
1.456585563719272614e-01
1.639695328970750265e-01
1.522002077351013727e-01
1.482310313731431961e-01
1.567631742606560297e-01
1.574207041412591934e-01
1.673996411263942719e-01
1.692787241190671921e-01
1.565676741302013397e-01
1.592719381054242545e-01
1.563451668868462152e-01
1.603131815791130066e-01
1.727460163335005350e-01
1.521367241318027086e-01
1.742627266794443130e-01
1.710965819656848907e-01
1.743849143385887146e-01
1.576483417302370071e-01
1.685396715377767973e-01
1.516190270582834787e-01
1.577030434273183346e-01
1.548029771074652672e-01
1.750226449221372604e-01
1.892519289006789618e-01
1.649569872145851546e-01
1.686628901710112982e-01
1.644227001816034317e-01
1.482381482298175401e-01
1.511572897434234619e-01
1.574467017004887170e-01
1.404293701052665710e-01
1.480121506998936243e-01
1.525123709191878729e-01
1.536238919943571091e-01
1.365449515481789999e-01
1.460669034471114569e-01
1.539723997314771109e-01
1.447220935175816126e-01
1.374437989046176367e-01
1.547326700141032629e-01
1.435435426731904440e-01
1.447924065093199320e-01
1.587636421124140329e-01
1.553571571906407767e-01
1.760178189724683762e-01
1.730539960165818625e-01
1.704986058175563812e-01
1.549514060219129019e-01
1.396683688896397657e-01
1.649803817272186279e-01
1.575450676803787642e-01
1.728098423530658179e-01
1.543673252065976553e-01
1.524028830851117677e-01
1.493741820255915231e-01
1.570876824359098978e-01
1.454945417741934366e-01
1.656247352560361319e-01
1.734798774123191833e-01
1.652522062261899405e-01
1.487187836319208145e-01
1.289287873854239874e-01
1.549442174534002847e-01
1.488585888097683496e-01
1.476603007564941950e-01
1.460075626770655222e-01
1.492535453289747238e-01
1.336937925467888422e-01
1.462874220063289099e-01
1.546552653114000864e-01
1.533626597374677658e-01
1.531706005334854126e-01
1.646721574167410440e-01
1.521723326295614243e-01
1.379350777715444565e-01
1.460130146394173212e-01
1.513554813961187906e-01
1.478281387438376837e-01
1.400847782691319876e-01
1.474517987420161658e-01
1.440987791866064072e-01
1.455130170409878188e-01
1.330157270034154349e-01
1.572559295843044824e-01
1.600785534828901291e-01
1.602203330645958490e-01
1.501851441959539957e-01
1.535317798455556326e-01
1.526287465045849390e-01
1.736880627771218710e-01
1.593753509223461151e-01
1.749375319729248590e-01
1.569205050667127066e-01
1.416342925901214189e-01
1.674852073192596436e-01
1.635344512760639191e-01
1.640538647770881653e-01
1.661563242475191660e-01
1.575886545081933432e-01
1.551138383025924272e-01
1.438034443805615015e-01
1.549311379591623850e-01
1.498859872420628958e-01
1.425892331947883063e-01
1.473473627120256424e-01
1.599346933265527182e-01
1.572026802847782678e-01
1.434208378195762634e-01
1.397826864073673792e-01
1.443072538822889328e-01
1.386890051265557700e-01
1.359960082918405533e-01
1.643946195642153330e-01
1.570971179753541946e-01
1.678720234582821436e-01
1.496875615169604712e-01
1.435695383697748184e-01
1.554877627640962601e-01
1.610359437763690948e-01
1.675084959715604782e-01
1.448026880001028471e-01
1.738783294955889291e-01
1.661562255273262567e-01
1.659821756184101105e-01
1.779659818857908249e-01
1.473912969231605530e-01
1.392866078143318587e-01
1.554353677978118353e-01
1.492896315952142172e-01
1.607101981838544302e-01
1.639998735239108496e-01
1.779913461456696100e-01
1.653053934375444955e-01
1.772283272196849280e-01
1.593964559336503439e-01
1.542129175116618567e-01
1.395881666491428919e-01
1.549610868096351624e-01
1.607529241591691971e-01
1.566169230888287134e-01
1.545684263110160828e-01
1.601343229413032532e-01
1.613354540119568414e-01
1.553660848488410406e-01
1.473667590568462915e-01
1.638404584179321832e-01
1.704373055448134833e-01
1.546149564286073141e-01
1.621888640026251382e-01
1.561133644233147211e-01
1.469829306006431580e-01
1.456724541882673807e-01
1.505438076953093118e-01
1.600556770960489816e-01
1.374048789342244559e-01
1.430593648304541998e-01
1.411964638779560632e-01
1.493642597148815698e-01
1.378611549735069275e-01
1.312434524297714233e-01
1.286088814958930016e-01
1.274005180845657892e-01
1.288434341549873352e-01
1.405901076893011636e-01
1.405530615399281091e-01
1.473607551306486130e-01
1.330360465993483954e-01
1.672536954283714294e-01
1.804037758459647589e-01
1.670631238569816046e-01
1.709610046818852425e-01
1.604791134595870972e-01
1.677545191099246435e-01
1.571544967591762543e-01
1.743361055850982666e-01
1.696228844424088888e-01
1.608117688447237015e-01
1.598135090122620172e-01
1.591630124797423773e-01
1.534694973379373550e-01
1.489232114205757684e-01
1.736501629153887338e-01
1.557304852952559882e-01
1.516992741574843817e-01
1.524889282882213593e-01
1.697490600248177939e-01
1.492927490423122949e-01
1.542535045494635992e-01
1.685190399487813406e-01
1.586263881375392371e-01
1.480734807749589377e-01
1.607538703829050064e-01
1.453347833206256323e-01
1.519959035019079752e-01
1.480056078483661108e-01
1.593039172391096658e-01
1.622250135987997055e-01
1.539575022955735617e-01
1.523434296250343323e-01
1.521190150330463953e-01
1.556779077897469110e-01
1.458688601851463318e-01
1.406651337941487723e-01
1.497682053595781326e-01
1.452158583949009485e-01
1.431600159655014581e-01
1.540354676544666290e-01
1.425800292442242212e-01
1.503599037726720267e-01
1.466049831360578537e-01
1.330426788578430719e-01
1.432988575349251337e-01
1.421918304016192847e-01
1.399721670895814896e-01
1.439418780306974954e-01
1.310962003966172629e-01
1.373171371718247824e-01
1.596245691180229187e-01
1.561925063530603952e-01
1.498901359736919403e-01
1.692340895533561707e-01
1.520266489436229163e-01
1.668951859076817923e-01
1.564622347553571158e-01
1.651663070855041437e-01
1.770407420893510275e-01
1.814540475606918335e-01
1.588123273104429245e-01
1.607432278494040079e-01
1.701299141471584730e-01
1.714887681106726236e-01
1.664740690453485883e-01
1.543084441994627409e-01
1.760875298218293750e-01
1.683052393297354288e-01
1.529234591871500015e-01
1.873896780113379068e-01
1.566597322622934885e-01
1.545929387211799622e-01
