5.992914817349326295e-02
5.573458219751047105e-02
5.170831812204900596e-02
5.040012032089483118e-02
5.377868886207579774e-02
5.795862902450607534e-02
6.153777363997506300e-02
6.513727570618357832e-02
6.744985632297662015e-02
6.810046456181832741e-02
7.102473685372387435e-02
7.322515449923230890e-02
7.422431975331468534e-02
7.502469535878238116e-02
7.549233876246339014e-02
7.403033699811203960e-02
7.027702994382707680e-02
6.473739187786121951e-02
6.323922558852548836e-02
5.944298513738128370e-02
5.470175098986752860e-02
5.033167408892040562e-02
4.609494339172121036e-02
3.918908280824050933e-02
3.858471293321628220e-02
3.995898961117774761e-02
4.229922701815998914e-02
4.855700020597975008e-02
5.402469805291427313e-02
5.434054518506552245e-02
5.356842387506428188e-02
5.305646138605767115e-02
4.960941446559938295e-02
4.381406236846600855e-02
3.925344984317954977e-02
3.690869409665348960e-02
3.624284109604332393e-02
3.734125713854534456e-02
4.113864547383438985e-02
4.522966967000267846e-02
4.761620869446119009e-02
5.086244679682181552e-02
5.353118729961087174e-02
5.711086724580431012e-02
5.921359752070808752e-02
6.408726080674873038e-02
6.557836312204017026e-02
7.109458707006222067e-02
7.288806898577604443e-02
7.534650297699652111e-02
7.360199657462848655e-02
7.615032207977492917e-02
7.173979034317502779e-02
6.707263181087910753e-02
6.398877548466165577e-02
6.320755384610191041e-02
5.957577639395216645e-02
5.924179183590847636e-02
6.051594632032599591e-02
5.651815694072866159e-02
5.103625236500496098e-02
4.542812646333610482e-02
4.136888640570646897e-02
3.938145688336476546e-02
4.124802527426444515e-02
4.550765603418654992e-02
5.257434987167357993e-02
5.521170581181044507e-02
5.608918788805871553e-02
5.747735875629587932e-02
5.780762454599350231e-02
5.474108376625964195e-02
5.693760186568018467e-02
6.059292666680372863e-02
6.385266738088452021e-02
6.706914594436359789e-02
6.819803576066382766e-02
6.908938265302519421e-02
6.995703483498802444e-02
6.847694100136626771e-02
6.450995772362755343e-02
6.252548368647695143e-02
5.319707908624499160e-02
4.347242489114175323e-02
3.575235721650974613e-02
3.074002544163884423e-02
2.549590209894508561e-02
2.427452576208338070e-02
2.376895241142533768e-02
2.318180730960685623e-02
2.550883405857423680e-02
2.925485506420423890e-02
3.407285240782727265e-02
3.850653390787595054e-02
4.559279941493249444e-02
4.968166449171464161e-02
5.431642009780830727e-02
6.090486248821396636e-02
6.507737684692642410e-02
6.574217795880296644e-02
6.789491522188959016e-02
6.715513370969954099e-02
6.426080316765972467e-02
6.292725598007867238e-02
6.378987244509820576e-02
6.139984323975417047e-02
6.109134273563844586e-02
5.808095396425112800e-02
5.618576217161717207e-02
5.439945822698367267e-02
5.520040532799915661e-02
5.470744699835752844e-02
5.395097771952350740e-02
5.171472806572031261e-02
4.771666939735344504e-02
4.119825992797056247e-02
3.688799096554855328e-02
3.457563085129749386e-02
3.252113837968503840e-02
3.037206595556370126e-02
2.990820855413553470e-02
2.787662401407903223e-02
2.772535523803894286e-02
2.865158110945248415e-02
3.034943798878068227e-02
3.105597734594620074e-02
3.092772294987682427e-02
2.830508755761158846e-02
2.634759535333420361e-02
2.577892382249989678e-02
2.636123513174529892e-02
2.754334327286639753e-02
2.815488072038502612e-02
2.737343008394198252e-02
2.805056048923240675e-02
3.076697019014438747e-02
3.785934563569336858e-02
4.643949596442999150e-02
5.718517370210066120e-02
6.412608195470663464e-02
7.068349039739889317e-02
7.047781517746140589e-02
7.341540096179717534e-02
7.514450471777914253e-02
7.808660391917025823e-02
7.622327406934345517e-02
8.003938574305113907e-02
7.791344506258611469e-02
7.633898621328019662e-02
6.922393454879056940e-02
6.253130182982810648e-02
5.133722041890299848e-02
4.251724530679421715e-02
3.213175524467809518e-02
2.700895176081748519e-02
2.489850835898155604e-02
2.553547248047957283e-02
2.588349917755780605e-02
2.733915090882467133e-02
2.923027816211743249e-02
2.976197661677379772e-02
2.938135414486655120e-02
3.130512920236459135e-02
3.173094193390693651e-02
3.231490419604057807e-02
3.579718506506554543e-02
4.121084920212882141e-02
4.604814074981635613e-02
5.324406473752331392e-02
6.317571044566346050e-02
6.767188602515640528e-02
7.087000416218719456e-02
7.191040163500778126e-02
7.363446114807933873e-02
6.948708870283251682e-02
7.106797804347783631e-02
7.116317019002357802e-02
7.136193488258868456e-02
6.952297360597488318e-02
7.082364057617572539e-02
6.724283015355467241e-02
6.287380767971627316e-02
6.307386875002218840e-02
6.452611320928554328e-02
6.360091820364080495e-02
6.633972858471678946e-02
7.233691308744406856e-02
7.287676536555713624e-02
7.163634173339232525e-02
7.135944701537179358e-02
7.177144119438405578e-02
6.807105828387041702e-02
6.594008750398643037e-02
6.109498931436974090e-02
5.832742917682481182e-02
5.069308558054975988e-02
4.502499750695002079e-02
3.920887940934664889e-02
3.577244008387753943e-02
3.065243126826343312e-02
2.814843119538738489e-02
2.688862613259673101e-02
2.760687164022333773e-02
2.802755145608699927e-02
2.815150831945292462e-02
2.787675815728096751e-02
2.765177156027072772e-02
2.717371084988678617e-02
3.086006315921678567e-02
3.752573011103214201e-02
4.637735651133521181e-02
5.477133588321219521e-02
6.410802125574265042e-02
7.143660457368242178e-02
7.443929422103490179e-02
7.848985091162224981e-02
8.055272029014304280e-02
8.132129088044166842e-02
7.747279345834007236e-02
7.868424407788553177e-02
7.379956390553465972e-02
6.905060962114173417e-02
6.355223203790956454e-02
6.236393054180856821e-02
5.756362114188960655e-02
5.538235773225703290e-02
5.344433036152623079e-02
4.975252270397353266e-02
4.507190871864472093e-02
4.001352844557762994e-02
3.500251189985495448e-02
3.053101095434461454e-02
2.915454402171538742e-02
3.071417087391713555e-02
3.592073365412413316e-02
4.114754427799880571e-02
4.506503178328860604e-02
4.956609419479794665e-02
5.080863690876261107e-02
4.817159538094983873e-02
4.445771711011350935e-02
4.197816175325595062e-02
3.892111778001587641e-02
3.809654646668908518e-02
4.046378282863922343e-02
4.376135227565783326e-02
4.977845339702374750e-02
5.291952279397568043e-02
5.660564205730528320e-02
5.665219390963709134e-02
5.559702322740729674e-02
5.234087300632381951e-02
5.295096497696552551e-02
4.922046599507060027e-02
4.600633788832055732e-02
4.467146069355294735e-02
4.293925852751575428e-02
3.895925136550128925e-02
3.889708916196164823e-02
4.244284355186209168e-02
4.702592441976775894e-02
5.120495677747385205e-02
5.921018631609816646e-02
6.370920025971524292e-02
6.958940162730868628e-02
6.924734916829038134e-02
7.291260266307897364e-02
7.132070921458459611e-02
7.377895119328363449e-02
7.000373541571511260e-02
7.668168242089451470e-02
7.587037032935770031e-02
7.923862230187903033e-02
7.638428347030035148e-02
7.689949411433190385e-02
6.633489396093258939e-02
5.586066921008712993e-02
4.457412516201012670e-02
3.801353728471402321e-02
3.088403432997400763e-02
3.021543339736846787e-02
3.276939638860388443e-02
3.187853866375765788e-02
3.132388593618316841e-02
3.069624200864069785e-02
3.029759858883594378e-02
3.165679378135081296e-02
3.249646403074478440e-02
3.404707969518019212e-02
3.565028427887246415e-02
3.701477575622537375e-02
3.755008334259765657e-02
4.118571377354503238e-02
4.351464883640900755e-02
4.563677383648254843e-02
4.681693082495594349e-02
4.742279952356132783e-02
4.792678273692748542e-02
5.005316325582119530e-02
5.157574575769104108e-02
5.355085192038587516e-02
5.726741325570402358e-02
6.080810308388512331e-02
6.085376197637136497e-02
6.140674372460732527e-02
6.106916682824703457e-02
6.129743338556181698e-02
5.933538795723810461e-02
5.975414970330349129e-02
6.044927817321574248e-02
6.533617735367444612e-02
6.614430198339203704e-02
6.948423566839968812e-02
7.673958616311818415e-02
7.828534052629645967e-02
7.788544387634223354e-02
8.087962208859002244e-02
8.035616367512073144e-02
7.599591862332696901e-02
7.493625509475047852e-02
7.359963887914394709e-02
7.115466440445744611e-02
7.165214047806027498e-02
7.202955203247256299e-02
7.241126227697046447e-02
6.915705517846314210e-02
6.480677825165911954e-02
6.110634249441014576e-02
5.541701670226757692e-02
4.957190366064120890e-02
4.404042045710715447e-02
3.802227648360296391e-02
3.127498279413124666e-02
2.486686099272169409e-02
2.121569001561854004e-02
1.967028174026722379e-02
1.886476785788809146e-02
1.663808317865920344e-02
1.565037259926082766e-02
1.613408727027624417e-02
1.846506216682504420e-02
2.337397811120195748e-02
3.014781757389092820e-02
3.764653571264257176e-02
4.106085659309505198e-02
4.404474718357338781e-02
