7.018749508036610518e-02
7.445505740664278005e-02
6.381649097602348775e-02
5.051584581572873128e-02
4.067085158870516887e-02
4.921466520045214565e-02
5.432373702933546156e-02
5.727550197025266243e-02
6.740868852163355018e-02
6.157055240085659159e-02
6.711038827779702842e-02
7.232124736037803814e-02
6.883840505421782996e-02
7.066172971584212814e-02
7.619191386038437486e-02
7.811247650533914566e-02
7.731707363078992035e-02
7.284028308155636455e-02
7.299994673424710367e-02
6.888190503862763603e-02
5.934594123391434550e-02
4.961888330096068250e-02
6.534945163487766717e-02
5.401874447852605954e-02
4.517573430105888826e-02
3.749555672917873755e-02
2.843522981496467497e-02
3.082014871747418283e-02
5.099689510340491699e-02
5.204711769086619449e-02
4.919674376408996602e-02
5.972409575406345539e-02
5.815863795214681886e-02
5.257613076416115666e-02
4.818651114085999859e-02
4.663693131905688460e-02
4.248886115177204909e-02
2.918187746647997113e-02
2.977306813772884198e-02
3.646273240822969081e-02
4.330766631600605626e-02
4.798094136428213835e-02
4.816881914292518024e-02
5.022818911857029889e-02
4.839542753052228363e-02
5.953885682780916261e-02
6.132464387822741253e-02
6.606721887389237213e-02
6.074184049308920669e-02
7.276374396072544937e-02
6.699436840426642448e-02
8.890576361833761598e-02
7.503462845246151869e-02
7.303401044919155538e-02
6.404121194888527657e-02
7.973599592999865149e-02
6.685310493533809517e-02
5.169883579098192433e-02
5.761472881810428964e-02
6.013510375608651509e-02
6.157710866924995946e-02
6.518318214511964470e-02
5.806960821306953596e-02
3.762578192011763883e-02
3.272558087746801903e-02
3.353647916090570641e-02
4.488698185697140991e-02
4.813246060136103927e-02
4.695862387461602339e-02
5.402373467707851512e-02
6.886994834834088419e-02
5.807376155765572173e-02
5.251987098260239156e-02
5.389947821580184234e-02
5.567506362556665783e-02
5.353724444967156160e-02
6.905635205475846305e-02
7.079649498822011833e-02
7.019818178620577942e-02
7.175745644296209480e-02
5.918169353117264109e-02
7.351308651656533744e-02
7.513475589803420007e-02
6.279771261809703742e-02
5.192254005426851643e-02
4.925932334541963803e-02
2.687106351540554175e-02
2.651148492251801866e-02
2.419737424493699149e-02
2.686088117991403124e-02
2.303870663195084489e-02
2.076418183109699986e-02
2.398361816922782094e-02
2.126164873584457382e-02
3.849601492475093062e-02
4.176881166010085883e-02
4.485416854921216862e-02
4.615202566947118612e-02
5.669297627112731414e-02
5.894034030866161095e-02
6.494258969056924957e-02
7.779638050124049187e-02
6.701459746303346787e-02
6.001698183050999807e-02
6.970402662409469485e-02
6.124368212961902452e-02
6.332472779104136862e-02
6.034686152512828278e-02
6.433006415560764413e-02
5.775388059737451840e-02
5.970117960904038762e-02
4.827278393410475849e-02
5.087090256195855170e-02
5.539854443244015408e-02
6.175861610245192423e-02
5.723638796083226760e-02
4.449043753993464634e-02
3.968965429294257774e-02
3.540825109060582315e-02
2.916656875553750791e-02
3.568504314872219391e-02
3.292863696867934925e-02
2.941719193488031084e-02
2.466288896999913050e-02
2.684728174839667858e-02
2.552712044843967118e-02
3.217229308847890934e-02
3.404832129194801382e-02
3.315217336664014885e-02
3.037997853422425010e-02
2.488584846809279230e-02
1.905911612715271986e-02
2.426086027056110692e-02
3.030881571246861125e-02
3.329153508045123999e-02
3.079638917369829573e-02
2.211680336474586284e-02
2.035360708834588195e-02
3.369446773892074282e-02
4.687358358501114708e-02
6.625826640144320823e-02
6.501755500842894275e-02
7.408199577669923042e-02
6.839900900195061695e-02
7.966062579847250913e-02
6.522989030175570246e-02
7.970548393010783161e-02
8.272751455660909414e-02
8.310950500890612602e-02
7.034397654933854938e-02
8.431044867029413581e-02
6.907578052778262645e-02
7.485522031007955934e-02
4.753424668645796908e-02
3.688081295452624170e-02
2.834004161566857152e-02
2.497590496723872330e-02
2.292776999949897032e-02
2.192022926715490524e-02
2.632859594534660633e-02
3.152486222315865200e-02
2.671603845262988941e-02
3.020602865583328980e-02
3.137586553361870756e-02
2.898708821862842552e-02
2.962174986362242635e-02
3.633491374012010056e-02
3.233509231354503299e-02
3.429567684428688062e-02
4.639849256375327968e-02
5.669007054893882014e-02
6.052137147855773947e-02
6.831471225207981501e-02
8.395390538498759270e-02
6.887937046121805906e-02
7.268066123409273882e-02
6.572335884266067296e-02
7.693500981743757461e-02
6.321704315875346925e-02
7.678381716444467042e-02
7.315662196682144736e-02
6.671718230548624728e-02
6.774020343436859548e-02
6.972037800975765254e-02
5.887976505133944022e-02
5.131150959762938862e-02
6.771748765701583739e-02
7.500142573068539764e-02
6.509440298153397475e-02
7.257381695671938360e-02
8.129743211126576330e-02
7.041674904758110642e-02
6.879930756986141205e-02
6.370992939143131639e-02
7.463378785178065300e-02
6.279551755869761109e-02
5.976189514816118015e-02
4.457381662177795079e-02
4.987212870370664325e-02
3.646206987040537945e-02
3.445507719069892255e-02
3.068130466014433108e-02
2.739161999443240347e-02
2.427208462563612557e-02
2.394206950602513831e-02
2.815605187674563581e-02
3.427253219827738201e-02
2.949501907375070078e-02
2.489186894246575577e-02
2.256831869516536318e-02
2.703111889169444379e-02
3.188222864635766735e-02
4.792678062040067744e-02
5.822020370154253749e-02
6.682645069668069482e-02
6.900101575107935037e-02
7.856565550900995731e-02
8.456969721009954810e-02
7.323365193830493058e-02
8.707923414961744879e-02
7.931536264368332922e-02
8.240850846050307155e-02
6.532721009959156777e-02
7.929090503603219986e-02
6.265583328786306083e-02
5.557059122171873616e-02
5.491662054434224421e-02
5.938570261908656528e-02
5.528935803643738461e-02
5.174951623970022035e-02
4.588045436806472560e-02
3.645758225657876744e-02
3.598263269244247192e-02
2.999745667110194705e-02
2.669443351108687426e-02
2.352294964051300855e-02
2.957524759343262491e-02
4.378076695345119868e-02
5.603027057213694206e-02
5.282848663046024740e-02
4.311038716696202755e-02
5.208055965097931755e-02
4.999348052327453468e-02
4.284506293307307340e-02
3.425909527627860746e-02
3.071261038267418184e-02
3.679533978477896733e-02
4.587062395664057851e-02
5.468124474282376468e-02
5.074694251137164963e-02
6.079811598950376345e-02
5.250068676953863894e-02
6.430122027328859236e-02
5.491400400448279845e-02
4.547108910022264888e-02
4.451736488408641890e-02
5.555114662274718285e-02
4.564872536381395923e-02
3.884336347073258366e-02
3.879670312638457824e-02
3.585635405390045355e-02
3.565111081267483689e-02
4.533791434611581656e-02
5.657213542023479397e-02
6.171210746591290069e-02
5.675151584243091213e-02
7.567725850579638813e-02
6.783298406420119886e-02
8.597314225820203160e-02
6.000184517082137597e-02
7.507778331637382507e-02
6.771779126332451437e-02
8.012419395769636299e-02
6.709706337035943602e-02
9.339158019671837951e-02
7.102122285868972540e-02
8.455905112593124773e-02
6.585249979980289936e-02
6.967311659051726724e-02
4.056857942972177250e-02
1.865009910446246977e-02
2.812633088554624197e-02
3.304956041332237499e-02
3.402560181681716506e-02
3.722557476669408061e-02
3.141991406063956299e-02
2.367204226131510228e-02
3.027629677544988948e-02
3.088738217910484349e-02
3.523235766767029986e-02
3.821589002321390538e-02
2.787039350828498033e-02
3.802937509762690377e-02
3.890340509756621407e-02
4.205481505443486867e-02
4.089242795507530559e-02
4.604854566302189062e-02
4.967405041194675880e-02
4.951403009793390458e-02
4.795559999680184399e-02
4.392177144810224115e-02
4.856846172985266469e-02
6.030595300641531514e-02
5.712694260728312656e-02
5.783113081027598662e-02
6.250457812469296937e-02
6.627191087075819109e-02
6.053424746884653734e-02
5.989185134846290032e-02
5.614324632847456087e-02
6.364591091126688138e-02
5.646168372913962230e-02
6.262805619917344302e-02
6.336749369802419096e-02
8.057774223076800968e-02
6.768653405985484983e-02
7.316135215417791937e-02
9.890480867276589538e-02
7.109626551391556859e-02
7.857825898099690676e-02
8.265742512109379436e-02
7.054406008683145046e-02
7.710358341379712488e-02
6.579794787103310227e-02
7.189517790296424959e-02
7.043255274766124785e-02
7.303144045484562252e-02
7.899064118585859273e-02
6.770649909352262352e-02
5.562414241042764468e-02
4.868116811364112811e-02
5.452926166860076057e-02
5.054401222514570691e-02
3.848093388539079035e-02
2.796672639275736214e-02
1.859044824612017879e-02
2.079279322124216733e-02
1.850340321809795796e-02
2.022507899987502356e-02
2.023968501600078088e-02
1.456287883422451718e-02
9.659369825097741113e-03
1.356485032110607385e-02
2.264365235495209919e-02
3.189455949874477753e-02
3.910745855610908706e-02
4.352856713854258430e-02
5.105844101486430725e-02
3.971525675721446907e-02
4.681401245113647747e-02
